<?xml version="1.0" encoding="utf-8"?><testsuites name="pytest tests"><testsuite name="pytest" errors="0" failures="0" skipped="0" tests="24" time="9.357" timestamp="2026-03-25T01:39:44.809466+00:00" hostname="agent-env-a3b0e2bf-fd90-46b2-8fc0-56f1725979af"><testcase classname="backend.tests.test_iteration91_comprehensive_mobile_apis.TestAuthLogin" name="test_login_ceo_success" time="0.640" /><testcase classname="backend.tests.test_iteration91_comprehensive_mobile_apis.TestCEODashboardAPIs" name="test_ceo_health_returns_kpis" time="1.122" /><testcase classname="backend.tests.test_iteration91_comprehensive_mobile_apis.TestCEODashboardAPIs" name="test_ceo_revenue_returns_chart" time="0.295" /><testcase classname="backend.tests.test_iteration91_comprehensive_mobile_apis.TestCEODashboardAPIs" name="test_ceo_pipeline_returns_funnel" time="1.247" /><testcase classname="backend.tests.test_iteration91_comprehensive_mobile_apis.TestCEODashboardAPIs" name="test_ceo_users_returns_array" time="0.997" /><testcase classname="backend.tests.test_iteration91_comprehensive_mobile_apis.TestManagerDashboardAPIs" name="test_manager_overview_returns_kpis_charts_alerts" time="0.615" /><testcase classname="backend.tests.test_iteration91_comprehensive_mobile_apis.TestManagerDashboardAPIs" name="test_manager_staff_returns_array" time="0.171" /><testcase classname="backend.tests.test_iteration91_comprehensive_mobile_apis.TestManagerDashboardAPIs" name="test_manager_shifts_returns_array" time="0.172" /><testcase classname="backend.tests.test_iteration91_comprehensive_mobile_apis.TestManagerDashboardAPIs" name="test_manager_reports_sales_returns_data" time="0.276" /><testcase classname="backend.tests.test_iteration91_comprehensive_mobile_apis.TestManagerDashboardAPIs" name="test_manager_tips_detail_returns_data" time="0.168" /><testcase classname="backend.tests.test_iteration91_comprehensive_mobile_apis.TestManagerDashboardAPIs" name="test_manager_guests_returns_array" time="0.113" /><testcase classname="backend.tests.test_iteration91_comprehensive_mobile_apis.TestOwnerDashboardAPIs" name="test_owner_dashboard_business_view" time="0.614" /><testcase classname="backend.tests.test_iteration91_comprehensive_mobile_apis.TestOwnerDashboardAPIs" name="test_owner_finance_returns_data" time="0.347" /><testcase classname="backend.tests.test_iteration91_comprehensive_mobile_apis.TestOwnerDashboardAPIs" name="test_owner_growth_returns_data" time="0.295" /><testcase classname="backend.tests.test_iteration91_comprehensive_mobile_apis.TestOwnerDashboardAPIs" name="test_owner_insights_returns_data" time="0.365" /><testcase classname="backend.tests.test_iteration91_comprehensive_mobile_apis.TestOwnerDashboardAPIs" name="test_owner_system_returns_venues" time="0.227" /><testcase classname="backend.tests.test_iteration91_comprehensive_mobile_apis.TestOperationalModuleAPIs" name="test_tap_stats_returns_data" time="0.305" /><testcase classname="backend.tests.test_iteration91_comprehensive_mobile_apis.TestOperationalModuleAPIs" name="test_tap_catalog_returns_items" time="0.118" /><testcase classname="backend.tests.test_iteration91_comprehensive_mobile_apis.TestOperationalModuleAPIs" name="test_table_tables_returns_array" time="0.165" /><testcase classname="backend.tests.test_iteration91_comprehensive_mobile_apis.TestOperationalModuleAPIs" name="test_kds_tickets_returns_array" time="0.451" /><testcase classname="backend.tests.test_iteration91_comprehensive_mobile_apis.TestOperationalModuleAPIs" name="test_rewards_config_returns_data" time="0.127" /><testcase classname="backend.tests.test_iteration91_comprehensive_mobile_apis.TestWebAppAccessibility" name="test_landing_page_loads" time="0.108" /><testcase classname="backend.tests.test_iteration91_comprehensive_mobile_apis.TestWebAppAccessibility" name="test_app_dashboard_loads" time="0.127" /><testcase classname="backend.tests.test_iteration91_comprehensive_mobile_apis.TestMobileServiceEndpoints" name="test_tap_sessions_open" time="0.170" /></testsuite></testsuites>