<?xml version="1.0" encoding="utf-8"?><testsuites name="pytest tests"><testsuite name="pytest" errors="0" failures="0" skipped="0" tests="18" time="5.321" timestamp="2026-03-12T06:53:14.862627+00:00" hostname="agent-env-b328355b-6e0c-4a62-940d-a458dc488fff"><testcase classname="backend.tests.test_iteration37_tips.TestTipPropagation" name="test_01_login_successful" time="0.418" /><testcase classname="backend.tests.test_iteration37_tips.TestTipPropagation" name="test_02_get_barmen_list" time="0.111" /><testcase classname="backend.tests.test_iteration37_tips.TestTipPropagation" name="test_03_get_catalog_items" time="0.120" /><testcase classname="backend.tests.test_iteration37_tips.TestTipPropagation" name="test_04_shift_overview_before_tip" time="0.103" /><testcase classname="backend.tests.test_iteration37_tips.TestTipPropagation" name="test_05_staff_costs_before_tip" time="0.132" /><testcase classname="backend.tests.test_iteration37_tips.TestTipPropagation" name="test_06_open_new_tab_with_bartender" time="0.230" /><testcase classname="backend.tests.test_iteration37_tips.TestTipPropagation" name="test_07_add_item_with_bartender_id" time="0.324" /><testcase classname="backend.tests.test_iteration37_tips.TestTipPropagation" name="test_08_verify_bartender_id_in_session_meta" time="0.414" /><testcase classname="backend.tests.test_iteration37_tips.TestTipPropagation" name="test_09_close_tab_with_bartender_id" time="0.483" /><testcase classname="backend.tests.test_iteration37_tips.TestTipPropagation" name="test_10_record_tip_after_close" time="0.531" /><testcase classname="backend.tests.test_iteration37_tips.TestTipPropagation" name="test_11_staff_costs_shows_tips" time="0.105" /><testcase classname="backend.tests.test_iteration37_tips.TestTipPropagation" name="test_12_shift_overview_shows_tips" time="0.172" /><testcase classname="backend.tests.test_iteration37_tips.TestTipPropagation" name="test_13_tips_consistency_both_sections" time="0.212" /><testcase classname="backend.tests.test_iteration37_tips.TestTipPropagation" name="test_14_guest_tab_detail_shows_tip" time="0.756" /><testcase classname="backend.tests.test_iteration37_tips.TestTipPropagation" name="test_15_shift_drilldown_tips" time="0.100" /><testcase classname="backend.tests.test_iteration37_tips.TestBarInsideTabs" name="test_pulse_inside_returns_guests" time="0.434" /><testcase classname="backend.tests.test_iteration37_tips.TestManagerShiftOpsWebSocket" name="test_shift_overview_endpoint" time="0.475" /><testcase classname="backend.tests.test_iteration37_tips.TestManagerShiftOpsWebSocket" name="test_staff_costs_endpoint" time="0.120" /></testsuite></testsuites>