<?xml version="1.0" encoding="utf-8"?><testsuites name="pytest tests"><testsuite name="pytest" errors="0" failures="0" skipped="0" tests="16" time="2.814" timestamp="2026-02-27T06:19:29.364026+00:00" hostname="agent-env-baab7602-1c73-42fb-a30a-98865143ba36"><testcase classname="backend.tests.test_iteration8_features.TestBlockUnblockWristband" name="test_block_wristband" time="0.628" /><testcase classname="backend.tests.test_iteration8_features.TestBlockUnblockWristband" name="test_guest_profile_shows_blocked" time="0.106" /><testcase classname="backend.tests.test_iteration8_features.TestBlockUnblockWristband" name="test_unblock_wristband" time="0.129" /><testcase classname="backend.tests.test_iteration8_features.TestBlockUnblockWristband" name="test_guest_profile_shows_unblocked" time="0.108" /><testcase classname="backend.tests.test_iteration8_features.TestTabStatus" name="test_tab_status_no_tabs" time="0.113" /><testcase classname="backend.tests.test_iteration8_features.TestTAPSessions" name="test_get_active_sessions" time="0.100" /><testcase classname="backend.tests.test_iteration8_features.TestTAPSessions" name="test_open_new_tab" time="0.120" /><testcase classname="backend.tests.test_iteration8_features.TestTAPSessions" name="test_get_session_details" time="0.249" /><testcase classname="backend.tests.test_iteration8_features.TestTAPSessions" name="test_add_custom_item_to_session" time="0.234" /><testcase classname="backend.tests.test_iteration8_features.TestTAPSessions" name="test_close_tab_with_payment" time="0.321" /><testcase classname="backend.tests.test_iteration8_features.TestTAPStats" name="test_get_tap_stats" time="0.097" /><testcase classname="backend.tests.test_iteration8_features.TestTAPStats" name="test_get_tap_config" time="0.105" /><testcase classname="backend.tests.test_iteration8_features.TestTAPCatalog" name="test_get_catalog" time="0.100" /><testcase classname="backend.tests.test_iteration8_features.TestGuestProfile" name="test_get_guest_profile" time="0.109" /><testcase classname="backend.tests.test_iteration8_features.TestInsideGuests" name="test_get_inside_guests" time="0.117" /><testcase classname="backend.tests.test_iteration8_features.TestTodayEntries" name="test_get_today_entries" time="0.100" /></testsuite></testsuites>