<?xml version="1.0" encoding="utf-8"?><testsuites name="pytest tests"><testsuite name="pytest" errors="0" failures="0" skipped="0" tests="13" time="2.757" timestamp="2026-02-27T23:59:57.537423+00:00" hostname="agent-env-77a8ecee-73e7-4f17-998b-82b7c3cec76a"><testcase classname="backend.tests.test_iteration24_p0_features.TestOwnerDashboardViewSwitcher" name="test_owner_dashboard_business_view" time="0.618" /><testcase classname="backend.tests.test_iteration24_p0_features.TestOwnerDashboardViewSwitcher" name="test_owner_dashboard_venue_view" time="0.113" /><testcase classname="backend.tests.test_iteration24_p0_features.TestOwnerDashboardViewSwitcher" name="test_owner_dashboard_events_view" time="0.114" /><testcase classname="backend.tests.test_iteration24_p0_features.TestOwnerDashboardViewSwitcher" name="test_owner_dashboard_default_view" time="0.116" /><testcase classname="backend.tests.test_iteration24_p0_features.TestOwnerPeopleOps" name="test_owner_people_returns_venues_and_events" time="0.134" /><testcase classname="backend.tests.test_iteration24_p0_features.TestOwnerPeopleOps" name="test_owner_venue_staff_drilldown" time="0.114" /><testcase classname="backend.tests.test_iteration24_p0_features.TestOwnerPeopleOps" name="test_owner_event_staff_drilldown" time="0.269" /><testcase classname="backend.tests.test_iteration24_p0_features.TestManagerGuestsSortedBySpend" name="test_manager_guests_sorted_by_spend" time="0.131" /><testcase classname="backend.tests.test_iteration24_p0_features.TestManagerGuestsSortedBySpend" name="test_manager_guests_search" time="0.104" /><testcase classname="backend.tests.test_iteration24_p0_features.TestManagerGuestsSortedBySpend" name="test_manager_guest_detail_profile" time="0.244" /><testcase classname="backend.tests.test_iteration24_p0_features.TestManagerGuestsSortedBySpend" name="test_manager_guest_detail_with_specific_id" time="0.104" /><testcase classname="backend.tests.test_iteration24_p0_features.TestOwnerDashboardIntegration" name="test_all_views_return_valid_data" time="0.388" /><testcase classname="backend.tests.test_iteration24_p0_features.TestOwnerDashboardIntegration" name="test_owner_venues_endpoint_consistency" time="0.131" /></testsuite></testsuites>