<?xml version="1.0" encoding="utf-8"?><testsuites name="pytest tests"><testsuite name="pytest" errors="0" failures="0" skipped="0" tests="14" time="5.812" timestamp="2026-03-12T07:36:29.527504+00:00" hostname="agent-env-2756ac4a-6834-4fe4-a109-198e392fdc0e"><testcase classname="backend.tests.test_p1_features_iteration39.TestP1BackendFeatures" name="test_01_manager_revenue_breakdown_endpoint_exists" time="0.448" /><testcase classname="backend.tests.test_p1_features_iteration39.TestP1BackendFeatures" name="test_02_manager_revenue_breakdown_structure" time="0.388" /><testcase classname="backend.tests.test_p1_features_iteration39.TestP1BackendFeatures" name="test_03_manager_revenue_breakdown_session_details" time="0.385" /><testcase classname="backend.tests.test_p1_features_iteration39.TestP1BackendFeatures" name="test_04_ceo_kpi_breakdown_mrr" time="0.391" /><testcase classname="backend.tests.test_p1_features_iteration39.TestP1BackendFeatures" name="test_05_ceo_kpi_breakdown_gross_revenue" time="0.385" /><testcase classname="backend.tests.test_p1_features_iteration39.TestP1BackendFeatures" name="test_06_ceo_kpi_breakdown_net_profit" time="0.379" /><testcase classname="backend.tests.test_p1_features_iteration39.TestP1BackendFeatures" name="test_07_ceo_kpi_breakdown_venue_structure" time="0.385" /><testcase classname="backend.tests.test_p1_features_iteration39.TestP1BackendFeatures" name="test_08_ceo_companies_endpoint" time="0.368" /><testcase classname="backend.tests.test_p1_features_iteration39.TestP1BackendFeatures" name="test_09_ceo_company_has_management_fields" time="0.404" /><testcase classname="backend.tests.test_p1_features_iteration39.TestP1BackendFeatures" name="test_10_ceo_update_company_modules" time="0.515" /><testcase classname="backend.tests.test_p1_features_iteration39.TestP1BackendFeatures" name="test_11_ceo_update_company_status" time="0.497" /><testcase classname="backend.tests.test_p1_features_iteration39.TestP1BackendFeatures" name="test_12_p0_inside_now_panel" time="0.395" /><testcase classname="backend.tests.test_p1_features_iteration39.TestP1BackendFeatures" name="test_13_p0_tap_sessions_active" time="0.374" /><testcase classname="backend.tests.test_p1_features_iteration39.TestP1BackendFeatures" name="test_14_p0_manager_overview" time="0.426" /></testsuite></testsuites>