<?xml version="1.0" encoding="utf-8"?><testsuites name="pytest tests"><testsuite name="pytest" errors="0" failures="0" skipped="0" tests="7" time="3.444" timestamp="2026-02-27T06:59:31.347440+00:00" hostname="agent-env-4abca7f9-3360-4017-bd67-089263e3ff0e"><testcase classname="backend.tests.test_critical_bugs.TestVoidItemFromTab" name="test_open_tab_add_item_and_void" time="1.117" /><testcase classname="backend.tests.test_critical_bugs.TestKDSSendToKitchen" name="test_send_items_to_kds_with_session_id" time="0.911" /><testcase classname="backend.tests.test_critical_bugs.TestKDSRouting" name="test_drink_routes_to_bar" time="0.540" /><testcase classname="backend.tests.test_critical_bugs.TestTableAddItem" name="test_add_item_to_occupied_table" time="0.294" /><testcase classname="backend.tests.test_critical_bugs.TestHeaderElements" name="test_tap_stats_no_revenue_in_response" time="0.099" /><testcase classname="backend.tests.test_critical_bugs.TestHeaderElements" name="test_tap_config" time="0.097" /><testcase classname="backend.tests.test_critical_bugs.TestExitModal" name="test_tab_status_endpoint" time="0.326" /></testsuite></testsuites>