<?xml version="1.0" encoding="utf-8"?><testsuites name="pytest tests"><testsuite name="pytest" errors="0" failures="0" skipped="0" tests="9" time="2.625" timestamp="2026-03-12T18:28:36.667791+00:00" hostname="agent-env-2756ac4a-6834-4fe4-a109-198e392fdc0e"><testcase classname="backend.tests.test_iteration41_rules.TestRule2PositiveFinancials" name="test_shift_overview_positive_result" time="0.709" /><testcase classname="backend.tests.test_iteration41_rules.TestRule2PositiveFinancials" name="test_manager_overview_positive_revenue" time="0.143" /><testcase classname="backend.tests.test_iteration41_rules.TestRule2PositiveFinancials" name="test_ceo_health_positive_net_profit" time="0.493" /><testcase classname="backend.tests.test_iteration41_rules.TestStaffEarningsTipAttribution" name="test_staff_costs_tip_breakdown" time="0.128" /><testcase classname="backend.tests.test_iteration41_rules.TestStaffEarningsTipAttribution" name="test_staff_with_tips" time="0.132" /><testcase classname="backend.tests.test_iteration41_rules.TestInsideTabsAllGuests" name="test_pulse_inside_all_guests" time="0.144" /><testcase classname="backend.tests.test_iteration41_rules.TestInsideTabsAllGuests" name="test_pulse_inside_has_open_and_closed" time="0.119" /><testcase classname="backend.tests.test_iteration41_rules.TestAuthentication" name="test_teste_login" time="0.353" /><testcase classname="backend.tests.test_iteration41_rules.TestAuthentication" name="test_ceo_login" time="0.337" /></testsuite></testsuites>