<?xml version="1.0" encoding="utf-8"?><testsuites name="pytest tests"><testsuite name="pytest" errors="0" failures="0" skipped="0" tests="11" time="5.547" timestamp="2026-02-27T21:13:54.179339+00:00" hostname="agent-env-466638ca-7161-4e9e-98a5-988e53ca65fe"><testcase classname="backend.tests.test_iteration17_five_features.TestFeature1PulseGuestToday" name="test_get_today_entries_returns_tab_number" time="0.518" /><testcase classname="backend.tests.test_iteration17_five_features.TestFeature2TableServerAssignment" name="test_get_tables_returns_server_name" time="0.529" /><testcase classname="backend.tests.test_iteration17_five_features.TestFeature2TableServerAssignment" name="test_assign_server_endpoint" time="0.231" /><testcase classname="backend.tests.test_iteration17_five_features.TestFeature3ManagerFunnelDrilldown" name="test_funnel_detail_entries" time="0.459" /><testcase classname="backend.tests.test_iteration17_five_features.TestFeature3ManagerFunnelDrilldown" name="test_funnel_detail_allowed" time="0.119" /><testcase classname="backend.tests.test_iteration17_five_features.TestFeature3ManagerFunnelDrilldown" name="test_funnel_detail_tabs_open" time="0.139" /><testcase classname="backend.tests.test_iteration17_five_features.TestFeature3ManagerFunnelDrilldown" name="test_funnel_detail_tabs_closed" time="0.117" /><testcase classname="backend.tests.test_iteration17_five_features.TestFeature4TablesByServer" name="test_tables_by_server_endpoint" time="0.449" /><testcase classname="backend.tests.test_iteration17_five_features.TestFeature5AIInsights" name="test_ai_insights_endpoint" time="2.294" /><testcase classname="backend.tests.test_iteration17_five_features.TestRegression" name="test_manager_overview_still_works" time="0.468" /><testcase classname="backend.tests.test_iteration17_five_features.TestRegression" name="test_owner_overview_still_works" time="0.137" /></testsuite></testsuites>