<?xml version="1.0" encoding="utf-8"?><testsuites name="pytest tests"><testsuite name="pytest" errors="0" failures="1" skipped="0" tests="12" time="2.995" timestamp="2026-02-27T09:17:19.330884+00:00" hostname="agent-env-d482824d-ae33-4e51-9fc3-43cefd55a3e6"><testcase classname="backend.tests.test_iteration14_features.TestLogin" name="test_login_returns_token" time="0.425" /><testcase classname="backend.tests.test_iteration14_features.TestTAPCatalog" name="test_get_catalog_returns_items" time="0.466" /><testcase classname="backend.tests.test_iteration14_features.TestTAPCatalog" name="test_catalog_has_expected_categories" time="0.102" /><testcase classname="backend.tests.test_iteration14_features.TestTAPSessions" name="test_get_sessions_returns_tab_numbers" time="0.098" /><testcase classname="backend.tests.test_iteration14_features.TestTableAPI" name="test_get_tables_returns_tab_numbers" time="0.101" /><testcase classname="backend.tests.test_iteration14_features.TestKDSTickets" name="test_get_kds_tickets_kitchen" time="0.149" /><testcase classname="backend.tests.test_iteration14_features.TestKDSTickets" name="test_get_kds_tickets_bar" time="0.119" /><testcase classname="backend.tests.test_iteration14_features.TestKDSDelayedStatus" name="test_update_status_to_delayed_is_valid" time="0.202" /><testcase classname="backend.tests.test_iteration14_features.TestKDSDelayedStatus" name="test_all_valid_statuses" time="0.837" /><testcase classname="backend.tests.test_iteration14_features.TestBarCategories" name="test_bar_uses_drink_categories" time="0.105" /><testcase classname="backend.tests.test_iteration14_features.TestStaffAPI" name="test_get_barmen" time="0.109" /><testcase classname="backend.tests.test_iteration14_features.TestTableDetail" name="test_get_table_detail" time="0.201"><failure message="assert 405 == 200&#10; +  where 405 = &lt;Response [405]&gt;.status_code">backend/tests/test_iteration14_features.py:251: in test_get_table_detail
    assert detail_response.status_code == 200
E   assert 405 == 200
E    +  where 405 = &lt;Response [405]&gt;.status_code</failure></testcase></testsuite></testsuites>