<?xml version="1.0" encoding="utf-8"?><testsuites name="pytest tests"><testsuite name="pytest" errors="0" failures="1" skipped="0" tests="27" time="4.882" timestamp="2026-03-25T02:14:37.575000+00:00" hostname="agent-env-7b601c2d-983e-41fb-b80d-26081ffe6483"><testcase classname="backend.tests.test_iteration92_password_reset_team_invite.TestLoginFlows" name="test_ceo_login_success" time="0.554" /><testcase classname="backend.tests.test_iteration92_password_reset_team_invite.TestLoginFlows" name="test_demo_login_success" time="0.373" /><testcase classname="backend.tests.test_iteration92_password_reset_team_invite.TestLoginFlows" name="test_onboarding_login_success" time="0.365" /><testcase classname="backend.tests.test_iteration92_password_reset_team_invite.TestForgotPassword" name="test_forgot_password_existing_email" time="0.385" /><testcase classname="backend.tests.test_iteration92_password_reset_team_invite.TestForgotPassword" name="test_forgot_password_nonexistent_email" time="0.091" /><testcase classname="backend.tests.test_iteration92_password_reset_team_invite.TestForgotPassword" name="test_forgot_password_missing_email" time="0.051" /><testcase classname="backend.tests.test_iteration92_password_reset_team_invite.TestResetPassword" name="test_reset_password_invalid_token" time="0.059" /><testcase classname="backend.tests.test_iteration92_password_reset_team_invite.TestResetPassword" name="test_reset_password_missing_token" time="0.048" /><testcase classname="backend.tests.test_iteration92_password_reset_team_invite.TestResetPassword" name="test_reset_password_short_password" time="0.061" /><testcase classname="backend.tests.test_iteration92_password_reset_team_invite.TestManagerResetPassword" name="test_manager_reset_requires_auth" time="0.060" /><testcase classname="backend.tests.test_iteration92_password_reset_team_invite.TestManagerResetPassword" name="test_manager_reset_requires_management_role" time="0.483" /><testcase classname="backend.tests.test_iteration92_password_reset_team_invite.TestManagerResetPassword" name="test_manager_reset_rejects_system_accounts" time="0.466" /><testcase classname="backend.tests.test_iteration92_password_reset_team_invite.TestTeamInvite" name="test_invite_requires_auth" time="0.046" /><testcase classname="backend.tests.test_iteration92_password_reset_team_invite.TestTeamInvite" name="test_invite_creates_invite" time="0.516" /><testcase classname="backend.tests.test_iteration92_password_reset_team_invite.TestTeamInvite" name="test_invite_rejects_duplicate_pending" time="0.425" /><testcase classname="backend.tests.test_iteration92_password_reset_team_invite.TestTeamInvite" name="test_invite_validates_role" time="0.050" /><testcase classname="backend.tests.test_iteration92_password_reset_team_invite.TestTeamInvitesList" name="test_list_invites_requires_auth" time="0.050" /><testcase classname="backend.tests.test_iteration92_password_reset_team_invite.TestTeamInvitesList" name="test_list_invites_returns_array" time="0.051" /><testcase classname="backend.tests.test_iteration92_password_reset_team_invite.TestAcceptInvite" name="test_accept_invite_invalid_token" time="0.048" /><testcase classname="backend.tests.test_iteration92_password_reset_team_invite.TestAcceptInvite" name="test_accept_invite_missing_token" time="0.050" /><testcase classname="backend.tests.test_iteration92_password_reset_team_invite.TestCancelInvite" name="test_cancel_invite_requires_auth" time="0.051" /><testcase classname="backend.tests.test_iteration92_password_reset_team_invite.TestCancelInvite" name="test_cancel_invite_not_found" time="0.056" /><testcase classname="backend.tests.test_iteration92_password_reset_team_invite.TestAuthPermissions" name="test_permissions_requires_auth" time="0.046" /><testcase classname="backend.tests.test_iteration92_password_reset_team_invite.TestAuthPermissions" name="test_permissions_returns_user_info" time="0.165" /><testcase classname="backend.tests.test_iteration92_password_reset_team_invite.TestPaymentStatus" name="test_payment_status_requires_auth" time="0.044" /><testcase classname="backend.tests.test_iteration92_password_reset_team_invite.TestPaymentStatus" name="test_payment_status_returns_info" time="0.134" /><testcase classname="backend.tests.test_iteration92_password_reset_team_invite.TestWebhookIdempotency" name="test_webhook_requires_valid_payload" time="0.048"><failure message="AssertionError: Unexpected status: {&quot;status&quot;:&quot;error&quot;,&quot;message&quot;:&quot;Unexpected error processing webhook: 'type'&quot;}&#10;assert 200 in [400, 422, 500]&#10; +  where 200 = &lt;Response [200]&gt;.status_code">backend/tests/test_iteration92_password_reset_team_invite.py:465: in test_webhook_requires_valid_payload
    assert response.status_code in [400, 422, 500], f"Unexpected status: {response.text}"
E   AssertionError: Unexpected status: {"status":"error","message":"Unexpected error processing webhook: 'type'"}
E   assert 200 in [400, 422, 500]
E    +  where 200 = &lt;Response [200]&gt;.status_code</failure></testcase></testsuite></testsuites>