<?xml version="1.0" encoding="utf-8"?><testsuites name="pytest tests"><testsuite name="pytest" errors="0" failures="0" skipped="0" tests="17" time="8.341" timestamp="2026-03-25T01:26:10.503984+00:00" hostname="agent-env-a3b0e2bf-fd90-46b2-8fc0-56f1725979af"><testcase classname="backend.tests.test_iteration90_mobile_dashboard_apis.TestAuthLogin" name="test_login_ceo_success" time="0.590" /><testcase classname="backend.tests.test_iteration90_mobile_dashboard_apis.TestCEODashboardAPIs" name="test_ceo_health_returns_kpis" time="1.127" /><testcase classname="backend.tests.test_iteration90_mobile_dashboard_apis.TestCEODashboardAPIs" name="test_ceo_revenue_returns_chart" time="0.328" /><testcase classname="backend.tests.test_iteration90_mobile_dashboard_apis.TestCEODashboardAPIs" name="test_ceo_pipeline_returns_funnel" time="1.342" /><testcase classname="backend.tests.test_iteration90_mobile_dashboard_apis.TestCEODashboardAPIs" name="test_ceo_users_returns_array" time="1.057" /><testcase classname="backend.tests.test_iteration90_mobile_dashboard_apis.TestManagerDashboardAPIs" name="test_manager_overview_returns_kpis_charts_alerts" time="0.682" /><testcase classname="backend.tests.test_iteration90_mobile_dashboard_apis.TestManagerDashboardAPIs" name="test_manager_staff_returns_array" time="0.207" /><testcase classname="backend.tests.test_iteration90_mobile_dashboard_apis.TestManagerDashboardAPIs" name="test_manager_reports_sales_returns_data" time="0.336" /><testcase classname="backend.tests.test_iteration90_mobile_dashboard_apis.TestOwnerDashboardAPIs" name="test_owner_dashboard_business_view" time="0.699" /><testcase classname="backend.tests.test_iteration90_mobile_dashboard_apis.TestOwnerDashboardAPIs" name="test_owner_finance_returns_data" time="0.296" /><testcase classname="backend.tests.test_iteration90_mobile_dashboard_apis.TestOperationalModuleAPIs" name="test_tap_stats_returns_data" time="0.325" /><testcase classname="backend.tests.test_iteration90_mobile_dashboard_apis.TestOperationalModuleAPIs" name="test_table_tables_returns_array" time="0.171" /><testcase classname="backend.tests.test_iteration90_mobile_dashboard_apis.TestOperationalModuleAPIs" name="test_kds_tickets_returns_array" time="0.510" /><testcase classname="backend.tests.test_iteration90_mobile_dashboard_apis.TestOperationalModuleAPIs" name="test_rewards_config_returns_data" time="0.121" /><testcase classname="backend.tests.test_iteration90_mobile_dashboard_apis.TestMobileServiceEndpoints" name="test_tap_sessions_open" time="0.205" /><testcase classname="backend.tests.test_iteration90_mobile_dashboard_apis.TestMobileServiceEndpoints" name="test_tap_catalog" time="0.115" /><testcase classname="backend.tests.test_iteration90_mobile_dashboard_apis.TestMobileServiceEndpoints" name="test_manager_shifts" time="0.122" /></testsuite></testsuites>