<?xml version="1.0" encoding="utf-8"?><testsuites name="pytest tests"><testsuite name="pytest" errors="0" failures="0" skipped="0" tests="24" time="4.466" timestamp="2026-03-18T19:13:08.425541+00:00" hostname="agent-env-1246ac1e-9265-40c9-ba37-8e9c22393a1c"><testcase classname="backend.tests.test_iteration50_onboarding_features.TestOnboardingPlansAPI" name="test_get_plans_returns_200" time="0.258" /><testcase classname="backend.tests.test_iteration50_onboarding_features.TestOnboardingPlansAPI" name="test_get_plans_returns_3_plans" time="0.142" /><testcase classname="backend.tests.test_iteration50_onboarding_features.TestOnboardingPlansAPI" name="test_plans_have_correct_structure" time="0.086" /><testcase classname="backend.tests.test_iteration50_onboarding_features.TestOnboardingPlansAPI" name="test_starter_plan_details" time="0.103" /><testcase classname="backend.tests.test_iteration50_onboarding_features.TestOnboardingPlansAPI" name="test_growth_plan_details" time="0.084" /><testcase classname="backend.tests.test_iteration50_onboarding_features.TestOnboardingPlansAPI" name="test_enterprise_plan_details" time="0.075" /><testcase classname="backend.tests.test_iteration50_onboarding_features.TestOnboardingLeadAPI" name="test_lead_capture_success" time="0.120" /><testcase classname="backend.tests.test_iteration50_onboarding_features.TestOnboardingLeadAPI" name="test_lead_capture_missing_name" time="0.090" /><testcase classname="backend.tests.test_iteration50_onboarding_features.TestOnboardingLeadAPI" name="test_lead_capture_missing_email" time="0.127" /><testcase classname="backend.tests.test_iteration50_onboarding_features.TestOnboardingLeadAPI" name="test_lead_capture_invalid_plan" time="0.193" /><testcase classname="backend.tests.test_iteration50_onboarding_features.TestOnboardingCheckoutAPI" name="test_checkout_creates_session" time="1.027" /><testcase classname="backend.tests.test_iteration50_onboarding_features.TestOnboardingCheckoutAPI" name="test_checkout_missing_plan_id" time="0.080" /><testcase classname="backend.tests.test_iteration50_onboarding_features.TestOnboardingCheckoutAPI" name="test_checkout_invalid_plan_id" time="0.089" /><testcase classname="backend.tests.test_iteration50_onboarding_features.TestLoginAPI" name="test_login_test_user_success" time="0.404" /><testcase classname="backend.tests.test_iteration50_onboarding_features.TestLoginAPI" name="test_login_ceo_user_success" time="0.300" /><testcase classname="backend.tests.test_iteration50_onboarding_features.TestLoginAPI" name="test_login_invalid_credentials" time="0.077" /><testcase classname="backend.tests.test_iteration50_onboarding_features.TestKDSKitchenAPI" name="test_kds_tickets_returns_200" time="0.390" /><testcase classname="backend.tests.test_iteration50_onboarding_features.TestKDSKitchenAPI" name="test_kds_tickets_has_correct_structure" time="0.090" /><testcase classname="backend.tests.test_iteration50_onboarding_features.TestKDSKitchenAPI" name="test_kds_bar_tickets" time="0.071" /><testcase classname="backend.tests.test_iteration50_onboarding_features.TestTapCatalogAPI" name="test_tap_catalog_returns_200" time="0.124" /><testcase classname="backend.tests.test_iteration50_onboarding_features.TestTapCatalogAPI" name="test_tap_catalog_has_items" time="0.107" /><testcase classname="backend.tests.test_iteration50_onboarding_features.TestTableAPI" name="test_tables_list_returns_200" time="0.142" /><testcase classname="backend.tests.test_iteration50_onboarding_features.TestTableAPI" name="test_tables_list_has_tables" time="0.074" /><testcase classname="backend.tests.test_iteration50_onboarding_features.TestHealthEndpoint" name="test_health_returns_200" time="0.071" /></testsuite></testsuites>