<?xml version="1.0" encoding="utf-8"?><testsuites name="pytest tests"><testsuite name="pytest" errors="0" failures="0" skipped="0" tests="11" time="5.023" timestamp="2026-03-12T06:02:43.664040+00:00" hostname="agent-env-b328355b-6e0c-4a62-940d-a458dc488fff"><testcase classname="backend.tests.test_iteration35_operational_fixes.TestIteration35OperationalFixes" name="test_01_add_item_to_session" time="0.662" /><testcase classname="backend.tests.test_iteration35_operational_fixes.TestIteration35OperationalFixes" name="test_02_guest_spend_total_updates_on_close" time="0.432" /><testcase classname="backend.tests.test_iteration35_operational_fixes.TestIteration35OperationalFixes" name="test_03_active_sessions_list" time="0.387" /><testcase classname="backend.tests.test_iteration35_operational_fixes.TestIteration35OperationalFixes" name="test_04_chips_payment_method" time="0.707" /><testcase classname="backend.tests.test_iteration35_operational_fixes.TestIteration35OperationalFixes" name="test_05_manager_chips_separation" time="0.376" /><testcase classname="backend.tests.test_iteration35_operational_fixes.TestIteration35OperationalFixes" name="test_06_session_detail_items_and_tip" time="0.452" /><testcase classname="backend.tests.test_iteration35_operational_fixes.TestIteration35OperationalFixes" name="test_07_shift_overview_chips_separation" time="0.371" /><testcase classname="backend.tests.test_iteration35_operational_fixes.TestIteration35OperationalFixes" name="test_08_record_tip_flow" time="0.433" /><testcase classname="backend.tests.test_iteration35_operational_fixes.TestBarModuleBackend" name="test_catalog_categories" time="0.374" /><testcase classname="backend.tests.test_iteration35_operational_fixes.TestBarModuleBackend" name="test_barmen_list" time="0.380" /><testcase classname="backend.tests.test_iteration35_operational_fixes.TestDataIntegrity" name="test_session_totals_match_items" time="0.377" /></testsuite></testsuites>