<?xml version="1.0" encoding="utf-8"?><testsuites name="pytest tests"><testsuite name="pytest" errors="0" failures="0" skipped="0" tests="13" time="5.442" timestamp="2026-03-19T08:16:16.324912+00:00" hostname="agent-env-b24f8005-0ed5-4a0c-a3ae-890b5ce48165"><testcase classname="backend.tests.test_iteration57_crm_leads.TestCEOLeadsEndpoint" name="test_get_leads_returns_200_for_ceo" time="0.614" /><testcase classname="backend.tests.test_iteration57_crm_leads.TestCEOLeadsEndpoint" name="test_get_leads_returns_correct_fields" time="0.132" /><testcase classname="backend.tests.test_iteration57_crm_leads.TestCEOLeadsEndpoint" name="test_get_leads_requires_ceo_role" time="0.498" /><testcase classname="backend.tests.test_iteration57_crm_leads.TestLeadStatusUpdate" name="test_update_lead_status_success" time="0.418" /><testcase classname="backend.tests.test_iteration57_crm_leads.TestLeadStatusUpdate" name="test_update_payment_status_success" time="0.437" /><testcase classname="backend.tests.test_iteration57_crm_leads.TestLeadStatusUpdate" name="test_update_notes_success" time="0.437" /><testcase classname="backend.tests.test_iteration57_crm_leads.TestLeadStatusUpdate" name="test_update_status_rejects_invalid_values" time="0.267" /><testcase classname="backend.tests.test_iteration57_crm_leads.TestLeadStatusUpdate" name="test_update_status_requires_ceo_role" time="0.226" /><testcase classname="backend.tests.test_iteration57_crm_leads.TestLeadCapture" name="test_lead_capture_creates_lead" time="0.290" /><testcase classname="backend.tests.test_iteration57_crm_leads.TestLeadCapture" name="test_lead_capture_rejects_invalid_source" time="0.045" /><testcase classname="backend.tests.test_iteration57_crm_leads.TestSignupLeadCapture" name="test_signup_creates_lead_with_signup_source" time="1.931" /><testcase classname="backend.tests.test_iteration57_crm_leads.TestCEOAuthAccess" name="test_ceo_leads_endpoint_requires_auth" time="0.046" /><testcase classname="backend.tests.test_iteration57_crm_leads.TestCEOAuthAccess" name="test_lead_update_requires_auth" time="0.045" /></testsuite></testsuites>