<?xml version="1.0" encoding="utf-8"?><testsuites name="pytest tests"><testsuite name="pytest" errors="0" failures="0" skipped="0" tests="6" time="4.561" timestamp="2026-03-12T18:48:34.148740+00:00" hostname="agent-env-2756ac4a-6834-4fe4-a109-198e392fdc0e"><testcase classname="backend.tests.test_iteration42_alcohol_id_flow.TestAlcoholIdVerificationFlow" name="test_01_backend_e2e_table_alcohol_flow" time="1.525" /><testcase classname="backend.tests.test_iteration42_alcohol_id_flow.TestAlcoholIdVerificationFlow" name="test_02_tap_bar_no_id_verification_needed" time="0.703" /><testcase classname="backend.tests.test_iteration42_alcohol_id_flow.TestAlcoholIdVerificationFlow" name="test_03_verify_id_endpoint_works" time="0.837" /><testcase classname="backend.tests.test_iteration42_alcohol_id_flow.TestManagerFinancialValues" name="test_shift_overview_positive" time="0.500" /><testcase classname="backend.tests.test_iteration42_alcohol_id_flow.TestManagerFinancialValues" name="test_manager_overview_positive" time="0.455" /><testcase classname="backend.tests.test_iteration42_alcohol_id_flow.TestCatalogItemAlcoholFlag" name="test_ipa_draft_is_alcohol" time="0.474" /></testsuite></testsuites>