<?xml version="1.0" encoding="utf-8"?><testsuites name="pytest tests"><testsuite name="pytest" errors="0" failures="0" skipped="0" tests="8" time="86.395" timestamp="2026-02-27T22:05:30.654682+00:00" hostname="agent-env-2725b993-f02a-4d00-b281-278064e99c25"><testcase classname="backend.tests.test_iteration19_ai_features.TestOwnerAIInsights" name="test_ai_insights_without_question" time="22.902" /><testcase classname="backend.tests.test_iteration19_ai_features.TestOwnerAIInsights" name="test_ai_insights_with_question" time="12.907" /><testcase classname="backend.tests.test_iteration19_ai_features.TestOwnerAIInsights" name="test_ai_insights_response_structure" time="26.356" /><testcase classname="backend.tests.test_iteration19_ai_features.TestManagerShiftAI" name="test_shift_ai_returns_next_steps" time="12.213" /><testcase classname="backend.tests.test_iteration19_ai_features.TestManagerShiftAI" name="test_shift_ai_with_question" time="11.249" /><testcase classname="backend.tests.test_iteration19_ai_features.TestStaffCosts" name="test_staff_costs_returns_wages_tips_total" time="0.135" /><testcase classname="backend.tests.test_iteration19_ai_features.TestStaffCosts" name="test_staff_costs_has_hourly_info" time="0.128" /><testcase classname="backend.tests.test_iteration19_ai_features.TestAuthEndpoints" name="test_login_returns_access_token" time="0.344" /></testsuite></testsuites>