<?xml version="1.0" encoding="utf-8"?><testsuites name="pytest tests"><testsuite name="pytest" errors="0" failures="1" skipped="0" tests="15" time="2.452" timestamp="2026-02-27T05:48:14.798032+00:00" hostname="agent-env-baab7602-1c73-42fb-a30a-98865143ba36"><testcase classname="backend.tests.test_iteration7_features.TestVenueEvents" name="test_get_events_without_date" time="0.496" /><testcase classname="backend.tests.test_iteration7_features.TestVenueEvents" name="test_get_events_with_date" time="0.099" /><testcase classname="backend.tests.test_iteration7_features.TestVenueEvents" name="test_create_event" time="0.104" /><testcase classname="backend.tests.test_iteration7_features.TestVenueEvents" name="test_get_event_dates" time="0.133" /><testcase classname="backend.tests.test_iteration7_features.TestRewardsConfig" name="test_get_rewards_config" time="0.122" /><testcase classname="backend.tests.test_iteration7_features.TestRewardsConfig" name="test_save_rewards_config" time="0.127" /><testcase classname="backend.tests.test_iteration7_features.TestRewardsConfig" name="test_update_tiers" time="0.110" /><testcase classname="backend.tests.test_iteration7_features.TestRewardsConfig" name="test_update_rewards_list" time="0.104" /><testcase classname="backend.tests.test_iteration7_features.TestTAPSessions" name="test_get_active_sessions" time="0.128" /><testcase classname="backend.tests.test_iteration7_features.TestTAPSessions" name="test_add_custom_item_to_session" time="0.241"><failure message="AssertionError: Failed: Internal Server Error&#10;assert 500 == 200&#10; +  where 500 = &lt;Response [500]&gt;.status_code">backend/tests/test_iteration7_features.py:238: in test_add_custom_item_to_session
    assert response.status_code == 200, f"Failed: {response.text}"
E   AssertionError: Failed: Internal Server Error
E   assert 500 == 200
E    +  where 500 = &lt;Response [500]&gt;.status_code</failure></testcase><testcase classname="backend.tests.test_iteration7_features.TestPulseExits" name="test_get_today_exits" time="0.149" /><testcase classname="backend.tests.test_iteration7_features.TestPulseExits" name="test_get_inside_guests" time="0.104" /><testcase classname="backend.tests.test_iteration7_features.TestGuestProfile" name="test_get_guest_profile" time="0.232" /><testcase classname="backend.tests.test_iteration7_features.TestGuestProfile" name="test_guest_profile_not_found" time="0.104" /><testcase classname="backend.tests.test_iteration7_features.TestTAPCatalog" name="test_get_catalog" time="0.107" /></testsuite></testsuites>