<?xml version="1.0" encoding="utf-8"?><testsuites name="pytest tests"><testsuite name="pytest" errors="0" failures="0" skipped="0" tests="30" time="18.442" timestamp="2026-03-20T00:17:26.797216+00:00" hostname="agent-env-61eae71e-f9c3-40ae-a527-e1de12510891"><testcase classname="backend.tests.test_iteration66_official_users.TestHealthCheck" name="test_health_returns_healthy" time="0.229" /><testcase classname="backend.tests.test_iteration66_official_users.TestLoginOfficialUsers" name="test_login_teste" time="0.470" /><testcase classname="backend.tests.test_iteration66_official_users.TestLoginOfficialUsers" name="test_login_teste1" time="0.409" /><testcase classname="backend.tests.test_iteration66_official_users.TestLoginOfficialUsers" name="test_login_garcia" time="0.411" /><testcase classname="backend.tests.test_iteration66_official_users.TestAuthMeTeste" name="test_me_status_active" time="0.665" /><testcase classname="backend.tests.test_iteration66_official_users.TestAuthMeTeste" name="test_me_onboarding_completed" time="0.616" /><testcase classname="backend.tests.test_iteration66_official_users.TestAuthMeTeste" name="test_me_plan_sync" time="0.624" /><testcase classname="backend.tests.test_iteration66_official_users.TestAuthMeTeste" name="test_me_modules_enabled" time="1.561" /><testcase classname="backend.tests.test_iteration66_official_users.TestAuthMeTeste" name="test_me_role_owner" time="0.616" /><testcase classname="backend.tests.test_iteration66_official_users.TestAuthMeTeste" name="test_me_company_object" time="0.626" /><testcase classname="backend.tests.test_iteration66_official_users.TestAuthMeTeste" name="test_me_plan_object_full" time="0.624" /><testcase classname="backend.tests.test_iteration66_official_users.TestAuthMeTeste1" name="test_me_status_active" time="0.613" /><testcase classname="backend.tests.test_iteration66_official_users.TestAuthMeTeste1" name="test_me_onboarding_not_completed" time="0.621" /><testcase classname="backend.tests.test_iteration66_official_users.TestAuthMeTeste1" name="test_me_plan_flow" time="0.596" /><testcase classname="backend.tests.test_iteration66_official_users.TestAuthMeTeste1" name="test_me_modules_no_kds" time="0.664" /><testcase classname="backend.tests.test_iteration66_official_users.TestAuthMeTeste1" name="test_me_role_owner" time="0.610" /><testcase classname="backend.tests.test_iteration66_official_users.TestAuthMeTeste1" name="test_me_company_object" time="0.626" /><testcase classname="backend.tests.test_iteration66_official_users.TestAuthMeTeste1" name="test_me_plan_object_full" time="0.617" /><testcase classname="backend.tests.test_iteration66_official_users.TestAuthMeGarcia" name="test_me_role_ceo" time="0.597" /><testcase classname="backend.tests.test_iteration66_official_users.TestAuthMeGarcia" name="test_me_status_active" time="0.596" /><testcase classname="backend.tests.test_iteration66_official_users.TestAuthMeGarcia" name="test_me_onboarding_completed" time="0.603" /><testcase classname="backend.tests.test_iteration66_official_users.TestAuthMeGarcia" name="test_me_plan_os" time="0.613" /><testcase classname="backend.tests.test_iteration66_official_users.TestAuthMeGarcia" name="test_me_modules_all_8" time="0.635" /><testcase classname="backend.tests.test_iteration66_official_users.TestAuthMeGarcia" name="test_me_access_role_platform_admin" time="0.614" /><testcase classname="backend.tests.test_iteration66_official_users.TestAuthMeGarcia" name="test_me_company_object" time="0.638" /><testcase classname="backend.tests.test_iteration66_official_users.TestAuthMeGarcia" name="test_me_plan_object_full" time="0.667" /><testcase classname="backend.tests.test_iteration66_official_users.TestMockUserRemoval" name="test_mock_owner_active_removed" time="0.431" /><testcase classname="backend.tests.test_iteration66_official_users.TestRegressionEndpoints" name="test_refresh_token_works" time="0.624" /><testcase classname="backend.tests.test_iteration66_official_users.TestRegressionEndpoints" name="test_permissions_endpoint" time="0.607" /><testcase classname="backend.tests.test_iteration66_official_users.TestRegressionEndpoints" name="test_onboarding_plans" time="0.518" /></testsuite></testsuites>