<?xml version="1.0" encoding="utf-8"?><testsuites name="pytest tests"><testsuite name="pytest" errors="0" failures="0" skipped="0" tests="17" time="7.852" timestamp="2026-03-19T23:38:44.880316+00:00" hostname="agent-env-61eae71e-f9c3-40ae-a527-e1de12510891"><testcase classname="backend.tests.test_iteration64_handoff.TestHealthEndpoint" name="test_health_returns_healthy" time="0.278" /><testcase classname="backend.tests.test_iteration64_handoff.TestLoginRegression" name="test_login_returns_both_tokens" time="0.478" /><testcase classname="backend.tests.test_iteration64_handoff.TestHandoffCreateAuth" name="test_handoff_create_requires_auth" time="0.111" /><testcase classname="backend.tests.test_iteration64_handoff.TestHandoffCreateAuth" name="test_handoff_create_invalid_token" time="0.178" /><testcase classname="backend.tests.test_iteration64_handoff.TestHandoffCreateWithAuth" name="test_handoff_create_returns_code_and_expires" time="0.591" /><testcase classname="backend.tests.test_iteration64_handoff.TestHandoffCreateWithAuth" name="test_handoff_create_with_ceo_account" time="0.541" /><testcase classname="backend.tests.test_iteration64_handoff.TestHandoffExchangeErrors" name="test_handoff_exchange_missing_code_returns_400" time="0.115" /><testcase classname="backend.tests.test_iteration64_handoff.TestHandoffExchangeErrors" name="test_handoff_exchange_invalid_code_returns_401" time="0.144" /><testcase classname="backend.tests.test_iteration64_handoff.TestHandoffExchangeSuccess" name="test_handoff_exchange_returns_tokens_and_user" time="0.569" /><testcase classname="backend.tests.test_iteration64_handoff.TestHandoffSingleUse" name="test_second_exchange_returns_401" time="0.784" /><testcase classname="backend.tests.test_iteration64_handoff.TestHandoffTokensWork" name="test_access_token_works_with_me_endpoint" time="0.727" /><testcase classname="backend.tests.test_iteration64_handoff.TestHandoffTokensWork" name="test_access_token_works_with_permissions_endpoint" time="0.735" /><testcase classname="backend.tests.test_iteration64_handoff.TestHandoffTokensWork" name="test_refresh_token_works_from_handoff" time="0.710" /><testcase classname="backend.tests.test_iteration64_handoff.TestHandoffWithCEOAccount" name="test_ceo_handoff_full_flow" time="0.658" /><testcase classname="backend.tests.test_iteration64_handoff.TestHandoffWithOnboardingUser" name="test_onboarding_user_handoff" time="0.570" /><testcase classname="backend.tests.test_iteration64_handoff.TestVerifyPaymentRegression" name="test_verify_payment_requires_auth" time="0.092" /><testcase classname="backend.tests.test_iteration64_handoff.TestVerifyPaymentRegression" name="test_verify_payment_requires_session_id" time="0.460" /></testsuite></testsuites>