<?xml version="1.0" encoding="utf-8"?><testsuites name="pytest tests"><testsuite name="pytest" errors="0" failures="0" skipped="0" tests="15" time="29.042" timestamp="2026-02-27T21:42:30.214291+00:00" hostname="agent-env-466638ca-7161-4e9e-98a5-988e53ca65fe"><testcase classname="tests.test_iteration18_shift_ops.TestShiftOverview" name="test_shift_overview_returns_all_kpis" time="0.579" /><testcase classname="tests.test_iteration18_shift_ops.TestShiftOverview" name="test_shift_overview_with_date_range" time="0.115" /><testcase classname="tests.test_iteration18_shift_ops.TestStaffCosts" name="test_staff_costs_returns_breakdown" time="0.468" /><testcase classname="tests.test_iteration18_shift_ops.TestStaffCustomize" name="test_customize_staff_hourly_rate" time="0.835" /><testcase classname="tests.test_iteration18_shift_ops.TestStaffRoles" name="test_get_staff_roles" time="0.496" /><testcase classname="tests.test_iteration18_shift_ops.TestStaffRoles" name="test_create_and_delete_staff_role" time="0.470" /><testcase classname="tests.test_iteration18_shift_ops.TestShiftHistory" name="test_shift_history_returns_daily_data" time="0.524" /><testcase classname="tests.test_iteration18_shift_ops.TestShiftChart" name="test_shift_chart_returns_daily_rev_cost" time="0.506" /><testcase classname="tests.test_iteration18_shift_ops.TestShiftChart" name="test_shift_chart_period_filters" time="0.987" /><testcase classname="tests.test_iteration18_shift_ops.TestShiftSnapshot" name="test_shift_snapshot_saves_costs" time="0.489" /><testcase classname="tests.test_iteration18_shift_ops.TestShiftAI" name="test_shift_ai_generates_analysis" time="14.620" /><testcase classname="tests.test_iteration18_shift_ops.TestShiftAI" name="test_shift_ai_with_question" time="8.165" /><testcase classname="tests.test_iteration18_shift_ops.TestRegression" name="test_manager_overview_regression" time="0.471" /><testcase classname="tests.test_iteration18_shift_ops.TestRegression" name="test_manager_staff_regression" time="0.109" /><testcase classname="tests.test_iteration18_shift_ops.TestRegression" name="test_tables_by_server_regression" time="0.116" /></testsuite></testsuites>