<?xml version="1.0" encoding="utf-8"?><testsuites name="pytest tests"><testsuite name="pytest" errors="0" failures="0" skipped="0" tests="15" time="2.720" timestamp="2026-02-28T01:17:59.669610+00:00" hostname="agent-env-81b3f6fd-b8f2-4917-8b7c-6fe1fc34aeb0"><testcase classname="backend.tests.test_iteration27_12_features.TestAuth" name="test_login_success" time="0.404" /><testcase classname="backend.tests.test_iteration27_12_features.TestTapCatalogSorting" name="test_catalog_beers_alphabetically_sorted" time="0.452" /><testcase classname="backend.tests.test_iteration27_12_features.TestKDSDelayed" name="test_kds_tickets_endpoint" time="0.119" /><testcase classname="backend.tests.test_iteration27_12_features.TestManagerTablesByServer" name="test_tables_by_server_endpoint" time="0.161" /><testcase classname="backend.tests.test_iteration27_12_features.TestManagerTablesByServer" name="test_table_detail_endpoint" time="0.238" /><testcase classname="backend.tests.test_iteration27_12_features.TestOwnerDashboard" name="test_owner_venues_endpoint" time="0.111" /><testcase classname="backend.tests.test_iteration27_12_features.TestOwnerDashboard" name="test_owner_dashboard_business_view" time="0.155" /><testcase classname="backend.tests.test_iteration27_12_features.TestOwnerDashboard" name="test_owner_dashboard_events_view" time="0.155" /><testcase classname="backend.tests.test_iteration27_12_features.TestOwnerDashboard" name="test_owner_growth_endpoint" time="0.190" /><testcase classname="backend.tests.test_iteration27_12_features.TestOwnerDashboard" name="test_owner_modules_endpoint" time="0.108" /><testcase classname="backend.tests.test_iteration27_12_features.TestTableOpenForm" name="test_tables_endpoint" time="0.113" /><testcase classname="backend.tests.test_iteration27_12_features.TestTapBarFeatures" name="test_tap_sessions_endpoint" time="0.109" /><testcase classname="backend.tests.test_iteration27_12_features.TestTapBarFeatures" name="test_barmen_endpoint" time="0.109" /><testcase classname="backend.tests.test_iteration27_12_features.TestTapBarFeatures" name="test_tap_stats_endpoint" time="0.118" /><testcase classname="backend.tests.test_iteration27_12_features.TestOwnerPerformance" name="test_owner_venues_performance" time="0.115" /></testsuite></testsuites>