<?xml version="1.0" encoding="utf-8"?><testsuites name="pytest tests"><testsuite name="pytest" errors="0" failures="0" skipped="16" tests="16" time="0.218" timestamp="2026-02-27T06:19:08.131850+00:00" hostname="agent-env-baab7602-1c73-42fb-a30a-98865143ba36"><testcase classname="backend.tests.test_iteration8_features.TestBlockUnblockWristband" name="test_block_wristband" time="0.142"><skipped type="pytest.skip" message="Authentication failed - status 422">/app/backend/tests/test_iteration8_features.py:59: Authentication failed - status 422</skipped></testcase><testcase classname="backend.tests.test_iteration8_features.TestBlockUnblockWristband" name="test_guest_profile_shows_blocked" time="0.000"><skipped type="pytest.skip" message="Authentication failed - status 422">/app/backend/tests/test_iteration8_features.py:73: Authentication failed - status 422</skipped></testcase><testcase classname="backend.tests.test_iteration8_features.TestBlockUnblockWristband" name="test_unblock_wristband" time="0.000"><skipped type="pytest.skip" message="Authentication failed - status 422">/app/backend/tests/test_iteration8_features.py:85: Authentication failed - status 422</skipped></testcase><testcase classname="backend.tests.test_iteration8_features.TestBlockUnblockWristband" name="test_guest_profile_shows_unblocked" time="0.000"><skipped type="pytest.skip" message="Authentication failed - status 422">/app/backend/tests/test_iteration8_features.py:98: Authentication failed - status 422</skipped></testcase><testcase classname="backend.tests.test_iteration8_features.TestTabStatus" name="test_tab_status_no_tabs" time="0.000"><skipped type="pytest.skip" message="Authentication failed - status 422">/app/backend/tests/test_iteration8_features.py:114: Authentication failed - status 422</skipped></testcase><testcase classname="backend.tests.test_iteration8_features.TestTAPSessions" name="test_get_active_sessions" time="0.000"><skipped type="pytest.skip" message="Authentication failed - status 422">/app/backend/tests/test_iteration8_features.py:132: Authentication failed - status 422</skipped></testcase><testcase classname="backend.tests.test_iteration8_features.TestTAPSessions" name="test_open_new_tab" time="0.000"><skipped type="pytest.skip" message="Authentication failed - status 422">/app/backend/tests/test_iteration8_features.py:145: Authentication failed - status 422</skipped></testcase><testcase classname="backend.tests.test_iteration8_features.TestTAPSessions" name="test_get_session_details" time="0.000"><skipped type="pytest.skip" message="Authentication failed - status 422">/app/backend/tests/test_iteration8_features.py:165: Authentication failed - status 422</skipped></testcase><testcase classname="backend.tests.test_iteration8_features.TestTAPSessions" name="test_add_custom_item_to_session" time="0.000"><skipped type="pytest.skip" message="Authentication failed - status 422">/app/backend/tests/test_iteration8_features.py:192: Authentication failed - status 422</skipped></testcase><testcase classname="backend.tests.test_iteration8_features.TestTAPSessions" name="test_close_tab_with_payment" time="0.000"><skipped type="pytest.skip" message="Authentication failed - status 422">/app/backend/tests/test_iteration8_features.py:225: Authentication failed - status 422</skipped></testcase><testcase classname="backend.tests.test_iteration8_features.TestTAPStats" name="test_get_tap_stats" time="0.000"><skipped type="pytest.skip" message="Authentication failed - status 422">/app/backend/tests/test_iteration8_features.py:263: Authentication failed - status 422</skipped></testcase><testcase classname="backend.tests.test_iteration8_features.TestTAPStats" name="test_get_tap_config" time="0.000"><skipped type="pytest.skip" message="Authentication failed - status 422">/app/backend/tests/test_iteration8_features.py:276: Authentication failed - status 422</skipped></testcase><testcase classname="backend.tests.test_iteration8_features.TestTAPCatalog" name="test_get_catalog" time="0.000"><skipped type="pytest.skip" message="Authentication failed - status 422">/app/backend/tests/test_iteration8_features.py:293: Authentication failed - status 422</skipped></testcase><testcase classname="backend.tests.test_iteration8_features.TestGuestProfile" name="test_get_guest_profile" time="0.000"><skipped type="pytest.skip" message="Authentication failed - status 422">/app/backend/tests/test_iteration8_features.py:311: Authentication failed - status 422</skipped></testcase><testcase classname="backend.tests.test_iteration8_features.TestInsideGuests" name="test_get_inside_guests" time="0.000"><skipped type="pytest.skip" message="Authentication failed - status 422">/app/backend/tests/test_iteration8_features.py:332: Authentication failed - status 422</skipped></testcase><testcase classname="backend.tests.test_iteration8_features.TestTodayEntries" name="test_get_today_entries" time="0.000"><skipped type="pytest.skip" message="Authentication failed - status 422">/app/backend/tests/test_iteration8_features.py:349: Authentication failed - status 422</skipped></testcase></testsuite></testsuites>