<?xml version="1.0" encoding="utf-8"?><testsuites name="pytest tests"><testsuite name="pytest" errors="0" failures="0" skipped="0" tests="12" time="2.509" timestamp="2026-03-25T08:21:19.903652+00:00" hostname="agent-env-f79f63c3-6641-4a09-a954-91fc2ff30e48"><testcase classname="tests.test_iteration93_mobile_backend.TestHealthCheck" name="test_health_returns_healthy" time="0.204" /><testcase classname="tests.test_iteration93_mobile_backend.TestAuthentication" name="test_login_with_valid_credentials" time="0.529" /><testcase classname="tests.test_iteration93_mobile_backend.TestAuthentication" name="test_login_with_invalid_credentials" time="0.145" /><testcase classname="tests.test_iteration93_mobile_backend.TestTapSessions" name="test_get_sessions_requires_auth" time="0.098" /><testcase classname="tests.test_iteration93_mobile_backend.TestTapSessions" name="test_get_sessions_returns_data" time="0.576" /><testcase classname="tests.test_iteration93_mobile_backend.TestTapCatalog" name="test_get_catalog_requires_auth" time="0.098" /><testcase classname="tests.test_iteration93_mobile_backend.TestTapCatalog" name="test_get_catalog_returns_items" time="0.114" /><testcase classname="tests.test_iteration93_mobile_backend.TestPulseEntries" name="test_get_entries_today_requires_auth" time="0.102" /><testcase classname="tests.test_iteration93_mobile_backend.TestPulseEntries" name="test_get_entries_today_returns_data" time="0.205" /><testcase classname="tests.test_iteration93_mobile_backend.TestTables" name="test_get_tables_requires_auth" time="0.099" /><testcase classname="tests.test_iteration93_mobile_backend.TestTables" name="test_get_tables_returns_data" time="0.162" /><testcase classname="tests.test_iteration93_mobile_backend.TestWebAppLanding" name="test_landing_page_loads" time="0.098" /></testsuite></testsuites>