<?xml version="1.0" encoding="utf-8"?><testsuites name="pytest tests"><testsuite name="pytest" errors="0" failures="0" skipped="0" tests="16" time="6.324" timestamp="2026-03-18T08:53:47.664605+00:00" hostname="agent-env-d58aacfb-6e47-451f-bce2-7c40b21f23af"><testcase classname="backend.tests.test_iteration_45_auth.TestAuthLogin" name="test_login_existing_user_teste" time="0.417" /><testcase classname="backend.tests.test_iteration_45_auth.TestAuthLogin" name="test_login_ceo_user_garcia" time="0.327" /><testcase classname="backend.tests.test_iteration_45_auth.TestAuthLogin" name="test_login_wrong_password" time="0.346" /><testcase classname="backend.tests.test_iteration_45_auth.TestAuthLogin" name="test_login_nonexistent_user" time="0.096" /><testcase classname="backend.tests.test_iteration_45_auth.TestAuthSignup" name="test_signup_new_user_with_venue_creation" time="0.429" /><testcase classname="backend.tests.test_iteration_45_auth.TestAuthSignup" name="test_signup_duplicate_email_returns_400" time="0.103" /><testcase classname="backend.tests.test_iteration_45_auth.TestAuthSignup" name="test_signup_default_venue_type" time="0.449" /><testcase classname="backend.tests.test_iteration_45_auth.TestAuthMe" name="test_get_me_with_valid_token" time="0.420" /><testcase classname="backend.tests.test_iteration_45_auth.TestAuthMe" name="test_get_me_without_token_returns_401" time="0.092" /><testcase classname="backend.tests.test_iteration_45_auth.TestAuthMe" name="test_get_me_with_invalid_token_returns_401" time="0.106" /><testcase classname="backend.tests.test_iteration_45_auth.TestAuthLogout" name="test_logout_with_valid_token" time="0.424" /><testcase classname="backend.tests.test_iteration_45_auth.TestAuthLogout" name="test_get_me_after_logout_returns_401" time="0.658" /><testcase classname="backend.tests.test_iteration_45_auth.TestVenueConfigsOnSignup" name="test_signup_creates_venue_configs_with_modules" time="0.868" /><testcase classname="backend.tests.test_iteration_45_auth.TestBackwardCompatibility" name="test_venue_home_endpoint_works" time="0.445" /><testcase classname="backend.tests.test_iteration_45_auth.TestBackwardCompatibility" name="test_existing_users_not_deleted" time="0.643" /><testcase classname="backend.tests.test_iteration_45_auth.TestTableModuleVerification" name="test_table_module_accessible" time="0.418" /></testsuite></testsuites>