<?xml version="1.0" encoding="utf-8"?><testsuites name="pytest tests"><testsuite name="pytest" errors="0" failures="0" skipped="0" tests="15" time="60.397" timestamp="2026-03-19T22:09:13.110288+00:00" hostname="agent-env-61eae71e-f9c3-40ae-a527-e1de12510891"><testcase classname="backend.tests.test_iteration62_refresh_token.TestHealthCheck" name="test_health_returns_healthy" time="51.142" /><testcase classname="backend.tests.test_iteration62_refresh_token.TestOnboardingPlans" name="test_plans_returns_four_plans_with_correct_pricing" time="0.136" /><testcase classname="backend.tests.test_iteration62_refresh_token.TestLoginReturnsRefreshToken" name="test_login_returns_access_and_refresh_tokens" time="0.509" /><testcase classname="backend.tests.test_iteration62_refresh_token.TestLoginReturnsRefreshToken" name="test_login_demo_user_returns_refresh_token" time="0.421" /><testcase classname="backend.tests.test_iteration62_refresh_token.TestRefreshTokenEndpoint" name="test_refresh_token_returns_new_pair" time="1.720" /><testcase classname="backend.tests.test_iteration62_refresh_token.TestRefreshTokenEndpoint" name="test_refresh_token_missing_returns_400" time="0.118" /><testcase classname="backend.tests.test_iteration62_refresh_token.TestRefreshTokenEndpoint" name="test_refresh_token_invalid_returns_401" time="0.131" /><testcase classname="backend.tests.test_iteration62_refresh_token.TestRefreshTokenRotation" name="test_old_refresh_token_cannot_be_reused" time="0.698" /><testcase classname="backend.tests.test_iteration62_refresh_token.TestLogoutWithRefreshToken" name="test_logout_with_refresh_token_revokes_it" time="0.675" /><testcase classname="backend.tests.test_iteration62_refresh_token.TestLogoutWithRefreshToken" name="test_logout_without_refresh_token_still_works" time="0.526" /><testcase classname="backend.tests.test_iteration62_refresh_token.TestNewAccessTokenWorksWithProtectedEndpoints" name="test_refreshed_access_token_works_with_permissions" time="1.019" /><testcase classname="backend.tests.test_iteration62_refresh_token.TestNewAccessTokenWorksWithProtectedEndpoints" name="test_refreshed_access_token_works_with_me" time="0.775" /><testcase classname="backend.tests.test_iteration62_refresh_token.TestMultipleRefreshCycles" name="test_chain_of_refresh_tokens" time="1.106" /><testcase classname="backend.tests.test_iteration62_refresh_token.TestRefreshTokenWithDemoUser" name="test_demo_user_refresh_token_flow" time="0.743" /><testcase classname="backend.tests.test_iteration62_refresh_token.TestRefreshTokenOnboardingUser" name="test_onboarding_user_refresh_token_flow" time="0.592" /></testsuite></testsuites>