<?xml version="1.0" encoding="utf-8"?><testsuites name="pytest tests"><testsuite name="pytest" errors="0" failures="0" skipped="0" tests="19" time="4.205" timestamp="2026-03-12T19:41:11.190732+00:00" hostname="agent-env-d58aacfb-6e47-451f-bce2-7c40b21f23af"><testcase classname="backend.tests.test_iteration_44.TestTableModule" name="test_get_tables" time="0.566" /><testcase classname="backend.tests.test_iteration_44.TestTableModule" name="test_open_table_requires_server" time="0.286" /><testcase classname="backend.tests.test_iteration_44.TestTableModule" name="test_table_detail_shows_server" time="0.118" /><testcase classname="backend.tests.test_iteration_44.TestTableModule" name="test_close_table_with_payment_location" time="0.141" /><testcase classname="backend.tests.test_iteration_44.TestTapModule" name="test_get_sessions" time="0.140" /><testcase classname="backend.tests.test_iteration_44.TestTapModule" name="test_open_tap_session" time="0.102" /><testcase classname="backend.tests.test_iteration_44.TestTapModule" name="test_tap_add_item" time="0.334" /><testcase classname="backend.tests.test_iteration_44.TestTapModule" name="test_tap_close_with_payment_location" time="0.122" /><testcase classname="backend.tests.test_iteration_44.TestCeoModule" name="test_ceo_health" time="0.167" /><testcase classname="backend.tests.test_iteration_44.TestCeoModule" name="test_ceo_get_users" time="0.119" /><testcase classname="backend.tests.test_iteration_44.TestCeoModule" name="test_ceo_create_user" time="0.342" /><testcase classname="backend.tests.test_iteration_44.TestCeoModule" name="test_ceo_update_user" time="0.126" /><testcase classname="backend.tests.test_iteration_44.TestCeoModule" name="test_ceo_delete_user" time="0.145" /><testcase classname="backend.tests.test_iteration_44.TestCeoModule" name="test_ceo_get_companies" time="0.143" /><testcase classname="backend.tests.test_iteration_44.TestCeoModule" name="test_ceo_update_company_modules" time="0.287" /><testcase classname="backend.tests.test_iteration_44.TestModuleAccessEnforcement" name="test_check_module_tap_allowed" time="0.112" /><testcase classname="backend.tests.test_iteration_44.TestModuleAccessEnforcement" name="test_check_module_table_allowed" time="0.120" /><testcase classname="backend.tests.test_iteration_44.TestModuleAccessEnforcement" name="test_check_module_invalid" time="0.106" /><testcase classname="backend.tests.test_iteration_44.TestIdVerificationFlow" name="test_verify_id_endpoint" time="0.645" /></testsuite></testsuites>