<?xml version="1.0" encoding="utf-8"?><testsuites name="pytest tests"><testsuite name="pytest" errors="0" failures="0" skipped="0" tests="42" time="11.628" timestamp="2026-03-19T09:38:20.245667+00:00" hostname="agent-env-76f05235-a6c8-4cf8-ac0a-5c590b6b4194"><testcase classname="backend.tests.test_iteration59_ceo_operating_system.TestCEOAuthentication" name="test_ceo_login_returns_token" time="0.448" /><testcase classname="backend.tests.test_iteration59_ceo_operating_system.TestCEOAuthentication" name="test_regular_user_login" time="0.410" /><testcase classname="backend.tests.test_iteration59_ceo_operating_system.TestCEOOverviewDashboard" name="test_overview_metrics_endpoint" time="0.833" /><testcase classname="backend.tests.test_iteration59_ceo_operating_system.TestCEOOverviewDashboard" name="test_overview_metrics_requires_ceo_role" time="0.644" /><testcase classname="backend.tests.test_iteration59_ceo_operating_system.TestCEORevenueDashboard" name="test_revenue_detailed_endpoint" time="0.301" /><testcase classname="backend.tests.test_iteration59_ceo_operating_system.TestCEORevenueDashboard" name="test_revenue_detailed_requires_ceo" time="0.146" /><testcase classname="backend.tests.test_iteration59_ceo_operating_system.TestCEOGrowthDashboard" name="test_growth_metrics_endpoint" time="0.302" /><testcase classname="backend.tests.test_iteration59_ceo_operating_system.TestCEOGrowthDashboard" name="test_growth_metrics_requires_ceo" time="0.154" /><testcase classname="backend.tests.test_iteration59_ceo_operating_system.TestCEOMarketingDashboard" name="test_marketing_funnel_endpoint" time="0.478" /><testcase classname="backend.tests.test_iteration59_ceo_operating_system.TestCEOMarketingDashboard" name="test_marketing_funnel_requires_ceo" time="0.142" /><testcase classname="backend.tests.test_iteration59_ceo_operating_system.TestCEOSalesDashboard" name="test_sales_performance_endpoint" time="0.260" /><testcase classname="backend.tests.test_iteration59_ceo_operating_system.TestCEOSalesDashboard" name="test_sales_performance_requires_ceo" time="0.147" /><testcase classname="backend.tests.test_iteration59_ceo_operating_system.TestCEOSalesDashboard" name="test_leads_endpoint" time="0.183" /><testcase classname="backend.tests.test_iteration59_ceo_operating_system.TestCEOCustomersDashboard" name="test_customer_lifecycle_endpoint" time="0.309" /><testcase classname="backend.tests.test_iteration59_ceo_operating_system.TestCEOCustomersDashboard" name="test_customer_lifecycle_requires_ceo" time="0.136" /><testcase classname="backend.tests.test_iteration59_ceo_operating_system.TestCEOProductDashboard" name="test_modules_endpoint" time="0.185" /><testcase classname="backend.tests.test_iteration59_ceo_operating_system.TestCEOProductDashboard" name="test_modules_requires_ceo" time="0.163" /><testcase classname="backend.tests.test_iteration59_ceo_operating_system.TestCEORiskDashboard" name="test_risk_dashboard_endpoint" time="0.519" /><testcase classname="backend.tests.test_iteration59_ceo_operating_system.TestCEORiskDashboard" name="test_risk_dashboard_requires_ceo" time="0.146" /><testcase classname="backend.tests.test_iteration59_ceo_operating_system.TestCEORiskDashboard" name="test_alerts_endpoint" time="0.524" /><testcase classname="backend.tests.test_iteration59_ceo_operating_system.TestCEOTargets" name="test_get_targets" time="0.271" /><testcase classname="backend.tests.test_iteration59_ceo_operating_system.TestCEOTargets" name="test_update_targets" time="0.142" /><testcase classname="backend.tests.test_iteration59_ceo_operating_system.TestCEOExistingEndpoints" name="test_health_endpoint" time="0.474" /><testcase classname="backend.tests.test_iteration59_ceo_operating_system.TestCEOExistingEndpoints" name="test_companies_endpoint" time="0.648" /><testcase classname="backend.tests.test_iteration59_ceo_operating_system.TestCEOExistingEndpoints" name="test_pipeline_endpoint" time="0.492" /><testcase classname="backend.tests.test_iteration59_ceo_operating_system.TestCEOExistingEndpoints" name="test_users_endpoint" time="0.331" /><testcase classname="backend.tests.test_iteration59_ceo_operating_system.TestCEOLeadUpdates" name="test_update_lead_status" time="0.615" /><testcase classname="backend.tests.test_iteration59_ceo_operating_system.TestCEOAccessControl" name="test_endpoint_requires_ceo[/api/ceo/health]" time="0.142" /><testcase classname="backend.tests.test_iteration59_ceo_operating_system.TestCEOAccessControl" name="test_endpoint_requires_ceo[/api/ceo/overview-metrics]" time="0.137" /><testcase classname="backend.tests.test_iteration59_ceo_operating_system.TestCEOAccessControl" name="test_endpoint_requires_ceo[/api/ceo/revenue-detailed]" time="0.143" /><testcase classname="backend.tests.test_iteration59_ceo_operating_system.TestCEOAccessControl" name="test_endpoint_requires_ceo[/api/ceo/growth-metrics]" time="0.141" /><testcase classname="backend.tests.test_iteration59_ceo_operating_system.TestCEOAccessControl" name="test_endpoint_requires_ceo[/api/ceo/marketing-funnel]" time="0.145" /><testcase classname="backend.tests.test_iteration59_ceo_operating_system.TestCEOAccessControl" name="test_endpoint_requires_ceo[/api/ceo/sales-performance]" time="0.162" /><testcase classname="backend.tests.test_iteration59_ceo_operating_system.TestCEOAccessControl" name="test_endpoint_requires_ceo[/api/ceo/customer-lifecycle]" time="0.136" /><testcase classname="backend.tests.test_iteration59_ceo_operating_system.TestCEOAccessControl" name="test_endpoint_requires_ceo[/api/ceo/risk-dashboard]" time="0.148" /><testcase classname="backend.tests.test_iteration59_ceo_operating_system.TestCEOAccessControl" name="test_endpoint_requires_ceo[/api/ceo/companies]" time="0.137" /><testcase classname="backend.tests.test_iteration59_ceo_operating_system.TestCEOAccessControl" name="test_endpoint_requires_ceo[/api/ceo/modules]" time="0.145" /><testcase classname="backend.tests.test_iteration59_ceo_operating_system.TestCEOAccessControl" name="test_endpoint_requires_ceo[/api/ceo/alerts]" time="0.141" /><testcase classname="backend.tests.test_iteration59_ceo_operating_system.TestCEOAccessControl" name="test_endpoint_requires_ceo[/api/ceo/pipeline]" time="0.147" /><testcase classname="backend.tests.test_iteration59_ceo_operating_system.TestCEOAccessControl" name="test_endpoint_requires_ceo[/api/ceo/users]" time="0.140" /><testcase classname="backend.tests.test_iteration59_ceo_operating_system.TestCEOAccessControl" name="test_endpoint_requires_ceo[/api/ceo/leads]" time="0.139" /><testcase classname="backend.tests.test_iteration59_ceo_operating_system.TestCEOAccessControl" name="test_endpoint_requires_ceo[/api/ceo/targets]" time="0.142" /></testsuite></testsuites>