<?xml version="1.0" encoding="utf-8"?><testsuites name="pytest tests"><testsuite name="pytest" errors="0" failures="0" skipped="0" tests="17" time="5.139" timestamp="2026-03-12T00:47:37.167700+00:00" hostname="agent-env-aa8e9705-7a69-4f2b-a237-e3aa9673dcaf"><testcase classname="backend.tests.test_iteration31_integration.TestDemoDataPreservation" name="test_pulse_has_7_plus_guests_inside" time="0.572" /><testcase classname="backend.tests.test_iteration31_integration.TestDemoDataPreservation" name="test_tap_has_6_plus_open_sessions" time="0.148" /><testcase classname="backend.tests.test_iteration31_integration.TestDemoDataPreservation" name="test_kds_has_kitchen_tickets" time="0.135" /><testcase classname="backend.tests.test_iteration31_integration.TestDemoDataPreservation" name="test_kds_has_bar_tickets" time="0.140" /><testcase classname="backend.tests.test_iteration31_integration.TestDemoDataPreservation" name="test_tables_have_3_occupied" time="0.175" /><testcase classname="backend.tests.test_iteration31_integration.TestDemoDataPreservation" name="test_manager_shows_revenue_and_tips" time="0.169" /><testcase classname="backend.tests.test_iteration31_integration.TestDemoDataPreservation" name="test_staff_has_4_barmen" time="0.127" /><testcase classname="backend.tests.test_iteration31_integration.TestIntegrationPulseToTap" name="test_pulse_intake_creates_guest" time="0.113" /><testcase classname="backend.tests.test_iteration31_integration.TestIntegrationPulseToTap" name="test_entry_decision_creates_tap_session" time="0.561" /><testcase classname="backend.tests.test_iteration31_integration.TestIntegrationTapToKDS" name="test_alcohol_item_creates_bar_ticket" time="0.598" /><testcase classname="backend.tests.test_iteration31_integration.TestIntegrationTapToKDS" name="test_food_item_creates_kitchen_ticket" time="0.496" /><testcase classname="backend.tests.test_iteration31_integration.TestIntegrationPayHereToManager" name="test_close_with_pay_here_and_record_tip" time="0.741" /><testcase classname="backend.tests.test_iteration31_integration.TestIntegrationTableSessions" name="test_table_sessions_appear_in_tap" time="0.240" /><testcase classname="backend.tests.test_iteration31_integration.TestIntegrationStaffSync" name="test_manager_staff_syncs_to_barmen" time="0.238" /><testcase classname="backend.tests.test_iteration31_integration.TestCatalog" name="test_catalog_has_food_and_drinks" time="0.119" /><testcase classname="backend.tests.test_iteration31_integration.TestAPIHealth" name="test_health_endpoint" time="0.134" /><testcase classname="backend.tests.test_iteration31_integration.TestAPIHealth" name="test_login_works" time="0.339" /></testsuite></testsuites>