<?xml version="1.0" encoding="utf-8"?><testsuites name="pytest tests"><testsuite name="pytest" errors="0" failures="0" skipped="0" tests="11" time="2.651" timestamp="2026-02-28T02:54:36.607353+00:00" hostname="agent-env-aa8e9705-7a69-4f2b-a237-e3aa9673dcaf"><testcase classname="backend.tests.test_p0_bugs_iteration30.TestBug1StaffSync" name="test_create_staff_via_manager" time="0.526" /><testcase classname="backend.tests.test_p0_bugs_iteration30.TestBug1StaffSync" name="test_staff_appears_in_barmen_dropdown" time="0.119" /><testcase classname="backend.tests.test_p0_bugs_iteration30.TestBug1StaffSync" name="test_cleanup_created_staff" time="0.107" /><testcase classname="backend.tests.test_p0_bugs_iteration30.TestBug2PayHereFlow" name="test_open_tab" time="0.112" /><testcase classname="backend.tests.test_p0_bugs_iteration30.TestBug2PayHereFlow" name="test_get_catalog_items" time="0.125" /><testcase classname="backend.tests.test_p0_bugs_iteration30.TestBug2PayHereFlow" name="test_add_item_to_tab" time="0.109" /><testcase classname="backend.tests.test_p0_bugs_iteration30.TestBug2PayHereFlow" name="test_close_tab_with_pay_here" time="0.126" /><testcase classname="backend.tests.test_p0_bugs_iteration30.TestBug3TipSync" name="test_record_tip" time="0.117" /><testcase classname="backend.tests.test_p0_bugs_iteration30.TestBug3TipSync" name="test_shift_overview_shows_tips" time="0.115" /><testcase classname="backend.tests.test_p0_bugs_iteration30.TestBug3TipSync" name="test_staff_costs_shows_tips" time="0.122" /><testcase classname="backend.tests.test_p0_bugs_iteration30.TestE2EFullFlow" name="test_full_e2e_flow" time="1.005" /></testsuite></testsuites>