<?xml version="1.0" encoding="utf-8"?><testsuites name="pytest tests"><testsuite name="pytest" errors="0" failures="0" skipped="0" tests="11" time="4.574" timestamp="2026-02-27T08:32:56.684876+00:00" hostname="agent-env-d482824d-ae33-4e51-9fc3-43cefd55a3e6"><testcase classname="backend.tests.test_demo_club_iteration12.TestAuth" name="test_login_success" time="0.415" /><testcase classname="backend.tests.test_demo_club_iteration12.TestAuth" name="test_login_invalid_credentials" time="0.099" /><testcase classname="backend.tests.test_demo_club_iteration12.TestVenueHome" name="test_venue_home_endpoint" time="0.449" /><testcase classname="backend.tests.test_demo_club_iteration12.TestPulseInside" name="test_inside_guests_endpoint" time="0.433" /><testcase classname="backend.tests.test_demo_club_iteration12.TestTAPPage" name="test_tap_catalog" time="0.442" /><testcase classname="backend.tests.test_demo_club_iteration12.TestTAPPage" name="test_tap_sessions" time="0.461" /><testcase classname="backend.tests.test_demo_club_iteration12.TestTablePage" name="test_tables_list" time="0.442" /><testcase classname="backend.tests.test_demo_club_iteration12.TestKitchenKDS" name="test_kds_tickets" time="0.431" /><testcase classname="backend.tests.test_demo_club_iteration12.TestBarPage" name="test_bar_catalog_categories" time="0.429" /><testcase classname="backend.tests.test_demo_club_iteration12.TestDataIntegrity" name="test_demo_guests_exist" time="0.453" /><testcase classname="backend.tests.test_demo_club_iteration12.TestDataIntegrity" name="test_demo_tables_exist" time="0.451" /></testsuite></testsuites>