<?xml version="1.0" encoding="utf-8"?><testsuites name="pytest tests"><testsuite name="pytest" errors="0" failures="0" skipped="0" tests="15" time="14.398" timestamp="2026-03-19T23:11:02.580335+00:00" hostname="agent-env-61eae71e-f9c3-40ae-a527-e1de12510891"><testcase classname="tests.test_iteration63_verify_payment.TestHealthCheck" name="test_health_returns_healthy" time="0.221" /><testcase classname="tests.test_iteration63_verify_payment.TestOnboardingPlans" name="test_plans_returns_four_plans_with_correct_pricing" time="0.217" /><testcase classname="tests.test_iteration63_verify_payment.TestLoginReturnsTokens" name="test_login_returns_access_and_refresh_tokens" time="0.534" /><testcase classname="tests.test_iteration63_verify_payment.TestRefreshTokenStillWorks" name="test_refresh_token_returns_new_pair" time="1.622" /><testcase classname="tests.test_iteration63_verify_payment.TestVerifyPaymentNoAuth" name="test_verify_payment_without_auth_returns_401" time="0.163" /><testcase classname="tests.test_iteration63_verify_payment.TestVerifyPaymentMissingSessionId" name="test_verify_payment_missing_session_id_returns_400" time="0.585" /><testcase classname="tests.test_iteration63_verify_payment.TestVerifyPaymentMissingSessionId" name="test_verify_payment_empty_session_id_returns_400" time="0.724" /><testcase classname="tests.test_iteration63_verify_payment.TestVerifyPaymentMissingSessionId" name="test_verify_payment_whitespace_session_id_returns_400" time="0.709" /><testcase classname="tests.test_iteration63_verify_payment.TestVerifyPaymentActiveUserIdempotent" name="test_active_user_verify_payment_returns_already_active_true" time="0.652" /><testcase classname="tests.test_iteration63_verify_payment.TestVerifyPaymentActiveUserIdempotent" name="test_active_user_any_session_id_returns_success" time="0.964" /><testcase classname="tests.test_iteration63_verify_payment.TestSignupCreatesPendingPaymentUser" name="test_signup_creates_pending_payment_user" time="1.682" /><testcase classname="tests.test_iteration63_verify_payment.TestPermissionsRequiresPaymentFlag" name="test_pending_payment_user_has_requires_payment_flag" time="1.619" /><testcase classname="tests.test_iteration63_verify_payment.TestVerifyPaymentInvalidSessionForPendingUser" name="test_invalid_stripe_session_returns_400" time="1.617" /><testcase classname="tests.test_iteration63_verify_payment.TestAfterFailedVerifyPaymentStatusUnchanged" name="test_failed_verify_payment_does_not_change_status" time="2.422" /><testcase classname="tests.test_iteration63_verify_payment.TestDemoUserBypassPaywall" name="test_demo_user_is_active_despite_status" time="0.581" /></testsuite></testsuites>