<?xml version="1.0" encoding="utf-8"?><testsuites name="pytest tests"><testsuite name="pytest" errors="0" failures="0" skipped="0" tests="27" time="22.325" timestamp="2026-03-19T11:34:49.229109+00:00" hostname="agent-env-33f82524-de77-4072-9260-1946721f1b0b"><testcase classname="backend.tests.test_iteration61_lovable_api.TestStandardizedResponseFormat" name="test_success_response_format" time="0.427" /><testcase classname="backend.tests.test_iteration61_lovable_api.TestStandardizedResponseFormat" name="test_error_response_format" time="0.176" /><testcase classname="backend.tests.test_iteration61_lovable_api.TestSignup" name="test_signup_returns_standardized_response" time="1.359" /><testcase classname="backend.tests.test_iteration61_lovable_api.TestLogin" name="test_login_returns_standardized_response_with_token_and_user" time="0.419" /><testcase classname="backend.tests.test_iteration61_lovable_api.TestLogin" name="test_login_wrong_credentials_returns_unauthorized" time="0.150" /><testcase classname="backend.tests.test_iteration61_lovable_api.TestAuthMe" name="test_me_returns_user_profile_with_status_onboarding_roles_venues" time="0.627" /><testcase classname="backend.tests.test_iteration61_lovable_api.TestAuthMe" name="test_me_without_token_returns_unauthorized" time="0.116" /><testcase classname="backend.tests.test_iteration61_lovable_api.TestAuthPermissions" name="test_permissions_returns_role_modules_flags" time="0.614" /><testcase classname="backend.tests.test_iteration61_lovable_api.TestAuthPaymentStatus" name="test_payment_status_returns_payment_info" time="0.596" /><testcase classname="backend.tests.test_iteration61_lovable_api.TestDemoUserCEO" name="test_ceo_demo_user_flags" time="0.590" /><testcase classname="backend.tests.test_iteration61_lovable_api.TestDemoUserFull" name="test_demo_full_user_flags" time="0.604" /><testcase classname="backend.tests.test_iteration61_lovable_api.TestDemoUserOnboarding" name="test_demo_onboarding_user_flags" time="0.583" /><testcase classname="backend.tests.test_iteration61_lovable_api.TestOnboardingPlans" name="test_plans_returns_three_plans" time="0.111" /><testcase classname="backend.tests.test_iteration61_lovable_api.TestOnboardingCreateCheckout" name="test_create_checkout_requires_auth" time="0.102" /><testcase classname="backend.tests.test_iteration61_lovable_api.TestOnboardingCreateCheckout" name="test_create_checkout_returns_stripe_url" time="1.762" /><testcase classname="backend.tests.test_iteration61_lovable_api.TestOnboardingFlow" name="test_account_setup_returns_standardized_response" time="1.355" /><testcase classname="backend.tests.test_iteration61_lovable_api.TestOnboardingFlow" name="test_password_reset_returns_standardized_response" time="1.734" /><testcase classname="backend.tests.test_iteration61_lovable_api.TestOnboardingFlow" name="test_modules_setup_returns_standardized_response" time="1.631" /><testcase classname="backend.tests.test_iteration61_lovable_api.TestOnboardingFlow" name="test_team_setup_returns_standardized_response" time="1.456" /><testcase classname="backend.tests.test_iteration61_lovable_api.TestOnboardingFlow" name="test_complete_returns_standardized_response" time="1.439" /><testcase classname="backend.tests.test_iteration61_lovable_api.TestOnboardingFlow" name="test_permissions_after_onboarding_complete" time="1.818" /><testcase classname="backend.tests.test_iteration61_lovable_api.TestLogout" name="test_logout_invalidates_token" time="0.514" /><testcase classname="backend.tests.test_iteration61_lovable_api.TestValidationErrors" name="test_signup_missing_fields_returns_validation_error" time="0.111" /><testcase classname="backend.tests.test_iteration61_lovable_api.TestValidationErrors" name="test_login_missing_fields_returns_validation_error" time="0.101" /><testcase classname="backend.tests.test_iteration61_lovable_api.TestValidationErrors" name="test_password_reset_short_password_returns_error" time="1.360" /><testcase classname="backend.tests.test_iteration61_lovable_api.TestUserDeletion" name="test_delete_test_user" time="1.740" /><testcase classname="backend.tests.test_iteration61_lovable_api.TestUserDeletion" name="test_cannot_delete_system_account" time="0.759" /></testsuite></testsuites>