<?xml version="1.0" encoding="utf-8"?><testsuites name="pytest tests"><testsuite name="pytest" errors="0" failures="0" skipped="0" tests="20" time="2.415" timestamp="2026-02-28T00:34:57.821210+00:00" hostname="agent-env-77a8ecee-73e7-4f17-998b-82b7c3cec76a"><testcase classname="backend.tests.test_iteration26_ceo_pulse_bar.TestLogin" name="test_login_with_credentials" time="0.487" /><testcase classname="backend.tests.test_iteration26_ceo_pulse_bar.TestPulseBarSearch" name="test_bar_search_by_tab_number" time="0.494" /><testcase classname="backend.tests.test_iteration26_ceo_pulse_bar.TestPulseBarSearch" name="test_bar_search_with_hash_prefix" time="0.063" /><testcase classname="backend.tests.test_iteration26_ceo_pulse_bar.TestPulseBarSearch" name="test_bar_search_by_guest_name" time="0.061" /><testcase classname="backend.tests.test_iteration26_ceo_pulse_bar.TestPulseBarSearch" name="test_bar_search_empty_query" time="0.058" /><testcase classname="backend.tests.test_iteration26_ceo_pulse_bar.TestCEOHealth" name="test_get_health_kpis" time="0.079" /><testcase classname="backend.tests.test_iteration26_ceo_pulse_bar.TestCEORevenue" name="test_get_revenue_month" time="0.077" /><testcase classname="backend.tests.test_iteration26_ceo_pulse_bar.TestCEORevenue" name="test_get_revenue_week" time="0.076" /><testcase classname="backend.tests.test_iteration26_ceo_pulse_bar.TestCEORevenue" name="test_get_revenue_year" time="0.066" /><testcase classname="backend.tests.test_iteration26_ceo_pulse_bar.TestCEOTargets" name="test_get_targets" time="0.064" /><testcase classname="backend.tests.test_iteration26_ceo_pulse_bar.TestCEOTargets" name="test_update_targets" time="0.197" /><testcase classname="backend.tests.test_iteration26_ceo_pulse_bar.TestCEOCompanies" name="test_get_companies" time="0.068" /><testcase classname="backend.tests.test_iteration26_ceo_pulse_bar.TestCEOModules" name="test_get_modules" time="0.058" /><testcase classname="backend.tests.test_iteration26_ceo_pulse_bar.TestCEOAlerts" name="test_get_alerts" time="0.079" /><testcase classname="backend.tests.test_iteration26_ceo_pulse_bar.TestCEOPipeline" name="test_get_pipeline" time="0.063" /><testcase classname="backend.tests.test_iteration26_ceo_pulse_bar.TestRegressionTablePage" name="test_table_tables_returns_8" time="0.067" /><testcase classname="backend.tests.test_iteration26_ceo_pulse_bar.TestRegressionOwnerDashboard" name="test_owner_dashboard_business_view" time="0.086" /><testcase classname="backend.tests.test_iteration26_ceo_pulse_bar.TestRegressionOwnerDashboard" name="test_owner_dashboard_venue_view" time="0.063" /><testcase classname="backend.tests.test_iteration26_ceo_pulse_bar.TestRegressionOwnerDashboard" name="test_owner_dashboard_event_view" time="0.061" /><testcase classname="backend.tests.test_iteration26_ceo_pulse_bar.TestRegressionManagerGuests" name="test_manager_guests_sorted_by_spend" time="0.063" /></testsuite></testsuites>