<?xml version="1.0" encoding="utf-8"?><testsuites name="pytest tests"><testsuite name="pytest" errors="0" failures="0" skipped="0" tests="9" time="4.575" timestamp="2026-02-27T20:50:39.869555+00:00" hostname="agent-env-466638ca-7161-4e9e-98a5-988e53ca65fe"><testcase classname="backend.tests.test_iteration16_owner_dashboard.TestAuth" name="test_login_success" time="0.428" /><testcase classname="backend.tests.test_iteration16_owner_dashboard.TestP0UserDeletionProtection" name="test_delete_protected_user_returns_403" time="0.634" /><testcase classname="backend.tests.test_iteration16_owner_dashboard.TestOwnerDashboard" name="test_get_owner_dashboard" time="0.499" /><testcase classname="backend.tests.test_iteration16_owner_dashboard.TestOwnerVenues" name="test_get_owner_venues" time="0.468" /><testcase classname="backend.tests.test_iteration16_owner_dashboard.TestOwnerInsights" name="test_get_owner_insights" time="0.498" /><testcase classname="backend.tests.test_iteration16_owner_dashboard.TestOwnerFinance" name="test_get_owner_finance" time="0.551" /><testcase classname="backend.tests.test_iteration16_owner_dashboard.TestOwnerGrowth" name="test_get_owner_growth" time="0.491" /><testcase classname="backend.tests.test_iteration16_owner_dashboard.TestOwnerPeople" name="test_get_owner_people" time="0.466" /><testcase classname="backend.tests.test_iteration16_owner_dashboard.TestOwnerSystem" name="test_get_owner_system" time="0.459" /></testsuite></testsuites>