<?xml version="1.0" encoding="utf-8"?><testsuites name="pytest tests"><testsuite name="pytest" errors="0" failures="0" skipped="0" tests="11" time="5.140" timestamp="2026-03-18T19:43:34.499660+00:00" hostname="agent-env-1246ac1e-9265-40c9-ba37-8e9c22393a1c"><testcase classname="backend.tests.test_iteration51_modifiers.TestModifiersBackend" name="test_login_success" time="0.471" /><testcase classname="backend.tests.test_iteration51_modifiers.TestModifiersBackend" name="test_get_catalog_with_ingredients" time="0.464" /><testcase classname="backend.tests.test_iteration51_modifiers.TestModifiersBackend" name="test_get_single_catalog_item_with_ingredients" time="0.218" /><testcase classname="backend.tests.test_iteration51_modifiers.TestModifiersBackend" name="test_open_session_add_item_update_modifiers" time="0.862" /><testcase classname="backend.tests.test_iteration51_modifiers.TestModifiersBackend" name="test_void_item_with_modifiers" time="0.842" /><testcase classname="backend.tests.test_iteration51_modifiers.TestModifiersBackend" name="test_add_item_with_modifiers_inline" time="0.521" /><testcase classname="backend.tests.test_iteration51_modifiers.TestKDSModifiers" name="test_kds_tickets_have_modifiers" time="0.162" /><testcase classname="backend.tests.test_iteration51_modifiers.TestKDSModifiers" name="test_kds_bar_tickets" time="0.155" /><testcase classname="backend.tests.test_iteration51_modifiers.TestModifierEdgeCases" name="test_update_modifiers_closed_session" time="0.653" /><testcase classname="backend.tests.test_iteration51_modifiers.TestModifierEdgeCases" name="test_update_modifiers_invalid_item" time="0.240" /><testcase classname="backend.tests.test_iteration51_modifiers.TestModifierEdgeCases" name="test_empty_modifiers" time="0.480" /></testsuite></testsuites>