<?xml version="1.0" encoding="utf-8"?><testsuites name="pytest tests"><testsuite name="pytest" errors="0" failures="0" skipped="0" tests="15" time="2.436" timestamp="2026-03-21T03:05:55.101726+00:00" hostname="agent-env-55f8fe62-9b61-40c8-8d0a-cdec9335bdcc"><testcase classname="backend.tests.test_onboarding_wizard.TestOnboardingStatus" name="test_status_requires_auth" time="0.171" /><testcase classname="backend.tests.test_onboarding_wizard.TestOnboardingStatus" name="test_status_for_not_onboarded_user" time="0.504" /><testcase classname="backend.tests.test_onboarding_wizard.TestOnboardingStatus" name="test_status_for_onboarded_user" time="0.453" /><testcase classname="backend.tests.test_onboarding_wizard.TestSaveConfig" name="test_save_config_requires_auth" time="0.052" /><testcase classname="backend.tests.test_onboarding_wizard.TestSaveConfig" name="test_save_config_basic" time="0.113" /><testcase classname="backend.tests.test_onboarding_wizard.TestSaveConfig" name="test_save_config_with_team_members" time="0.096" /><testcase classname="backend.tests.test_onboarding_wizard.TestSaveConfig" name="test_save_config_with_all_modules" time="0.127" /><testcase classname="backend.tests.test_onboarding_wizard.TestOnboardingComplete" name="test_complete_requires_auth" time="0.044" /><testcase classname="backend.tests.test_onboarding_wizard.TestOnboardingComplete" name="test_complete_with_empty_body" time="0.145" /><testcase classname="backend.tests.test_onboarding_wizard.TestOnboardingComplete" name="test_complete_with_full_config" time="0.156" /><testcase classname="backend.tests.test_onboarding_wizard.TestOnboardingSkip" name="test_skip_requires_auth" time="0.045" /><testcase classname="backend.tests.test_onboarding_wizard.TestOnboardingSkip" name="test_skip_onboarding" time="0.107" /><testcase classname="backend.tests.test_onboarding_wizard.TestOnboardingPlans" name="test_get_plans" time="0.050" /><testcase classname="backend.tests.test_onboarding_wizard.TestAuthMeRedirect" name="test_auth_me_not_onboarded" time="0.184" /><testcase classname="backend.tests.test_onboarding_wizard.TestAuthMeRedirect" name="test_auth_me_onboarded" time="0.122" /></testsuite></testsuites>