<?xml version="1.0" encoding="utf-8"?><testsuites name="pytest tests"><testsuite name="pytest" errors="0" failures="0" skipped="0" tests="15" time="11.891" timestamp="2026-03-25T08:58:36.372147+00:00" hostname="agent-env-ce59d0c1-1c10-42ba-a8a2-38c4c60a43d2"><testcase classname="backend.tests.test_iteration94_e2e_pos_flow.TestAuthEndpoints" name="test_login_returns_tokens_and_user" time="0.612" /><testcase classname="backend.tests.test_iteration94_e2e_pos_flow.TestAuthEndpoints" name="test_login_invalid_credentials" time="0.144" /><testcase classname="backend.tests.test_iteration94_e2e_pos_flow.TestVenueEndpoints" name="test_venue_home" time="0.529" /><testcase classname="backend.tests.test_iteration94_e2e_pos_flow.TestTapSessionsEndpoints" name="test_get_open_sessions" time="0.558" /><testcase classname="backend.tests.test_iteration94_e2e_pos_flow.TestTapSessionsEndpoints" name="test_get_catalog" time="0.516" /><testcase classname="backend.tests.test_iteration94_e2e_pos_flow.TestPulseEndpoints" name="test_get_inside_guests" time="0.555" /><testcase classname="backend.tests.test_iteration94_e2e_pos_flow.TestPulseEndpoints" name="test_get_today_entries" time="0.570" /><testcase classname="backend.tests.test_iteration94_e2e_pos_flow.TestPulseEndpoints" name="test_guest_intake_with_photo" time="0.660" /><testcase classname="backend.tests.test_iteration94_e2e_pos_flow.TestTableEndpoints" name="test_get_tables" time="0.573" /><testcase classname="backend.tests.test_iteration94_e2e_pos_flow.TestSessionOpenEndpoint" name="test_open_session_formdata" time="0.620" /><testcase classname="backend.tests.test_iteration94_e2e_pos_flow.TestAddItemEndpoint" name="test_add_item_with_modifiers" time="1.140" /><testcase classname="backend.tests.test_iteration94_e2e_pos_flow.TestSessionDetailEndpoint" name="test_get_session_detail" time="0.734" /><testcase classname="backend.tests.test_iteration94_e2e_pos_flow.TestCloseSessionEndpoint" name="test_close_session" time="1.248" /><testcase classname="backend.tests.test_iteration94_e2e_pos_flow.TestRecordTipEndpoint" name="test_record_tip_percent" time="1.599" /><testcase classname="backend.tests.test_iteration94_e2e_pos_flow.TestFullE2EFlow" name="test_full_e2e_tab_flow" time="1.732" /></testsuite></testsuites>