<?xml version="1.0" encoding="utf-8"?><testsuites name="pytest tests"><testsuite name="pytest" errors="0" failures="0" skipped="0" tests="15" time="14.001" timestamp="2026-03-12T05:20:12.024501+00:00" hostname="agent-env-b328355b-6e0c-4a62-940d-a458dc488fff"><testcase classname="tests.test_iteration34_websocket.TestBackendRegression" name="test_health_check" time="0.195" /><testcase classname="tests.test_iteration34_websocket.TestBackendRegression" name="test_login_flow" time="0.371" /><testcase classname="tests.test_iteration34_websocket.TestBackendRegression" name="test_tap_sessions_active" time="0.429" /><testcase classname="tests.test_iteration34_websocket.TestBackendRegression" name="test_manager_overview" time="0.104" /><testcase classname="tests.test_iteration34_websocket.TestBackendRegression" name="test_pulse_inside" time="0.117" /><testcase classname="tests.test_iteration34_websocket.TestBackendRegression" name="test_kds_tickets" time="0.110" /><testcase classname="tests.test_iteration34_websocket.TestWebSocketConnection" name="test_websocket_connects_and_stays_alive" time="2.180" /><testcase classname="tests.test_iteration34_websocket.TestWebSocketBroadcasting" name="test_item_added_broadcast" time="2.850" /><testcase classname="tests.test_iteration34_websocket.TestWebSocketBroadcasting" name="test_tab_closed_broadcast" time="2.858" /><testcase classname="tests.test_iteration34_websocket.TestTipRecordingWebSocket" name="test_tip_recorded_broadcast" time="2.726" /><testcase classname="tests.test_iteration34_websocket.TestWebSocketMultipleConnections" name="test_multiple_connections" time="1.541" /><testcase classname="tests.test_iteration34_websocket.TestRESTAPIRegression" name="test_tap_catalog" time="0.125" /><testcase classname="tests.test_iteration34_websocket.TestRESTAPIRegression" name="test_tap_stats" time="0.104" /><testcase classname="tests.test_iteration34_websocket.TestRESTAPIRegression" name="test_manager_staff" time="0.118" /><testcase classname="tests.test_iteration34_websocket.TestRESTAPIRegression" name="test_owner_dashboard" time="0.113" /></testsuite></testsuites>