<?xml version="1.0" encoding="utf-8"?><testsuites name="pytest tests"><testsuite name="pytest" errors="14" failures="0" skipped="0" tests="14" time="0.285" timestamp="2026-02-27T08:55:55.404275+00:00" hostname="agent-env-d482824d-ae33-4e51-9fc3-43cefd55a3e6"><testcase classname="backend.tests.test_iteration13_features.TestCatalogCRUD" name="test_create_catalog_item" time="0.140"><error message="failed on setup with &quot;AssertionError: Login failed: {&quot;detail&quot;:[{&quot;type&quot;:&quot;model_attributes_type&quot;,&quot;loc&quot;:[&quot;body&quot;],&quot;msg&quot;:&quot;Input should be a valid dictionary or object to extract fields from&quot;,&quot;input&quot;:&quot;email=teste%40teste.com&amp;password=12345&quot;,&quot;url&quot;:&quot;https://errors.pydantic.dev/2.12/v/model_attributes_type&quot;}]}&#10;assert 422 == 200&#10; +  where 422 = &lt;Response [422]&gt;.status_code&quot;">backend/tests/test_iteration13_features.py:24: in auth_token
    assert response.status_code == 200, f"Login failed: {response.text}"
E   AssertionError: Login failed: {"detail":[{"type":"model_attributes_type","loc":["body"],"msg":"Input should be a valid dictionary or object to extract fields from","input":"email=teste%40teste.com&amp;password=12345","url":"https://errors.pydantic.dev/2.12/v/model_attributes_type"}]}
E   assert 422 == 200
E    +  where 422 = &lt;Response [422]&gt;.status_code</error></testcase><testcase classname="backend.tests.test_iteration13_features.TestCatalogCRUD" name="test_get_catalog_shows_new_item" time="0.000"><error message="failed on setup with &quot;AssertionError: Login failed: {&quot;detail&quot;:[{&quot;type&quot;:&quot;model_attributes_type&quot;,&quot;loc&quot;:[&quot;body&quot;],&quot;msg&quot;:&quot;Input should be a valid dictionary or object to extract fields from&quot;,&quot;input&quot;:&quot;email=teste%40teste.com&amp;password=12345&quot;,&quot;url&quot;:&quot;https://errors.pydantic.dev/2.12/v/model_attributes_type&quot;}]}&#10;assert 422 == 200&#10; +  where 422 = &lt;Response [422]&gt;.status_code&quot;">backend/tests/test_iteration13_features.py:24: in auth_token
    assert response.status_code == 200, f"Login failed: {response.text}"
E   AssertionError: Login failed: {"detail":[{"type":"model_attributes_type","loc":["body"],"msg":"Input should be a valid dictionary or object to extract fields from","input":"email=teste%40teste.com&amp;password=12345","url":"https://errors.pydantic.dev/2.12/v/model_attributes_type"}]}
E   assert 422 == 200
E    +  where 422 = &lt;Response [422]&gt;.status_code</error></testcase><testcase classname="backend.tests.test_iteration13_features.TestCatalogCRUD" name="test_update_catalog_item" time="0.000"><error message="failed on setup with &quot;AssertionError: Login failed: {&quot;detail&quot;:[{&quot;type&quot;:&quot;model_attributes_type&quot;,&quot;loc&quot;:[&quot;body&quot;],&quot;msg&quot;:&quot;Input should be a valid dictionary or object to extract fields from&quot;,&quot;input&quot;:&quot;email=teste%40teste.com&amp;password=12345&quot;,&quot;url&quot;:&quot;https://errors.pydantic.dev/2.12/v/model_attributes_type&quot;}]}&#10;assert 422 == 200&#10; +  where 422 = &lt;Response [422]&gt;.status_code&quot;">backend/tests/test_iteration13_features.py:24: in auth_token
    assert response.status_code == 200, f"Login failed: {response.text}"
E   AssertionError: Login failed: {"detail":[{"type":"model_attributes_type","loc":["body"],"msg":"Input should be a valid dictionary or object to extract fields from","input":"email=teste%40teste.com&amp;password=12345","url":"https://errors.pydantic.dev/2.12/v/model_attributes_type"}]}
E   assert 422 == 200
E    +  where 422 = &lt;Response [422]&gt;.status_code</error></testcase><testcase classname="backend.tests.test_iteration13_features.TestCatalogCRUD" name="test_delete_catalog_item" time="0.000"><error message="failed on setup with &quot;AssertionError: Login failed: {&quot;detail&quot;:[{&quot;type&quot;:&quot;model_attributes_type&quot;,&quot;loc&quot;:[&quot;body&quot;],&quot;msg&quot;:&quot;Input should be a valid dictionary or object to extract fields from&quot;,&quot;input&quot;:&quot;email=teste%40teste.com&amp;password=12345&quot;,&quot;url&quot;:&quot;https://errors.pydantic.dev/2.12/v/model_attributes_type&quot;}]}&#10;assert 422 == 200&#10; +  where 422 = &lt;Response [422]&gt;.status_code&quot;">backend/tests/test_iteration13_features.py:24: in auth_token
    assert response.status_code == 200, f"Login failed: {response.text}"
E   AssertionError: Login failed: {"detail":[{"type":"model_attributes_type","loc":["body"],"msg":"Input should be a valid dictionary or object to extract fields from","input":"email=teste%40teste.com&amp;password=12345","url":"https://errors.pydantic.dev/2.12/v/model_attributes_type"}]}
E   assert 422 == 200
E    +  where 422 = &lt;Response [422]&gt;.status_code</error></testcase><testcase classname="backend.tests.test_iteration13_features.TestCatalogCRUD" name="test_verify_deleted_item_gone" time="0.000"><error message="failed on setup with &quot;AssertionError: Login failed: {&quot;detail&quot;:[{&quot;type&quot;:&quot;model_attributes_type&quot;,&quot;loc&quot;:[&quot;body&quot;],&quot;msg&quot;:&quot;Input should be a valid dictionary or object to extract fields from&quot;,&quot;input&quot;:&quot;email=teste%40teste.com&amp;password=12345&quot;,&quot;url&quot;:&quot;https://errors.pydantic.dev/2.12/v/model_attributes_type&quot;}]}&#10;assert 422 == 200&#10; +  where 422 = &lt;Response [422]&gt;.status_code&quot;">backend/tests/test_iteration13_features.py:24: in auth_token
    assert response.status_code == 200, f"Login failed: {response.text}"
E   AssertionError: Login failed: {"detail":[{"type":"model_attributes_type","loc":["body"],"msg":"Input should be a valid dictionary or object to extract fields from","input":"email=teste%40teste.com&amp;password=12345","url":"https://errors.pydantic.dev/2.12/v/model_attributes_type"}]}
E   assert 422 == 200
E    +  where 422 = &lt;Response [422]&gt;.status_code</error></testcase><testcase classname="backend.tests.test_iteration13_features.TestCatalogCategories" name="test_catalog_has_expected_categories" time="0.000"><error message="failed on setup with &quot;AssertionError: Login failed: {&quot;detail&quot;:[{&quot;type&quot;:&quot;model_attributes_type&quot;,&quot;loc&quot;:[&quot;body&quot;],&quot;msg&quot;:&quot;Input should be a valid dictionary or object to extract fields from&quot;,&quot;input&quot;:&quot;email=teste%40teste.com&amp;password=12345&quot;,&quot;url&quot;:&quot;https://errors.pydantic.dev/2.12/v/model_attributes_type&quot;}]}&#10;assert 422 == 200&#10; +  where 422 = &lt;Response [422]&gt;.status_code&quot;">backend/tests/test_iteration13_features.py:24: in auth_token
    assert response.status_code == 200, f"Login failed: {response.text}"
E   AssertionError: Login failed: {"detail":[{"type":"model_attributes_type","loc":["body"],"msg":"Input should be a valid dictionary or object to extract fields from","input":"email=teste%40teste.com&amp;password=12345","url":"https://errors.pydantic.dev/2.12/v/model_attributes_type"}]}
E   assert 422 == 200
E    +  where 422 = &lt;Response [422]&gt;.status_code</error></testcase><testcase classname="backend.tests.test_iteration13_features.TestEntryDecisionAutoTabCreation" name="test_create_guest_for_entry" time="0.000"><error message="failed on setup with &quot;AssertionError: Login failed: {&quot;detail&quot;:[{&quot;type&quot;:&quot;model_attributes_type&quot;,&quot;loc&quot;:[&quot;body&quot;],&quot;msg&quot;:&quot;Input should be a valid dictionary or object to extract fields from&quot;,&quot;input&quot;:&quot;email=teste%40teste.com&amp;password=12345&quot;,&quot;url&quot;:&quot;https://errors.pydantic.dev/2.12/v/model_attributes_type&quot;}]}&#10;assert 422 == 200&#10; +  where 422 = &lt;Response [422]&gt;.status_code&quot;">backend/tests/test_iteration13_features.py:24: in auth_token
    assert response.status_code == 200, f"Login failed: {response.text}"
E   AssertionError: Login failed: {"detail":[{"type":"model_attributes_type","loc":["body"],"msg":"Input should be a valid dictionary or object to extract fields from","input":"email=teste%40teste.com&amp;password=12345","url":"https://errors.pydantic.dev/2.12/v/model_attributes_type"}]}
E   assert 422 == 200
E    +  where 422 = &lt;Response [422]&gt;.status_code</error></testcase><testcase classname="backend.tests.test_iteration13_features.TestEntryDecisionAutoTabCreation" name="test_entry_decision_creates_tab" time="0.000"><error message="failed on setup with &quot;AssertionError: Login failed: {&quot;detail&quot;:[{&quot;type&quot;:&quot;model_attributes_type&quot;,&quot;loc&quot;:[&quot;body&quot;],&quot;msg&quot;:&quot;Input should be a valid dictionary or object to extract fields from&quot;,&quot;input&quot;:&quot;email=teste%40teste.com&amp;password=12345&quot;,&quot;url&quot;:&quot;https://errors.pydantic.dev/2.12/v/model_attributes_type&quot;}]}&#10;assert 422 == 200&#10; +  where 422 = &lt;Response [422]&gt;.status_code&quot;">backend/tests/test_iteration13_features.py:24: in auth_token
    assert response.status_code == 200, f"Login failed: {response.text}"
E   AssertionError: Login failed: {"detail":[{"type":"model_attributes_type","loc":["body"],"msg":"Input should be a valid dictionary or object to extract fields from","input":"email=teste%40teste.com&amp;password=12345","url":"https://errors.pydantic.dev/2.12/v/model_attributes_type"}]}
E   assert 422 == 200
E    +  where 422 = &lt;Response [422]&gt;.status_code</error></testcase><testcase classname="backend.tests.test_iteration13_features.TestEntryDecisionAutoTabCreation" name="test_inside_guests_shows_tab_number" time="0.000"><error message="failed on setup with &quot;AssertionError: Login failed: {&quot;detail&quot;:[{&quot;type&quot;:&quot;model_attributes_type&quot;,&quot;loc&quot;:[&quot;body&quot;],&quot;msg&quot;:&quot;Input should be a valid dictionary or object to extract fields from&quot;,&quot;input&quot;:&quot;email=teste%40teste.com&amp;password=12345&quot;,&quot;url&quot;:&quot;https://errors.pydantic.dev/2.12/v/model_attributes_type&quot;}]}&#10;assert 422 == 200&#10; +  where 422 = &lt;Response [422]&gt;.status_code&quot;">backend/tests/test_iteration13_features.py:24: in auth_token
    assert response.status_code == 200, f"Login failed: {response.text}"
E   AssertionError: Login failed: {"detail":[{"type":"model_attributes_type","loc":["body"],"msg":"Input should be a valid dictionary or object to extract fields from","input":"email=teste%40teste.com&amp;password=12345","url":"https://errors.pydantic.dev/2.12/v/model_attributes_type"}]}
E   assert 422 == 200
E    +  where 422 = &lt;Response [422]&gt;.status_code</error></testcase><testcase classname="backend.tests.test_iteration13_features.TestTapSessionsWithTabNumber" name="test_sessions_have_tab_numbers" time="0.000"><error message="failed on setup with &quot;AssertionError: Login failed: {&quot;detail&quot;:[{&quot;type&quot;:&quot;model_attributes_type&quot;,&quot;loc&quot;:[&quot;body&quot;],&quot;msg&quot;:&quot;Input should be a valid dictionary or object to extract fields from&quot;,&quot;input&quot;:&quot;email=teste%40teste.com&amp;password=12345&quot;,&quot;url&quot;:&quot;https://errors.pydantic.dev/2.12/v/model_attributes_type&quot;}]}&#10;assert 422 == 200&#10; +  where 422 = &lt;Response [422]&gt;.status_code&quot;">backend/tests/test_iteration13_features.py:24: in auth_token
    assert response.status_code == 200, f"Login failed: {response.text}"
E   AssertionError: Login failed: {"detail":[{"type":"model_attributes_type","loc":["body"],"msg":"Input should be a valid dictionary or object to extract fields from","input":"email=teste%40teste.com&amp;password=12345","url":"https://errors.pydantic.dev/2.12/v/model_attributes_type"}]}
E   assert 422 == 200
E    +  where 422 = &lt;Response [422]&gt;.status_code</error></testcase><testcase classname="backend.tests.test_iteration13_features.TestTablePageTabNumber" name="test_tables_endpoint" time="0.000"><error message="failed on setup with &quot;AssertionError: Login failed: {&quot;detail&quot;:[{&quot;type&quot;:&quot;model_attributes_type&quot;,&quot;loc&quot;:[&quot;body&quot;],&quot;msg&quot;:&quot;Input should be a valid dictionary or object to extract fields from&quot;,&quot;input&quot;:&quot;email=teste%40teste.com&amp;password=12345&quot;,&quot;url&quot;:&quot;https://errors.pydantic.dev/2.12/v/model_attributes_type&quot;}]}&#10;assert 422 == 200&#10; +  where 422 = &lt;Response [422]&gt;.status_code&quot;">backend/tests/test_iteration13_features.py:24: in auth_token
    assert response.status_code == 200, f"Login failed: {response.text}"
E   AssertionError: Login failed: {"detail":[{"type":"model_attributes_type","loc":["body"],"msg":"Input should be a valid dictionary or object to extract fields from","input":"email=teste%40teste.com&amp;password=12345","url":"https://errors.pydantic.dev/2.12/v/model_attributes_type"}]}
E   assert 422 == 200
E    +  where 422 = &lt;Response [422]&gt;.status_code</error></testcase><testcase classname="backend.tests.test_iteration13_features.TestKDSEndpoints" name="test_kds_tickets_endpoint" time="0.000"><error message="failed on setup with &quot;AssertionError: Login failed: {&quot;detail&quot;:[{&quot;type&quot;:&quot;model_attributes_type&quot;,&quot;loc&quot;:[&quot;body&quot;],&quot;msg&quot;:&quot;Input should be a valid dictionary or object to extract fields from&quot;,&quot;input&quot;:&quot;email=teste%40teste.com&amp;password=12345&quot;,&quot;url&quot;:&quot;https://errors.pydantic.dev/2.12/v/model_attributes_type&quot;}]}&#10;assert 422 == 200&#10; +  where 422 = &lt;Response [422]&gt;.status_code&quot;">backend/tests/test_iteration13_features.py:24: in auth_token
    assert response.status_code == 200, f"Login failed: {response.text}"
E   AssertionError: Login failed: {"detail":[{"type":"model_attributes_type","loc":["body"],"msg":"Input should be a valid dictionary or object to extract fields from","input":"email=teste%40teste.com&amp;password=12345","url":"https://errors.pydantic.dev/2.12/v/model_attributes_type"}]}
E   assert 422 == 200
E    +  where 422 = &lt;Response [422]&gt;.status_code</error></testcase><testcase classname="backend.tests.test_iteration13_features.TestKDSEndpoints" name="test_kds_status_update" time="0.000"><error message="failed on setup with &quot;AssertionError: Login failed: {&quot;detail&quot;:[{&quot;type&quot;:&quot;model_attributes_type&quot;,&quot;loc&quot;:[&quot;body&quot;],&quot;msg&quot;:&quot;Input should be a valid dictionary or object to extract fields from&quot;,&quot;input&quot;:&quot;email=teste%40teste.com&amp;password=12345&quot;,&quot;url&quot;:&quot;https://errors.pydantic.dev/2.12/v/model_attributes_type&quot;}]}&#10;assert 422 == 200&#10; +  where 422 = &lt;Response [422]&gt;.status_code&quot;">backend/tests/test_iteration13_features.py:24: in auth_token
    assert response.status_code == 200, f"Login failed: {response.text}"
E   AssertionError: Login failed: {"detail":[{"type":"model_attributes_type","loc":["body"],"msg":"Input should be a valid dictionary or object to extract fields from","input":"email=teste%40teste.com&amp;password=12345","url":"https://errors.pydantic.dev/2.12/v/model_attributes_type"}]}
E   assert 422 == 200
E    +  where 422 = &lt;Response [422]&gt;.status_code</error></testcase><testcase classname="backend.tests.test_iteration13_features.TestCleanup" name="test_cleanup_test_guest" time="0.000"><error message="failed on setup with &quot;AssertionError: Login failed: {&quot;detail&quot;:[{&quot;type&quot;:&quot;model_attributes_type&quot;,&quot;loc&quot;:[&quot;body&quot;],&quot;msg&quot;:&quot;Input should be a valid dictionary or object to extract fields from&quot;,&quot;input&quot;:&quot;email=teste%40teste.com&amp;password=12345&quot;,&quot;url&quot;:&quot;https://errors.pydantic.dev/2.12/v/model_attributes_type&quot;}]}&#10;assert 422 == 200&#10; +  where 422 = &lt;Response [422]&gt;.status_code&quot;">backend/tests/test_iteration13_features.py:24: in auth_token
    assert response.status_code == 200, f"Login failed: {response.text}"
E   AssertionError: Login failed: {"detail":[{"type":"model_attributes_type","loc":["body"],"msg":"Input should be a valid dictionary or object to extract fields from","input":"email=teste%40teste.com&amp;password=12345","url":"https://errors.pydantic.dev/2.12/v/model_attributes_type"}]}
E   assert 422 == 200
E    +  where 422 = &lt;Response [422]&gt;.status_code</error></testcase></testsuite></testsuites>