<?xml version="1.0" encoding="utf-8"?><testsuites name="pytest tests"><testsuite name="pytest" errors="11" failures="0" skipped="0" tests="11" time="2.422" timestamp="2026-02-27T21:13:39.126827+00:00" hostname="agent-env-466638ca-7161-4e9e-98a5-988e53ca65fe"><testcase classname="backend.tests.test_iteration17_five_features.TestFeature1PulseGuestToday" name="test_get_today_entries_returns_tab_number" time="0.482"><error message="failed on setup with &quot;AssertionError: No token in response&#10;assert 'token' in {'access_token': 'eyJhbGciOiJIUzI1NiIsInR5cCI6IkpXVCJ9.eyJzdWIiOiI3NGFlMWU4ZS1kMzYyLTQ5YzMtODJlNi00YjBjMmU5YTQzYzIiLCJlbWFpbCI6InRlc3RlQHRlc3RlLmNvbSIsInJvbGVzIjpbeyJ1c2VyX2lkIjoiNzRhZTFlOGUtZDM2Mi00OWMzLTgyZTYtNGIwYzJlOWE0M2MyIiwiY29tcGFueV9pZCI6ImMwMDAwMDAxLTAwMDAtMDAwMC0wMDAwLTAwMDAwMDAwMDAwMSIsInZlbnVlX2lkIjoiNDBhMjRlMDQtNzViNi00MzVkLWJmZmYtYWIwZDQ2OWNlNTQzIiwicm9sZSI6InBsYXRmb3JtX2FkbWluIiwicGVybWlzc2lvbnMiOnsia2RzIjp0cnVlLCJIT1NUX0NPTExFQ1RfRE9CIjp0cnVlfX1dLCJleHAiOjE3NzI4MzE2MTl9.I4iKnZMsRobAX7ThX3cmHPGdOms8S-zfucv9crAutic', 'next': {'route': '/venue/home', 'type': 'route'}, 'token_type': 'bearer', 'user': {'created_at': '2026-02-27T20:26:05.221628Z', 'email': 'teste@teste.com', 'id': '74ae1e8e-d362-49c3-82e6-4b0c2e9a43c2', 'status': 'active'}}&quot;">backend/tests/test_iteration17_five_features.py:34: in auth_token
    assert "token" in data, "No token in response"
E   AssertionError: No token in response
E   assert 'token' in {'access_token': 'eyJhbGciOiJIUzI1NiIsInR5cCI6IkpXVCJ9.eyJzdWIiOiI3NGFlMWU4ZS1kMzYyLTQ5YzMtODJlNi00YjBjMmU5YTQzYzIiLCJlbWFpbCI6InRlc3RlQHRlc3RlLmNvbSIsInJvbGVzIjpbeyJ1c2VyX2lkIjoiNzRhZTFlOGUtZDM2Mi00OWMzLTgyZTYtNGIwYzJlOWE0M2MyIiwiY29tcGFueV9pZCI6ImMwMDAwMDAxLTAwMDAtMDAwMC0wMDAwLTAwMDAwMDAwMDAwMSIsInZlbnVlX2lkIjoiNDBhMjRlMDQtNzViNi00MzVkLWJmZmYtYWIwZDQ2OWNlNTQzIiwicm9sZSI6InBsYXRmb3JtX2FkbWluIiwicGVybWlzc2lvbnMiOnsia2RzIjp0cnVlLCJIT1NUX0NPTExFQ1RfRE9CIjp0cnVlfX1dLCJleHAiOjE3NzI4MzE2MTl9.I4iKnZMsRobAX7ThX3cmHPGdOms8S-zfucv9crAutic', 'next': {'route': '/venue/home', 'type': 'route'}, 'token_type': 'bearer', 'user': {'created_at': '2026-02-27T20:26:05.221628Z', 'email': 'teste@teste.com', 'id': '74ae1e8e-d362-49c3-82e6-4b0c2e9a43c2', 'status': 'active'}}</error></testcase><testcase classname="backend.tests.test_iteration17_five_features.TestFeature2TableServerAssignment" name="test_get_tables_returns_server_name" time="0.363"><error message="failed on setup with &quot;AssertionError: No token in response&#10;assert 'token' in {'access_token': 'eyJhbGciOiJIUzI1NiIsInR5cCI6IkpXVCJ9.eyJzdWIiOiI3NGFlMWU4ZS1kMzYyLTQ5YzMtODJlNi00YjBjMmU5YTQzYzIiLCJlbWFpbCI6InRlc3RlQHRlc3RlLmNvbSIsInJvbGVzIjpbeyJ1c2VyX2lkIjoiNzRhZTFlOGUtZDM2Mi00OWMzLTgyZTYtNGIwYzJlOWE0M2MyIiwiY29tcGFueV9pZCI6ImMwMDAwMDAxLTAwMDAtMDAwMC0wMDAwLTAwMDAwMDAwMDAwMSIsInZlbnVlX2lkIjoiNDBhMjRlMDQtNzViNi00MzVkLWJmZmYtYWIwZDQ2OWNlNTQzIiwicm9sZSI6InBsYXRmb3JtX2FkbWluIiwicGVybWlzc2lvbnMiOnsia2RzIjp0cnVlLCJIT1NUX0NPTExFQ1RfRE9CIjp0cnVlfX1dLCJleHAiOjE3NzI4MzE2MjB9.-QwcSXFwZpnRQo6h9RneKLLuFb4MncMn4kd-IuPK1Fk', 'next': {'route': '/venue/home', 'type': 'route'}, 'token_type': 'bearer', 'user': {'created_at': '2026-02-27T20:26:05.221628Z', 'email': 'teste@teste.com', 'id': '74ae1e8e-d362-49c3-82e6-4b0c2e9a43c2', 'status': 'active'}}&quot;">backend/tests/test_iteration17_five_features.py:34: in auth_token
    assert "token" in data, "No token in response"
E   AssertionError: No token in response
E   assert 'token' in {'access_token': 'eyJhbGciOiJIUzI1NiIsInR5cCI6IkpXVCJ9.eyJzdWIiOiI3NGFlMWU4ZS1kMzYyLTQ5YzMtODJlNi00YjBjMmU5YTQzYzIiLCJlbWFpbCI6InRlc3RlQHRlc3RlLmNvbSIsInJvbGVzIjpbeyJ1c2VyX2lkIjoiNzRhZTFlOGUtZDM2Mi00OWMzLTgyZTYtNGIwYzJlOWE0M2MyIiwiY29tcGFueV9pZCI6ImMwMDAwMDAxLTAwMDAtMDAwMC0wMDAwLTAwMDAwMDAwMDAwMSIsInZlbnVlX2lkIjoiNDBhMjRlMDQtNzViNi00MzVkLWJmZmYtYWIwZDQ2OWNlNTQzIiwicm9sZSI6InBsYXRmb3JtX2FkbWluIiwicGVybWlzc2lvbnMiOnsia2RzIjp0cnVlLCJIT1NUX0NPTExFQ1RfRE9CIjp0cnVlfX1dLCJleHAiOjE3NzI4MzE2MjB9.-QwcSXFwZpnRQo6h9RneKLLuFb4MncMn4kd-IuPK1Fk', 'next': {'route': '/venue/home', 'type': 'route'}, 'token_type': 'bearer', 'user': {'created_at': '2026-02-27T20:26:05.221628Z', 'email': 'teste@teste.com', 'id': '74ae1e8e-d362-49c3-82e6-4b0c2e9a43c2', 'status': 'active'}}</error></testcase><testcase classname="backend.tests.test_iteration17_five_features.TestFeature2TableServerAssignment" name="test_assign_server_endpoint" time="0.000"><error message="failed on setup with &quot;AssertionError: No token in response&#10;assert 'token' in {'access_token': 'eyJhbGciOiJIUzI1NiIsInR5cCI6IkpXVCJ9.eyJzdWIiOiI3NGFlMWU4ZS1kMzYyLTQ5YzMtODJlNi00YjBjMmU5YTQzYzIiLCJlbWFpbCI6InRlc3RlQHRlc3RlLmNvbSIsInJvbGVzIjpbeyJ1c2VyX2lkIjoiNzRhZTFlOGUtZDM2Mi00OWMzLTgyZTYtNGIwYzJlOWE0M2MyIiwiY29tcGFueV9pZCI6ImMwMDAwMDAxLTAwMDAtMDAwMC0wMDAwLTAwMDAwMDAwMDAwMSIsInZlbnVlX2lkIjoiNDBhMjRlMDQtNzViNi00MzVkLWJmZmYtYWIwZDQ2OWNlNTQzIiwicm9sZSI6InBsYXRmb3JtX2FkbWluIiwicGVybWlzc2lvbnMiOnsia2RzIjp0cnVlLCJIT1NUX0NPTExFQ1RfRE9CIjp0cnVlfX1dLCJleHAiOjE3NzI4MzE2MjB9.-QwcSXFwZpnRQo6h9RneKLLuFb4MncMn4kd-IuPK1Fk', 'next': {'route': '/venue/home', 'type': 'route'}, 'token_type': 'bearer', 'user': {'created_at': '2026-02-27T20:26:05.221628Z', 'email': 'teste@teste.com', 'id': '74ae1e8e-d362-49c3-82e6-4b0c2e9a43c2', 'status': 'active'}}&quot;">backend/tests/test_iteration17_five_features.py:34: in auth_token
    assert "token" in data, "No token in response"
E   AssertionError: No token in response
E   assert 'token' in {'access_token': 'eyJhbGciOiJIUzI1NiIsInR5cCI6IkpXVCJ9.eyJzdWIiOiI3NGFlMWU4ZS1kMzYyLTQ5YzMtODJlNi00YjBjMmU5YTQzYzIiLCJlbWFpbCI6InRlc3RlQHRlc3RlLmNvbSIsInJvbGVzIjpbeyJ1c2VyX2lkIjoiNzRhZTFlOGUtZDM2Mi00OWMzLTgyZTYtNGIwYzJlOWE0M2MyIiwiY29tcGFueV9pZCI6ImMwMDAwMDAxLTAwMDAtMDAwMC0wMDAwLTAwMDAwMDAwMDAwMSIsInZlbnVlX2lkIjoiNDBhMjRlMDQtNzViNi00MzVkLWJmZmYtYWIwZDQ2OWNlNTQzIiwicm9sZSI6InBsYXRmb3JtX2FkbWluIiwicGVybWlzc2lvbnMiOnsia2RzIjp0cnVlLCJIT1NUX0NPTExFQ1RfRE9CIjp0cnVlfX1dLCJleHAiOjE3NzI4MzE2MjB9.-QwcSXFwZpnRQo6h9RneKLLuFb4MncMn4kd-IuPK1Fk', 'next': {'route': '/venue/home', 'type': 'route'}, 'token_type': 'bearer', 'user': {'created_at': '2026-02-27T20:26:05.221628Z', 'email': 'teste@teste.com', 'id': '74ae1e8e-d362-49c3-82e6-4b0c2e9a43c2', 'status': 'active'}}</error></testcase><testcase classname="backend.tests.test_iteration17_five_features.TestFeature3ManagerFunnelDrilldown" name="test_funnel_detail_entries" time="0.338"><error message="failed on setup with &quot;AssertionError: No token in response&#10;assert 'token' in {'access_token': 'eyJhbGciOiJIUzI1NiIsInR5cCI6IkpXVCJ9.eyJzdWIiOiI3NGFlMWU4ZS1kMzYyLTQ5YzMtODJlNi00YjBjMmU5YTQzYzIiLCJlbWFpbCI6InRlc3RlQHRlc3RlLmNvbSIsInJvbGVzIjpbeyJ1c2VyX2lkIjoiNzRhZTFlOGUtZDM2Mi00OWMzLTgyZTYtNGIwYzJlOWE0M2MyIiwiY29tcGFueV9pZCI6ImMwMDAwMDAxLTAwMDAtMDAwMC0wMDAwLTAwMDAwMDAwMDAwMSIsInZlbnVlX2lkIjoiNDBhMjRlMDQtNzViNi00MzVkLWJmZmYtYWIwZDQ2OWNlNTQzIiwicm9sZSI6InBsYXRmb3JtX2FkbWluIiwicGVybWlzc2lvbnMiOnsia2RzIjp0cnVlLCJIT1NUX0NPTExFQ1RfRE9CIjp0cnVlfX1dLCJleHAiOjE3NzI4MzE2MjB9.-QwcSXFwZpnRQo6h9RneKLLuFb4MncMn4kd-IuPK1Fk', 'next': {'route': '/venue/home', 'type': 'route'}, 'token_type': 'bearer', 'user': {'created_at': '2026-02-27T20:26:05.221628Z', 'email': 'teste@teste.com', 'id': '74ae1e8e-d362-49c3-82e6-4b0c2e9a43c2', 'status': 'active'}}&quot;">backend/tests/test_iteration17_five_features.py:34: in auth_token
    assert "token" in data, "No token in response"
E   AssertionError: No token in response
E   assert 'token' in {'access_token': 'eyJhbGciOiJIUzI1NiIsInR5cCI6IkpXVCJ9.eyJzdWIiOiI3NGFlMWU4ZS1kMzYyLTQ5YzMtODJlNi00YjBjMmU5YTQzYzIiLCJlbWFpbCI6InRlc3RlQHRlc3RlLmNvbSIsInJvbGVzIjpbeyJ1c2VyX2lkIjoiNzRhZTFlOGUtZDM2Mi00OWMzLTgyZTYtNGIwYzJlOWE0M2MyIiwiY29tcGFueV9pZCI6ImMwMDAwMDAxLTAwMDAtMDAwMC0wMDAwLTAwMDAwMDAwMDAwMSIsInZlbnVlX2lkIjoiNDBhMjRlMDQtNzViNi00MzVkLWJmZmYtYWIwZDQ2OWNlNTQzIiwicm9sZSI6InBsYXRmb3JtX2FkbWluIiwicGVybWlzc2lvbnMiOnsia2RzIjp0cnVlLCJIT1NUX0NPTExFQ1RfRE9CIjp0cnVlfX1dLCJleHAiOjE3NzI4MzE2MjB9.-QwcSXFwZpnRQo6h9RneKLLuFb4MncMn4kd-IuPK1Fk', 'next': {'route': '/venue/home', 'type': 'route'}, 'token_type': 'bearer', 'user': {'created_at': '2026-02-27T20:26:05.221628Z', 'email': 'teste@teste.com', 'id': '74ae1e8e-d362-49c3-82e6-4b0c2e9a43c2', 'status': 'active'}}</error></testcase><testcase classname="backend.tests.test_iteration17_five_features.TestFeature3ManagerFunnelDrilldown" name="test_funnel_detail_allowed" time="0.000"><error message="failed on setup with &quot;AssertionError: No token in response&#10;assert 'token' in {'access_token': 'eyJhbGciOiJIUzI1NiIsInR5cCI6IkpXVCJ9.eyJzdWIiOiI3NGFlMWU4ZS1kMzYyLTQ5YzMtODJlNi00YjBjMmU5YTQzYzIiLCJlbWFpbCI6InRlc3RlQHRlc3RlLmNvbSIsInJvbGVzIjpbeyJ1c2VyX2lkIjoiNzRhZTFlOGUtZDM2Mi00OWMzLTgyZTYtNGIwYzJlOWE0M2MyIiwiY29tcGFueV9pZCI6ImMwMDAwMDAxLTAwMDAtMDAwMC0wMDAwLTAwMDAwMDAwMDAwMSIsInZlbnVlX2lkIjoiNDBhMjRlMDQtNzViNi00MzVkLWJmZmYtYWIwZDQ2OWNlNTQzIiwicm9sZSI6InBsYXRmb3JtX2FkbWluIiwicGVybWlzc2lvbnMiOnsia2RzIjp0cnVlLCJIT1NUX0NPTExFQ1RfRE9CIjp0cnVlfX1dLCJleHAiOjE3NzI4MzE2MjB9.-QwcSXFwZpnRQo6h9RneKLLuFb4MncMn4kd-IuPK1Fk', 'next': {'route': '/venue/home', 'type': 'route'}, 'token_type': 'bearer', 'user': {'created_at': '2026-02-27T20:26:05.221628Z', 'email': 'teste@teste.com', 'id': '74ae1e8e-d362-49c3-82e6-4b0c2e9a43c2', 'status': 'active'}}&quot;">backend/tests/test_iteration17_five_features.py:34: in auth_token
    assert "token" in data, "No token in response"
E   AssertionError: No token in response
E   assert 'token' in {'access_token': 'eyJhbGciOiJIUzI1NiIsInR5cCI6IkpXVCJ9.eyJzdWIiOiI3NGFlMWU4ZS1kMzYyLTQ5YzMtODJlNi00YjBjMmU5YTQzYzIiLCJlbWFpbCI6InRlc3RlQHRlc3RlLmNvbSIsInJvbGVzIjpbeyJ1c2VyX2lkIjoiNzRhZTFlOGUtZDM2Mi00OWMzLTgyZTYtNGIwYzJlOWE0M2MyIiwiY29tcGFueV9pZCI6ImMwMDAwMDAxLTAwMDAtMDAwMC0wMDAwLTAwMDAwMDAwMDAwMSIsInZlbnVlX2lkIjoiNDBhMjRlMDQtNzViNi00MzVkLWJmZmYtYWIwZDQ2OWNlNTQzIiwicm9sZSI6InBsYXRmb3JtX2FkbWluIiwicGVybWlzc2lvbnMiOnsia2RzIjp0cnVlLCJIT1NUX0NPTExFQ1RfRE9CIjp0cnVlfX1dLCJleHAiOjE3NzI4MzE2MjB9.-QwcSXFwZpnRQo6h9RneKLLuFb4MncMn4kd-IuPK1Fk', 'next': {'route': '/venue/home', 'type': 'route'}, 'token_type': 'bearer', 'user': {'created_at': '2026-02-27T20:26:05.221628Z', 'email': 'teste@teste.com', 'id': '74ae1e8e-d362-49c3-82e6-4b0c2e9a43c2', 'status': 'active'}}</error></testcase><testcase classname="backend.tests.test_iteration17_five_features.TestFeature3ManagerFunnelDrilldown" name="test_funnel_detail_tabs_open" time="0.000"><error message="failed on setup with &quot;AssertionError: No token in response&#10;assert 'token' in {'access_token': 'eyJhbGciOiJIUzI1NiIsInR5cCI6IkpXVCJ9.eyJzdWIiOiI3NGFlMWU4ZS1kMzYyLTQ5YzMtODJlNi00YjBjMmU5YTQzYzIiLCJlbWFpbCI6InRlc3RlQHRlc3RlLmNvbSIsInJvbGVzIjpbeyJ1c2VyX2lkIjoiNzRhZTFlOGUtZDM2Mi00OWMzLTgyZTYtNGIwYzJlOWE0M2MyIiwiY29tcGFueV9pZCI6ImMwMDAwMDAxLTAwMDAtMDAwMC0wMDAwLTAwMDAwMDAwMDAwMSIsInZlbnVlX2lkIjoiNDBhMjRlMDQtNzViNi00MzVkLWJmZmYtYWIwZDQ2OWNlNTQzIiwicm9sZSI6InBsYXRmb3JtX2FkbWluIiwicGVybWlzc2lvbnMiOnsia2RzIjp0cnVlLCJIT1NUX0NPTExFQ1RfRE9CIjp0cnVlfX1dLCJleHAiOjE3NzI4MzE2MjB9.-QwcSXFwZpnRQo6h9RneKLLuFb4MncMn4kd-IuPK1Fk', 'next': {'route': '/venue/home', 'type': 'route'}, 'token_type': 'bearer', 'user': {'created_at': '2026-02-27T20:26:05.221628Z', 'email': 'teste@teste.com', 'id': '74ae1e8e-d362-49c3-82e6-4b0c2e9a43c2', 'status': 'active'}}&quot;">backend/tests/test_iteration17_five_features.py:34: in auth_token
    assert "token" in data, "No token in response"
E   AssertionError: No token in response
E   assert 'token' in {'access_token': 'eyJhbGciOiJIUzI1NiIsInR5cCI6IkpXVCJ9.eyJzdWIiOiI3NGFlMWU4ZS1kMzYyLTQ5YzMtODJlNi00YjBjMmU5YTQzYzIiLCJlbWFpbCI6InRlc3RlQHRlc3RlLmNvbSIsInJvbGVzIjpbeyJ1c2VyX2lkIjoiNzRhZTFlOGUtZDM2Mi00OWMzLTgyZTYtNGIwYzJlOWE0M2MyIiwiY29tcGFueV9pZCI6ImMwMDAwMDAxLTAwMDAtMDAwMC0wMDAwLTAwMDAwMDAwMDAwMSIsInZlbnVlX2lkIjoiNDBhMjRlMDQtNzViNi00MzVkLWJmZmYtYWIwZDQ2OWNlNTQzIiwicm9sZSI6InBsYXRmb3JtX2FkbWluIiwicGVybWlzc2lvbnMiOnsia2RzIjp0cnVlLCJIT1NUX0NPTExFQ1RfRE9CIjp0cnVlfX1dLCJleHAiOjE3NzI4MzE2MjB9.-QwcSXFwZpnRQo6h9RneKLLuFb4MncMn4kd-IuPK1Fk', 'next': {'route': '/venue/home', 'type': 'route'}, 'token_type': 'bearer', 'user': {'created_at': '2026-02-27T20:26:05.221628Z', 'email': 'teste@teste.com', 'id': '74ae1e8e-d362-49c3-82e6-4b0c2e9a43c2', 'status': 'active'}}</error></testcase><testcase classname="backend.tests.test_iteration17_five_features.TestFeature3ManagerFunnelDrilldown" name="test_funnel_detail_tabs_closed" time="0.000"><error message="failed on setup with &quot;AssertionError: No token in response&#10;assert 'token' in {'access_token': 'eyJhbGciOiJIUzI1NiIsInR5cCI6IkpXVCJ9.eyJzdWIiOiI3NGFlMWU4ZS1kMzYyLTQ5YzMtODJlNi00YjBjMmU5YTQzYzIiLCJlbWFpbCI6InRlc3RlQHRlc3RlLmNvbSIsInJvbGVzIjpbeyJ1c2VyX2lkIjoiNzRhZTFlOGUtZDM2Mi00OWMzLTgyZTYtNGIwYzJlOWE0M2MyIiwiY29tcGFueV9pZCI6ImMwMDAwMDAxLTAwMDAtMDAwMC0wMDAwLTAwMDAwMDAwMDAwMSIsInZlbnVlX2lkIjoiNDBhMjRlMDQtNzViNi00MzVkLWJmZmYtYWIwZDQ2OWNlNTQzIiwicm9sZSI6InBsYXRmb3JtX2FkbWluIiwicGVybWlzc2lvbnMiOnsia2RzIjp0cnVlLCJIT1NUX0NPTExFQ1RfRE9CIjp0cnVlfX1dLCJleHAiOjE3NzI4MzE2MjB9.-QwcSXFwZpnRQo6h9RneKLLuFb4MncMn4kd-IuPK1Fk', 'next': {'route': '/venue/home', 'type': 'route'}, 'token_type': 'bearer', 'user': {'created_at': '2026-02-27T20:26:05.221628Z', 'email': 'teste@teste.com', 'id': '74ae1e8e-d362-49c3-82e6-4b0c2e9a43c2', 'status': 'active'}}&quot;">backend/tests/test_iteration17_five_features.py:34: in auth_token
    assert "token" in data, "No token in response"
E   AssertionError: No token in response
E   assert 'token' in {'access_token': 'eyJhbGciOiJIUzI1NiIsInR5cCI6IkpXVCJ9.eyJzdWIiOiI3NGFlMWU4ZS1kMzYyLTQ5YzMtODJlNi00YjBjMmU5YTQzYzIiLCJlbWFpbCI6InRlc3RlQHRlc3RlLmNvbSIsInJvbGVzIjpbeyJ1c2VyX2lkIjoiNzRhZTFlOGUtZDM2Mi00OWMzLTgyZTYtNGIwYzJlOWE0M2MyIiwiY29tcGFueV9pZCI6ImMwMDAwMDAxLTAwMDAtMDAwMC0wMDAwLTAwMDAwMDAwMDAwMSIsInZlbnVlX2lkIjoiNDBhMjRlMDQtNzViNi00MzVkLWJmZmYtYWIwZDQ2OWNlNTQzIiwicm9sZSI6InBsYXRmb3JtX2FkbWluIiwicGVybWlzc2lvbnMiOnsia2RzIjp0cnVlLCJIT1NUX0NPTExFQ1RfRE9CIjp0cnVlfX1dLCJleHAiOjE3NzI4MzE2MjB9.-QwcSXFwZpnRQo6h9RneKLLuFb4MncMn4kd-IuPK1Fk', 'next': {'route': '/venue/home', 'type': 'route'}, 'token_type': 'bearer', 'user': {'created_at': '2026-02-27T20:26:05.221628Z', 'email': 'teste@teste.com', 'id': '74ae1e8e-d362-49c3-82e6-4b0c2e9a43c2', 'status': 'active'}}</error></testcase><testcase classname="backend.tests.test_iteration17_five_features.TestFeature4TablesByServer" name="test_tables_by_server_endpoint" time="0.356"><error message="failed on setup with &quot;AssertionError: No token in response&#10;assert 'token' in {'access_token': 'eyJhbGciOiJIUzI1NiIsInR5cCI6IkpXVCJ9.eyJzdWIiOiI3NGFlMWU4ZS1kMzYyLTQ5YzMtODJlNi00YjBjMmU5YTQzYzIiLCJlbWFpbCI6InRlc3RlQHRlc3RlLmNvbSIsInJvbGVzIjpbeyJ1c2VyX2lkIjoiNzRhZTFlOGUtZDM2Mi00OWMzLTgyZTYtNGIwYzJlOWE0M2MyIiwiY29tcGFueV9pZCI6ImMwMDAwMDAxLTAwMDAtMDAwMC0wMDAwLTAwMDAwMDAwMDAwMSIsInZlbnVlX2lkIjoiNDBhMjRlMDQtNzViNi00MzVkLWJmZmYtYWIwZDQ2OWNlNTQzIiwicm9sZSI6InBsYXRmb3JtX2FkbWluIiwicGVybWlzc2lvbnMiOnsia2RzIjp0cnVlLCJIT1NUX0NPTExFQ1RfRE9CIjp0cnVlfX1dLCJleHAiOjE3NzI4MzE2MjB9.-QwcSXFwZpnRQo6h9RneKLLuFb4MncMn4kd-IuPK1Fk', 'next': {'route': '/venue/home', 'type': 'route'}, 'token_type': 'bearer', 'user': {'created_at': '2026-02-27T20:26:05.221628Z', 'email': 'teste@teste.com', 'id': '74ae1e8e-d362-49c3-82e6-4b0c2e9a43c2', 'status': 'active'}}&quot;">backend/tests/test_iteration17_five_features.py:34: in auth_token
    assert "token" in data, "No token in response"
E   AssertionError: No token in response
E   assert 'token' in {'access_token': 'eyJhbGciOiJIUzI1NiIsInR5cCI6IkpXVCJ9.eyJzdWIiOiI3NGFlMWU4ZS1kMzYyLTQ5YzMtODJlNi00YjBjMmU5YTQzYzIiLCJlbWFpbCI6InRlc3RlQHRlc3RlLmNvbSIsInJvbGVzIjpbeyJ1c2VyX2lkIjoiNzRhZTFlOGUtZDM2Mi00OWMzLTgyZTYtNGIwYzJlOWE0M2MyIiwiY29tcGFueV9pZCI6ImMwMDAwMDAxLTAwMDAtMDAwMC0wMDAwLTAwMDAwMDAwMDAwMSIsInZlbnVlX2lkIjoiNDBhMjRlMDQtNzViNi00MzVkLWJmZmYtYWIwZDQ2OWNlNTQzIiwicm9sZSI6InBsYXRmb3JtX2FkbWluIiwicGVybWlzc2lvbnMiOnsia2RzIjp0cnVlLCJIT1NUX0NPTExFQ1RfRE9CIjp0cnVlfX1dLCJleHAiOjE3NzI4MzE2MjB9.-QwcSXFwZpnRQo6h9RneKLLuFb4MncMn4kd-IuPK1Fk', 'next': {'route': '/venue/home', 'type': 'route'}, 'token_type': 'bearer', 'user': {'created_at': '2026-02-27T20:26:05.221628Z', 'email': 'teste@teste.com', 'id': '74ae1e8e-d362-49c3-82e6-4b0c2e9a43c2', 'status': 'active'}}</error></testcase><testcase classname="backend.tests.test_iteration17_five_features.TestFeature5AIInsights" name="test_ai_insights_endpoint" time="0.351"><error message="failed on setup with &quot;AssertionError: No token in response&#10;assert 'token' in {'access_token': 'eyJhbGciOiJIUzI1NiIsInR5cCI6IkpXVCJ9.eyJzdWIiOiI3NGFlMWU4ZS1kMzYyLTQ5YzMtODJlNi00YjBjMmU5YTQzYzIiLCJlbWFpbCI6InRlc3RlQHRlc3RlLmNvbSIsInJvbGVzIjpbeyJ1c2VyX2lkIjoiNzRhZTFlOGUtZDM2Mi00OWMzLTgyZTYtNGIwYzJlOWE0M2MyIiwiY29tcGFueV9pZCI6ImMwMDAwMDAxLTAwMDAtMDAwMC0wMDAwLTAwMDAwMDAwMDAwMSIsInZlbnVlX2lkIjoiNDBhMjRlMDQtNzViNi00MzVkLWJmZmYtYWIwZDQ2OWNlNTQzIiwicm9sZSI6InBsYXRmb3JtX2FkbWluIiwicGVybWlzc2lvbnMiOnsia2RzIjp0cnVlLCJIT1NUX0NPTExFQ1RfRE9CIjp0cnVlfX1dLCJleHAiOjE3NzI4MzE2MjF9.yGYPsXdAQJJabRnR6DyYaCuM_vzkPPmcAYDXsbttEPY', 'next': {'route': '/venue/home', 'type': 'route'}, 'token_type': 'bearer', 'user': {'created_at': '2026-02-27T20:26:05.221628Z', 'email': 'teste@teste.com', 'id': '74ae1e8e-d362-49c3-82e6-4b0c2e9a43c2', 'status': 'active'}}&quot;">backend/tests/test_iteration17_five_features.py:34: in auth_token
    assert "token" in data, "No token in response"
E   AssertionError: No token in response
E   assert 'token' in {'access_token': 'eyJhbGciOiJIUzI1NiIsInR5cCI6IkpXVCJ9.eyJzdWIiOiI3NGFlMWU4ZS1kMzYyLTQ5YzMtODJlNi00YjBjMmU5YTQzYzIiLCJlbWFpbCI6InRlc3RlQHRlc3RlLmNvbSIsInJvbGVzIjpbeyJ1c2VyX2lkIjoiNzRhZTFlOGUtZDM2Mi00OWMzLTgyZTYtNGIwYzJlOWE0M2MyIiwiY29tcGFueV9pZCI6ImMwMDAwMDAxLTAwMDAtMDAwMC0wMDAwLTAwMDAwMDAwMDAwMSIsInZlbnVlX2lkIjoiNDBhMjRlMDQtNzViNi00MzVkLWJmZmYtYWIwZDQ2OWNlNTQzIiwicm9sZSI6InBsYXRmb3JtX2FkbWluIiwicGVybWlzc2lvbnMiOnsia2RzIjp0cnVlLCJIT1NUX0NPTExFQ1RfRE9CIjp0cnVlfX1dLCJleHAiOjE3NzI4MzE2MjF9.yGYPsXdAQJJabRnR6DyYaCuM_vzkPPmcAYDXsbttEPY', 'next': {'route': '/venue/home', 'type': 'route'}, 'token_type': 'bearer', 'user': {'created_at': '2026-02-27T20:26:05.221628Z', 'email': 'teste@teste.com', 'id': '74ae1e8e-d362-49c3-82e6-4b0c2e9a43c2', 'status': 'active'}}</error></testcase><testcase classname="backend.tests.test_iteration17_five_features.TestRegression" name="test_manager_overview_still_works" time="0.372"><error message="failed on setup with &quot;AssertionError: No token in response&#10;assert 'token' in {'access_token': 'eyJhbGciOiJIUzI1NiIsInR5cCI6IkpXVCJ9.eyJzdWIiOiI3NGFlMWU4ZS1kMzYyLTQ5YzMtODJlNi00YjBjMmU5YTQzYzIiLCJlbWFpbCI6InRlc3RlQHRlc3RlLmNvbSIsInJvbGVzIjpbeyJ1c2VyX2lkIjoiNzRhZTFlOGUtZDM2Mi00OWMzLTgyZTYtNGIwYzJlOWE0M2MyIiwiY29tcGFueV9pZCI6ImMwMDAwMDAxLTAwMDAtMDAwMC0wMDAwLTAwMDAwMDAwMDAwMSIsInZlbnVlX2lkIjoiNDBhMjRlMDQtNzViNi00MzVkLWJmZmYtYWIwZDQ2OWNlNTQzIiwicm9sZSI6InBsYXRmb3JtX2FkbWluIiwicGVybWlzc2lvbnMiOnsia2RzIjp0cnVlLCJIT1NUX0NPTExFQ1RfRE9CIjp0cnVlfX1dLCJleHAiOjE3NzI4MzE2MjF9.yGYPsXdAQJJabRnR6DyYaCuM_vzkPPmcAYDXsbttEPY', 'next': {'route': '/venue/home', 'type': 'route'}, 'token_type': 'bearer', 'user': {'created_at': '2026-02-27T20:26:05.221628Z', 'email': 'teste@teste.com', 'id': '74ae1e8e-d362-49c3-82e6-4b0c2e9a43c2', 'status': 'active'}}&quot;">backend/tests/test_iteration17_five_features.py:34: in auth_token
    assert "token" in data, "No token in response"
E   AssertionError: No token in response
E   assert 'token' in {'access_token': 'eyJhbGciOiJIUzI1NiIsInR5cCI6IkpXVCJ9.eyJzdWIiOiI3NGFlMWU4ZS1kMzYyLTQ5YzMtODJlNi00YjBjMmU5YTQzYzIiLCJlbWFpbCI6InRlc3RlQHRlc3RlLmNvbSIsInJvbGVzIjpbeyJ1c2VyX2lkIjoiNzRhZTFlOGUtZDM2Mi00OWMzLTgyZTYtNGIwYzJlOWE0M2MyIiwiY29tcGFueV9pZCI6ImMwMDAwMDAxLTAwMDAtMDAwMC0wMDAwLTAwMDAwMDAwMDAwMSIsInZlbnVlX2lkIjoiNDBhMjRlMDQtNzViNi00MzVkLWJmZmYtYWIwZDQ2OWNlNTQzIiwicm9sZSI6InBsYXRmb3JtX2FkbWluIiwicGVybWlzc2lvbnMiOnsia2RzIjp0cnVlLCJIT1NUX0NPTExFQ1RfRE9CIjp0cnVlfX1dLCJleHAiOjE3NzI4MzE2MjF9.yGYPsXdAQJJabRnR6DyYaCuM_vzkPPmcAYDXsbttEPY', 'next': {'route': '/venue/home', 'type': 'route'}, 'token_type': 'bearer', 'user': {'created_at': '2026-02-27T20:26:05.221628Z', 'email': 'teste@teste.com', 'id': '74ae1e8e-d362-49c3-82e6-4b0c2e9a43c2', 'status': 'active'}}</error></testcase><testcase classname="backend.tests.test_iteration17_five_features.TestRegression" name="test_owner_overview_still_works" time="0.000"><error message="failed on setup with &quot;AssertionError: No token in response&#10;assert 'token' in {'access_token': 'eyJhbGciOiJIUzI1NiIsInR5cCI6IkpXVCJ9.eyJzdWIiOiI3NGFlMWU4ZS1kMzYyLTQ5YzMtODJlNi00YjBjMmU5YTQzYzIiLCJlbWFpbCI6InRlc3RlQHRlc3RlLmNvbSIsInJvbGVzIjpbeyJ1c2VyX2lkIjoiNzRhZTFlOGUtZDM2Mi00OWMzLTgyZTYtNGIwYzJlOWE0M2MyIiwiY29tcGFueV9pZCI6ImMwMDAwMDAxLTAwMDAtMDAwMC0wMDAwLTAwMDAwMDAwMDAwMSIsInZlbnVlX2lkIjoiNDBhMjRlMDQtNzViNi00MzVkLWJmZmYtYWIwZDQ2OWNlNTQzIiwicm9sZSI6InBsYXRmb3JtX2FkbWluIiwicGVybWlzc2lvbnMiOnsia2RzIjp0cnVlLCJIT1NUX0NPTExFQ1RfRE9CIjp0cnVlfX1dLCJleHAiOjE3NzI4MzE2MjF9.yGYPsXdAQJJabRnR6DyYaCuM_vzkPPmcAYDXsbttEPY', 'next': {'route': '/venue/home', 'type': 'route'}, 'token_type': 'bearer', 'user': {'created_at': '2026-02-27T20:26:05.221628Z', 'email': 'teste@teste.com', 'id': '74ae1e8e-d362-49c3-82e6-4b0c2e9a43c2', 'status': 'active'}}&quot;">backend/tests/test_iteration17_five_features.py:34: in auth_token
    assert "token" in data, "No token in response"
E   AssertionError: No token in response
E   assert 'token' in {'access_token': 'eyJhbGciOiJIUzI1NiIsInR5cCI6IkpXVCJ9.eyJzdWIiOiI3NGFlMWU4ZS1kMzYyLTQ5YzMtODJlNi00YjBjMmU5YTQzYzIiLCJlbWFpbCI6InRlc3RlQHRlc3RlLmNvbSIsInJvbGVzIjpbeyJ1c2VyX2lkIjoiNzRhZTFlOGUtZDM2Mi00OWMzLTgyZTYtNGIwYzJlOWE0M2MyIiwiY29tcGFueV9pZCI6ImMwMDAwMDAxLTAwMDAtMDAwMC0wMDAwLTAwMDAwMDAwMDAwMSIsInZlbnVlX2lkIjoiNDBhMjRlMDQtNzViNi00MzVkLWJmZmYtYWIwZDQ2OWNlNTQzIiwicm9sZSI6InBsYXRmb3JtX2FkbWluIiwicGVybWlzc2lvbnMiOnsia2RzIjp0cnVlLCJIT1NUX0NPTExFQ1RfRE9CIjp0cnVlfX1dLCJleHAiOjE3NzI4MzE2MjF9.yGYPsXdAQJJabRnR6DyYaCuM_vzkPPmcAYDXsbttEPY', 'next': {'route': '/venue/home', 'type': 'route'}, 'token_type': 'bearer', 'user': {'created_at': '2026-02-27T20:26:05.221628Z', 'email': 'teste@teste.com', 'id': '74ae1e8e-d362-49c3-82e6-4b0c2e9a43c2', 'status': 'active'}}</error></testcase></testsuite></testsuites>