<?xml version="1.0" encoding="utf-8"?><testsuites name="pytest tests"><testsuite name="pytest" errors="0" failures="0" skipped="0" tests="11" time="2.662" timestamp="2026-02-27T07:32:57.558376+00:00" hostname="agent-env-4abca7f9-3360-4017-bd67-089263e3ff0e"><testcase classname="backend.tests.test_iteration10_features.TestBarmenCRUD" name="test_get_barmen_returns_list" time="0.524" /><testcase classname="backend.tests.test_iteration10_features.TestBarmenCRUD" name="test_create_barman" time="0.100" /><testcase classname="backend.tests.test_iteration10_features.TestBarmenCRUD" name="test_update_barman" time="0.310" /><testcase classname="backend.tests.test_iteration10_features.TestBarmenCRUD" name="test_delete_barman_soft_delete" time="0.328" /><testcase classname="backend.tests.test_iteration10_features.TestTableOpenWithServer" name="test_open_table_with_server_name" time="0.319" /><testcase classname="backend.tests.test_iteration10_features.TestKDS4ColumnKanban" name="test_kds_returns_tickets_with_all_statuses" time="0.099" /><testcase classname="backend.tests.test_iteration10_features.TestKDS4ColumnKanban" name="test_kds_update_status_to_preparing_with_estimate" time="0.289" /><testcase classname="backend.tests.test_iteration10_features.TestKDS4ColumnKanban" name="test_kds_delayed_calculation" time="0.101" /><testcase classname="backend.tests.test_iteration10_features.TestVenueHomeModules" name="test_venue_home_returns_modules" time="0.103" /><testcase classname="backend.tests.test_iteration10_features.TestHeaderSpacing" name="test_tap_config_for_header" time="0.094" /><testcase classname="backend.tests.test_iteration10_features.TestHeaderSpacing" name="test_tap_stats_for_header" time="0.332" /></testsuite></testsuites>