<?xml version="1.0" encoding="utf-8"?><testsuites name="pytest tests"><testsuite name="pytest" errors="0" failures="0" skipped="0" tests="24" time="9.451" timestamp="2026-03-24T07:40:46.807572+00:00" hostname="agent-env-a34a9f56-6cda-44c6-b36a-6569d51be6da"><testcase classname="backend.tests.test_iteration86_crm_persistence.TestCeoLogin" name="test_ceo_login_success" time="0.528" /><testcase classname="backend.tests.test_iteration86_crm_persistence.TestCeoLogin" name="test_non_ceo_login_success" time="0.459" /><testcase classname="backend.tests.test_iteration86_crm_persistence.TestDealsAPI" name="test_list_deals" time="0.567" /><testcase classname="backend.tests.test_iteration86_crm_persistence.TestDealsAPI" name="test_list_deals_by_stage" time="0.155" /><testcase classname="backend.tests.test_iteration86_crm_persistence.TestDealsAPI" name="test_get_deal_by_id" time="0.339" /><testcase classname="backend.tests.test_iteration86_crm_persistence.TestDealsAPI" name="test_update_deal" time="0.451" /><testcase classname="backend.tests.test_iteration86_crm_persistence.TestDealsAPI" name="test_update_deal_stage" time="0.622" /><testcase classname="backend.tests.test_iteration86_crm_persistence.TestActivitiesAPI" name="test_add_activity" time="0.306" /><testcase classname="backend.tests.test_iteration86_crm_persistence.TestActivitiesAPI" name="test_activity_appears_in_deal" time="0.437" /><testcase classname="backend.tests.test_iteration86_crm_persistence.TestActivitiesAPI" name="test_update_activity" time="0.601" /><testcase classname="backend.tests.test_iteration86_crm_persistence.TestActivitiesAPI" name="test_delete_activity" time="0.592" /><testcase classname="backend.tests.test_iteration86_crm_persistence.TestCustomersAPI" name="test_list_customers" time="0.210" /><testcase classname="backend.tests.test_iteration86_crm_persistence.TestCustomersAPI" name="test_list_customers_filter_status" time="0.157" /><testcase classname="backend.tests.test_iteration86_crm_persistence.TestCustomersAPI" name="test_list_customers_filter_plan" time="0.159" /><testcase classname="backend.tests.test_iteration86_crm_persistence.TestCustomersAPI" name="test_list_customers_search" time="0.165" /><testcase classname="backend.tests.test_iteration86_crm_persistence.TestCustomersAPI" name="test_update_customer" time="0.584" /><testcase classname="backend.tests.test_iteration86_crm_persistence.TestCustomersAPI" name="test_update_customer_status" time="0.594" /><testcase classname="backend.tests.test_iteration86_crm_persistence.TestCustomersAPI" name="test_update_customer_modules" time="0.559" /><testcase classname="backend.tests.test_iteration86_crm_persistence.TestMarkAsWonFlow" name="test_create_deal_and_mark_as_won" time="0.774" /><testcase classname="backend.tests.test_iteration86_crm_persistence.TestMarkAsWonFlow" name="test_mark_as_won_already_won_fails" time="0.263" /><testcase classname="backend.tests.test_iteration86_crm_persistence.TestMarkAsLostFlow" name="test_mark_deal_as_lost" time="0.490" /><testcase classname="backend.tests.test_iteration86_crm_persistence.TestKanbanStageDistribution" name="test_deals_in_multiple_stages" time="0.136" /><testcase classname="backend.tests.test_iteration86_crm_persistence.TestAuthRequired" name="test_deals_requires_auth" time="0.097" /><testcase classname="backend.tests.test_iteration86_crm_persistence.TestAuthRequired" name="test_customers_requires_auth" time="0.108" /></testsuite></testsuites>