<?xml version="1.0" encoding="utf-8"?><testsuites name="pytest tests"><testsuite name="pytest" errors="0" failures="15" skipped="0" tests="15" time="1.710" timestamp="2026-02-27T21:41:21.313801+00:00" hostname="agent-env-466638ca-7161-4e9e-98a5-988e53ca65fe"><testcase classname="tests.test_iteration18_shift_ops.TestShiftOpsFeatures" name="test_01_shift_overview_returns_all_kpis" time="0.632"><failure message="AssertionError: Shift overview failed: {&quot;detail&quot;:&quot;Not authenticated&quot;}&#10;assert 401 == 200&#10; +  where 401 = &lt;Response [401]&gt;.status_code">tests/test_iteration18_shift_ops.py:56: in test_01_shift_overview_returns_all_kpis
    assert response.status_code == 200, f"Shift overview failed: {response.text}"
E   AssertionError: Shift overview failed: {"detail":"Not authenticated"}
E   assert 401 == 200
E    +  where 401 = &lt;Response [401]&gt;.status_code</failure></testcase><testcase classname="tests.test_iteration18_shift_ops.TestShiftOpsFeatures" name="test_02_shift_overview_with_date_range" time="0.123"><failure message="AssertionError: Shift overview with dates failed: {&quot;detail&quot;:&quot;Not authenticated&quot;}&#10;assert 401 == 200&#10; +  where 401 = &lt;Response [401]&gt;.status_code">tests/test_iteration18_shift_ops.py:86: in test_02_shift_overview_with_date_range
    assert response.status_code == 200, f"Shift overview with dates failed: {response.text}"
E   AssertionError: Shift overview with dates failed: {"detail":"Not authenticated"}
E   assert 401 == 200
E    +  where 401 = &lt;Response [401]&gt;.status_code</failure></testcase><testcase classname="tests.test_iteration18_shift_ops.TestShiftOpsFeatures" name="test_03_staff_costs_returns_breakdown" time="0.066"><failure message="AssertionError: Staff costs failed: {&quot;detail&quot;:&quot;Not authenticated&quot;}&#10;assert 401 == 200&#10; +  where 401 = &lt;Response [401]&gt;.status_code">tests/test_iteration18_shift_ops.py:97: in test_03_staff_costs_returns_breakdown
    assert response.status_code == 200, f"Staff costs failed: {response.text}"
E   AssertionError: Staff costs failed: {"detail":"Not authenticated"}
E   assert 401 == 200
E    +  where 401 = &lt;Response [401]&gt;.status_code</failure></testcase><testcase classname="tests.test_iteration18_shift_ops.TestShiftOpsFeatures" name="test_04_customize_staff_hourly_rate" time="0.052"><failure message="assert 401 == 200&#10; +  where 401 = &lt;Response [401]&gt;.status_code">tests/test_iteration18_shift_ops.py:124: in test_04_customize_staff_hourly_rate
    assert response.status_code == 200
E   assert 401 == 200
E    +  where 401 = &lt;Response [401]&gt;.status_code</failure></testcase><testcase classname="tests.test_iteration18_shift_ops.TestShiftOpsFeatures" name="test_05_get_staff_roles" time="0.054"><failure message="AssertionError: Get roles failed: {&quot;detail&quot;:&quot;Not authenticated&quot;}&#10;assert 401 == 200&#10; +  where 401 = &lt;Response [401]&gt;.status_code">tests/test_iteration18_shift_ops.py:164: in test_05_get_staff_roles
    assert response.status_code == 200, f"Get roles failed: {response.text}"
E   AssertionError: Get roles failed: {"detail":"Not authenticated"}
E   assert 401 == 200
E    +  where 401 = &lt;Response [401]&gt;.status_code</failure></testcase><testcase classname="tests.test_iteration18_shift_ops.TestShiftOpsFeatures" name="test_06_create_and_delete_staff_role" time="0.066"><failure message="AssertionError: Create role failed: {&quot;detail&quot;:&quot;Not authenticated&quot;}&#10;assert 401 == 200&#10; +  where 401 = &lt;Response [401]&gt;.status_code">tests/test_iteration18_shift_ops.py:183: in test_06_create_and_delete_staff_role
    assert create_response.status_code == 200, f"Create role failed: {create_response.text}"
E   AssertionError: Create role failed: {"detail":"Not authenticated"}
E   assert 401 == 200
E    +  where 401 = &lt;Response [401]&gt;.status_code</failure></testcase><testcase classname="tests.test_iteration18_shift_ops.TestShiftOpsFeatures" name="test_07_shift_history_returns_daily_data" time="0.082"><failure message="AssertionError: Shift history failed: {&quot;detail&quot;:&quot;Not authenticated&quot;}&#10;assert 401 == 200&#10; +  where 401 = &lt;Response [401]&gt;.status_code">tests/test_iteration18_shift_ops.py:222: in test_07_shift_history_returns_daily_data
    assert response.status_code == 200, f"Shift history failed: {response.text}"
E   AssertionError: Shift history failed: {"detail":"Not authenticated"}
E   assert 401 == 200
E    +  where 401 = &lt;Response [401]&gt;.status_code</failure></testcase><testcase classname="tests.test_iteration18_shift_ops.TestShiftOpsFeatures" name="test_08_shift_chart_returns_daily_rev_cost" time="0.062"><failure message="AssertionError: Shift chart failed: {&quot;detail&quot;:&quot;Not authenticated&quot;}&#10;assert 401 == 200&#10; +  where 401 = &lt;Response [401]&gt;.status_code">tests/test_iteration18_shift_ops.py:251: in test_08_shift_chart_returns_daily_rev_cost
    assert response.status_code == 200, f"Shift chart failed: {response.text}"
E   AssertionError: Shift chart failed: {"detail":"Not authenticated"}
E   assert 401 == 200
E    +  where 401 = &lt;Response [401]&gt;.status_code</failure></testcase><testcase classname="tests.test_iteration18_shift_ops.TestShiftOpsFeatures" name="test_09_shift_chart_period_filters" time="0.053"><failure message="AssertionError: Chart period=today failed: {&quot;detail&quot;:&quot;Not authenticated&quot;}&#10;assert 401 == 200&#10; +  where 401 = &lt;Response [401]&gt;.status_code">tests/test_iteration18_shift_ops.py:276: in test_09_shift_chart_period_filters
    assert response.status_code == 200, f"Chart period={period} failed: {response.text}"
E   AssertionError: Chart period=today failed: {"detail":"Not authenticated"}
E   assert 401 == 200
E    +  where 401 = &lt;Response [401]&gt;.status_code</failure></testcase><testcase classname="tests.test_iteration18_shift_ops.TestShiftOpsFeatures" name="test_10_shift_snapshot_saves_costs" time="0.073"><failure message="AssertionError: Shift snapshot failed: {&quot;detail&quot;:&quot;Not authenticated&quot;}&#10;assert 401 == 200&#10; +  where 401 = &lt;Response [401]&gt;.status_code">tests/test_iteration18_shift_ops.py:286: in test_10_shift_snapshot_saves_costs
    assert response.status_code == 200, f"Shift snapshot failed: {response.text}"
E   AssertionError: Shift snapshot failed: {"detail":"Not authenticated"}
E   assert 401 == 200
E    +  where 401 = &lt;Response [401]&gt;.status_code</failure></testcase><testcase classname="tests.test_iteration18_shift_ops.TestShiftOpsFeatures" name="test_11_shift_ai_generates_analysis" time="0.054"><failure message="AssertionError: Shift AI failed: {&quot;detail&quot;:&quot;Not authenticated&quot;}&#10;assert 401 == 200&#10; +  where 401 = &lt;Response [401]&gt;.status_code">tests/test_iteration18_shift_ops.py:308: in test_11_shift_ai_generates_analysis
    assert response.status_code == 200, f"Shift AI failed: {response.text}"
E   AssertionError: Shift AI failed: {"detail":"Not authenticated"}
E   assert 401 == 200
E    +  where 401 = &lt;Response [401]&gt;.status_code</failure></testcase><testcase classname="tests.test_iteration18_shift_ops.TestShiftOpsFeatures" name="test_12_shift_ai_with_question" time="0.057"><failure message="AssertionError: Shift AI with question failed: {&quot;detail&quot;:&quot;Not authenticated&quot;}&#10;assert 401 == 200&#10; +  where 401 = &lt;Response [401]&gt;.status_code">tests/test_iteration18_shift_ops.py:346: in test_12_shift_ai_with_question
    assert response.status_code == 200, f"Shift AI with question failed: {response.text}"
E   AssertionError: Shift AI with question failed: {"detail":"Not authenticated"}
E   assert 401 == 200
E    +  where 401 = &lt;Response [401]&gt;.status_code</failure></testcase><testcase classname="tests.test_iteration18_shift_ops.TestShiftOpsFeatures" name="test_13_manager_overview_regression" time="0.060"><failure message="AssertionError: Manager overview failed: {&quot;detail&quot;:&quot;Not authenticated&quot;}&#10;assert 401 == 200&#10; +  where 401 = &lt;Response [401]&gt;.status_code">tests/test_iteration18_shift_ops.py:355: in test_13_manager_overview_regression
    assert response.status_code == 200, f"Manager overview failed: {response.text}"
E   AssertionError: Manager overview failed: {"detail":"Not authenticated"}
E   assert 401 == 200
E    +  where 401 = &lt;Response [401]&gt;.status_code</failure></testcase><testcase classname="tests.test_iteration18_shift_ops.TestShiftOpsFeatures" name="test_14_manager_staff_regression" time="0.056"><failure message="AssertionError: Manager staff failed: {&quot;detail&quot;:&quot;Not authenticated&quot;}&#10;assert 401 == 200&#10; +  where 401 = &lt;Response [401]&gt;.status_code">tests/test_iteration18_shift_ops.py:366: in test_14_manager_staff_regression
    assert response.status_code == 200, f"Manager staff failed: {response.text}"
E   AssertionError: Manager staff failed: {"detail":"Not authenticated"}
E   assert 401 == 200
E    +  where 401 = &lt;Response [401]&gt;.status_code</failure></testcase><testcase classname="tests.test_iteration18_shift_ops.TestShiftOpsFeatures" name="test_15_tables_by_server_regression" time="0.055"><failure message="AssertionError: Tables by server failed: {&quot;detail&quot;:&quot;Not authenticated&quot;}&#10;assert 401 == 200&#10; +  where 401 = &lt;Response [401]&gt;.status_code">tests/test_iteration18_shift_ops.py:376: in test_15_tables_by_server_regression
    assert response.status_code == 200, f"Tables by server failed: {response.text}"
E   AssertionError: Tables by server failed: {"detail":"Not authenticated"}
E   assert 401 == 200
E    +  where 401 = &lt;Response [401]&gt;.status_code</failure></testcase></testsuite></testsuites>