<?xml version="1.0" encoding="utf-8"?><testsuites name="pytest tests"><testsuite name="pytest" errors="0" failures="0" skipped="0" tests="14" time="2.513" timestamp="2026-02-28T00:09:14.253684+00:00" hostname="agent-env-77a8ecee-73e7-4f17-998b-82b7c3cec76a"><testcase classname="backend.tests.test_iteration25_demo_tables.TestLogin" name="test_login_success" time="0.434" /><testcase classname="backend.tests.test_iteration25_demo_tables.TestDemoTables" name="test_get_tables_returns_8_tables" time="0.464" /><testcase classname="backend.tests.test_iteration25_demo_tables.TestDemoTables" name="test_occupied_tables_have_correct_data" time="0.119" /><testcase classname="backend.tests.test_iteration25_demo_tables.TestDemoTables" name="test_available_tables" time="0.107" /><testcase classname="backend.tests.test_iteration25_demo_tables.TestDemoTables" name="test_get_table_detail_occupied" time="0.230" /><testcase classname="backend.tests.test_iteration25_demo_tables.TestOwnerDashboard" name="test_owner_dashboard_business_view" time="0.115" /><testcase classname="backend.tests.test_iteration25_demo_tables.TestOwnerDashboard" name="test_owner_dashboard_venue_view" time="0.114" /><testcase classname="backend.tests.test_iteration25_demo_tables.TestOwnerDashboard" name="test_owner_dashboard_events_view" time="0.118" /><testcase classname="backend.tests.test_iteration25_demo_tables.TestOwnerPeopleOps" name="test_owner_people_returns_venues" time="0.121" /><testcase classname="backend.tests.test_iteration25_demo_tables.TestOwnerPeopleOps" name="test_owner_venue_staff_drilldown" time="0.121" /><testcase classname="backend.tests.test_iteration25_demo_tables.TestManagerGuests" name="test_manager_guests_sorted_by_spend" time="0.107" /><testcase classname="backend.tests.test_iteration25_demo_tables.TestCatalogItems" name="test_get_catalog_returns_items" time="0.120" /><testcase classname="backend.tests.test_iteration25_demo_tables.TestHomePageEvents" name="test_venue_events_list" time="0.145" /><testcase classname="backend.tests.test_iteration25_demo_tables.TestHealthCheck" name="test_health_endpoint" time="0.120" /></testsuite></testsuites>