<?xml version="1.0" encoding="utf-8"?><testsuites name="pytest tests"><testsuite name="pytest" errors="0" failures="0" skipped="0" tests="16" time="14.597" timestamp="2026-03-20T01:04:52.778229+00:00" hostname="agent-env-61eae71e-f9c3-40ae-a527-e1de12510891"><testcase classname="backend.tests.test_iteration67_ceo_endpoints.TestHealthEndpoint" name="test_health_endpoint_returns_healthy" time="0.261" /><testcase classname="backend.tests.test_iteration67_ceo_endpoints.TestAuthMe" name="test_auth_me_regular_user_modules" time="0.737" /><testcase classname="backend.tests.test_iteration67_ceo_endpoints.TestAuthMe" name="test_auth_me_ceo_user_modules" time="0.657" /><testcase classname="backend.tests.test_iteration67_ceo_endpoints.TestCEOEndpointsAccess" name="test_ceo_endpoint_forbidden_for_regular_user" time="1.031" /><testcase classname="backend.tests.test_iteration67_ceo_endpoints.TestCEOOverviewMetrics" name="test_overview_metrics_returns_metrics_and_charts" time="1.063" /><testcase classname="backend.tests.test_iteration67_ceo_endpoints.TestCEOHealth" name="test_health_returns_kpis" time="0.881" /><testcase classname="backend.tests.test_iteration67_ceo_endpoints.TestCEORevenueDetailed" name="test_revenue_detailed_returns_metrics_and_charts" time="0.730" /><testcase classname="backend.tests.test_iteration67_ceo_endpoints.TestCEOCashFlow" name="test_cash_flow_returns_metrics_and_charts" time="0.680" /><testcase classname="backend.tests.test_iteration67_ceo_endpoints.TestCEORevenue" name="test_revenue_with_period_returns_chart" time="0.689" /><testcase classname="backend.tests.test_iteration67_ceo_endpoints.TestCEOTargets" name="test_targets_returns_targets_data" time="0.682" /><testcase classname="backend.tests.test_iteration67_ceo_endpoints.TestCEOKPIBreakdown" name="test_kpi_breakdown_returns_venues" time="2.215" /><testcase classname="backend.tests.test_iteration67_ceo_endpoints.TestCEOSalesPerformance" name="test_sales_performance_returns_metrics_and_chart" time="0.756" /><testcase classname="backend.tests.test_iteration67_ceo_endpoints.TestCEOMarketingFunnel" name="test_marketing_funnel_returns_metrics_and_charts" time="0.861" /><testcase classname="backend.tests.test_iteration67_ceo_endpoints.TestCEOCustomerLifecycle" name="test_customer_lifecycle_returns_metrics_and_charts" time="0.678" /><testcase classname="backend.tests.test_iteration67_ceo_endpoints.TestCEOGrowthMetrics" name="test_growth_metrics_returns_ltv_cac_payback" time="0.699" /><testcase classname="backend.tests.test_iteration67_ceo_endpoints.TestCEORiskDashboard" name="test_risk_dashboard_returns_metrics_alerts_severity" time="1.895" /></testsuite></testsuites>