<?xml version="1.0" encoding="utf-8"?><testsuites name="pytest tests"><testsuite name="pytest" errors="0" failures="0" skipped="0" tests="11" time="2.453" timestamp="2026-02-28T02:18:50.243284+00:00" hostname="agent-env-81b3f6fd-b8f2-4917-8b7c-6fe1fc34aeb0"><testcase classname="backend.tests.test_iteration29_p0_consistency.TestTableTotalMatches" name="test_get_occupied_tables" time="0.578" /><testcase classname="backend.tests.test_iteration29_p0_consistency.TestTableTotalMatches" name="test_table_total_equals_items_sum" time="0.352" /><testcase classname="backend.tests.test_iteration29_p0_consistency.TestOwnerDashboardAutomatic" name="test_owner_dashboard_business_view" time="0.143" /><testcase classname="backend.tests.test_iteration29_p0_consistency.TestGuestSyncInsideList" name="test_get_inside_guests" time="0.113" /><testcase classname="backend.tests.test_iteration29_p0_consistency.TestGuestSyncInsideList" name="test_get_open_sessions" time="0.153" /><testcase classname="backend.tests.test_iteration29_p0_consistency.TestGuestSyncInsideList" name="test_session_guests_in_inside_list" time="0.268" /><testcase classname="backend.tests.test_iteration29_p0_consistency.TestTipsIntegration" name="test_shift_drilldown_tips" time="0.147" /><testcase classname="backend.tests.test_iteration29_p0_consistency.TestOwnerEventsView" name="test_events_view_shows_both_statuses" time="0.124" /><testcase classname="backend.tests.test_iteration29_p0_consistency.TestMenuSort" name="test_beers_alphabetically_sorted" time="0.108" /><testcase classname="backend.tests.test_iteration29_p0_consistency.TestKDSTickets" name="test_get_kds_tickets" time="0.280" /><testcase classname="backend.tests.test_iteration29_p0_consistency.TestOpenTabsCount" name="test_tap_stats" time="0.117" /></testsuite></testsuites>