<?xml version="1.0" encoding="utf-8"?><testsuites name="pytest tests"><testsuite name="pytest" errors="13" failures="0" skipped="0" tests="13" time="0.559" timestamp="2026-02-27T07:54:44.278090+00:00" hostname="agent-env-4abca7f9-3360-4017-bd67-089263e3ff0e"><testcase classname="backend.tests.test_iteration11_features.TestTAPSessions" name="test_get_sessions_returns_tab_numbers" time="0.441"><error message="failed on setup with &quot;AssertionError: No token in login response&#10;assert 'token' in {'access_token': 'eyJhbGciOiJIUzI1NiIsInR5cCI6IkpXVCJ9.eyJzdWIiOiI5ODkxMzQyZS0yYmVhLTQ0NGItOWI3Zi05MTJkYzBlY2YwNTkiLCJlbWFpbCI6InRlc3RlQHRlc3RlLmNvbSIsInJvbGVzIjpbeyJ1c2VyX2lkIjoiOTg5MTM0MmUtMmJlYS00NDRiLTliN2YtOTEyZGMwZWNmMDU5IiwiY29tcGFueV9pZCI6IjAxZWI4NDY3LTdkNDYtNGEwZi1hMmIyLTZlNjQyNjA2ODBlYiIsInZlbnVlX2lkIjpudWxsLCJyb2xlIjoib3duZXIiLCJwZXJtaXNzaW9ucyI6e319XSwiZXhwIjoxNzcyNzgzNjg0fQ.AE9E99cdcBCmZ006bgQVdbCFH4-oHR04UNiuJjlhQPs', 'next': {'route': '/venue/home', 'type': 'route'}, 'token_type': 'bearer', 'user': {'created_at': '2026-02-27T06:48:30.921699Z', 'email': 'teste@teste.com', 'id': '9891342e-2bea-444b-9b7f-912dc0ecf059', 'status': 'active'}}&quot;">backend/tests/test_iteration11_features.py:29: in auth_token
    assert "token" in data, "No token in login response"
E   AssertionError: No token in login response
E   assert 'token' in {'access_token': 'eyJhbGciOiJIUzI1NiIsInR5cCI6IkpXVCJ9.eyJzdWIiOiI5ODkxMzQyZS0yYmVhLTQ0NGItOWI3Zi05MTJkYzBlY2YwNTkiLCJlbWFpbCI6InRlc3RlQHRlc3RlLmNvbSIsInJvbGVzIjpbeyJ1c2VyX2lkIjoiOTg5MTM0MmUtMmJlYS00NDRiLTliN2YtOTEyZGMwZWNmMDU5IiwiY29tcGFueV9pZCI6IjAxZWI4NDY3LTdkNDYtNGEwZi1hMmIyLTZlNjQyNjA2ODBlYiIsInZlbnVlX2lkIjpudWxsLCJyb2xlIjoib3duZXIiLCJwZXJtaXNzaW9ucyI6e319XSwiZXhwIjoxNzcyNzgzNjg0fQ.AE9E99cdcBCmZ006bgQVdbCFH4-oHR04UNiuJjlhQPs', 'next': {'route': '/venue/home', 'type': 'route'}, 'token_type': 'bearer', 'user': {'created_at': '2026-02-27T06:48:30.921699Z', 'email': 'teste@teste.com', 'id': '9891342e-2bea-444b-9b7f-912dc0ecf059', 'status': 'active'}}</error></testcase><testcase classname="backend.tests.test_iteration11_features.TestTAPSessions" name="test_open_tab_generates_tab_number" time="0.000"><error message="failed on setup with &quot;AssertionError: No token in login response&#10;assert 'token' in {'access_token': 'eyJhbGciOiJIUzI1NiIsInR5cCI6IkpXVCJ9.eyJzdWIiOiI5ODkxMzQyZS0yYmVhLTQ0NGItOWI3Zi05MTJkYzBlY2YwNTkiLCJlbWFpbCI6InRlc3RlQHRlc3RlLmNvbSIsInJvbGVzIjpbeyJ1c2VyX2lkIjoiOTg5MTM0MmUtMmJlYS00NDRiLTliN2YtOTEyZGMwZWNmMDU5IiwiY29tcGFueV9pZCI6IjAxZWI4NDY3LTdkNDYtNGEwZi1hMmIyLTZlNjQyNjA2ODBlYiIsInZlbnVlX2lkIjpudWxsLCJyb2xlIjoib3duZXIiLCJwZXJtaXNzaW9ucyI6e319XSwiZXhwIjoxNzcyNzgzNjg0fQ.AE9E99cdcBCmZ006bgQVdbCFH4-oHR04UNiuJjlhQPs', 'next': {'route': '/venue/home', 'type': 'route'}, 'token_type': 'bearer', 'user': {'created_at': '2026-02-27T06:48:30.921699Z', 'email': 'teste@teste.com', 'id': '9891342e-2bea-444b-9b7f-912dc0ecf059', 'status': 'active'}}&quot;">backend/tests/test_iteration11_features.py:29: in auth_token
    assert "token" in data, "No token in login response"
E   AssertionError: No token in login response
E   assert 'token' in {'access_token': 'eyJhbGciOiJIUzI1NiIsInR5cCI6IkpXVCJ9.eyJzdWIiOiI5ODkxMzQyZS0yYmVhLTQ0NGItOWI3Zi05MTJkYzBlY2YwNTkiLCJlbWFpbCI6InRlc3RlQHRlc3RlLmNvbSIsInJvbGVzIjpbeyJ1c2VyX2lkIjoiOTg5MTM0MmUtMmJlYS00NDRiLTliN2YtOTEyZGMwZWNmMDU5IiwiY29tcGFueV9pZCI6IjAxZWI4NDY3LTdkNDYtNGEwZi1hMmIyLTZlNjQyNjA2ODBlYiIsInZlbnVlX2lkIjpudWxsLCJyb2xlIjoib3duZXIiLCJwZXJtaXNzaW9ucyI6e319XSwiZXhwIjoxNzcyNzgzNjg0fQ.AE9E99cdcBCmZ006bgQVdbCFH4-oHR04UNiuJjlhQPs', 'next': {'route': '/venue/home', 'type': 'route'}, 'token_type': 'bearer', 'user': {'created_at': '2026-02-27T06:48:30.921699Z', 'email': 'teste@teste.com', 'id': '9891342e-2bea-444b-9b7f-912dc0ecf059', 'status': 'active'}}</error></testcase><testcase classname="backend.tests.test_iteration11_features.TestTAPSessions" name="test_get_session_detail_has_tab_number" time="0.000"><error message="failed on setup with &quot;AssertionError: No token in login response&#10;assert 'token' in {'access_token': 'eyJhbGciOiJIUzI1NiIsInR5cCI6IkpXVCJ9.eyJzdWIiOiI5ODkxMzQyZS0yYmVhLTQ0NGItOWI3Zi05MTJkYzBlY2YwNTkiLCJlbWFpbCI6InRlc3RlQHRlc3RlLmNvbSIsInJvbGVzIjpbeyJ1c2VyX2lkIjoiOTg5MTM0MmUtMmJlYS00NDRiLTliN2YtOTEyZGMwZWNmMDU5IiwiY29tcGFueV9pZCI6IjAxZWI4NDY3LTdkNDYtNGEwZi1hMmIyLTZlNjQyNjA2ODBlYiIsInZlbnVlX2lkIjpudWxsLCJyb2xlIjoib3duZXIiLCJwZXJtaXNzaW9ucyI6e319XSwiZXhwIjoxNzcyNzgzNjg0fQ.AE9E99cdcBCmZ006bgQVdbCFH4-oHR04UNiuJjlhQPs', 'next': {'route': '/venue/home', 'type': 'route'}, 'token_type': 'bearer', 'user': {'created_at': '2026-02-27T06:48:30.921699Z', 'email': 'teste@teste.com', 'id': '9891342e-2bea-444b-9b7f-912dc0ecf059', 'status': 'active'}}&quot;">backend/tests/test_iteration11_features.py:29: in auth_token
    assert "token" in data, "No token in login response"
E   AssertionError: No token in login response
E   assert 'token' in {'access_token': 'eyJhbGciOiJIUzI1NiIsInR5cCI6IkpXVCJ9.eyJzdWIiOiI5ODkxMzQyZS0yYmVhLTQ0NGItOWI3Zi05MTJkYzBlY2YwNTkiLCJlbWFpbCI6InRlc3RlQHRlc3RlLmNvbSIsInJvbGVzIjpbeyJ1c2VyX2lkIjoiOTg5MTM0MmUtMmJlYS00NDRiLTliN2YtOTEyZGMwZWNmMDU5IiwiY29tcGFueV9pZCI6IjAxZWI4NDY3LTdkNDYtNGEwZi1hMmIyLTZlNjQyNjA2ODBlYiIsInZlbnVlX2lkIjpudWxsLCJyb2xlIjoib3duZXIiLCJwZXJtaXNzaW9ucyI6e319XSwiZXhwIjoxNzcyNzgzNjg0fQ.AE9E99cdcBCmZ006bgQVdbCFH4-oHR04UNiuJjlhQPs', 'next': {'route': '/venue/home', 'type': 'route'}, 'token_type': 'bearer', 'user': {'created_at': '2026-02-27T06:48:30.921699Z', 'email': 'teste@teste.com', 'id': '9891342e-2bea-444b-9b7f-912dc0ecf059', 'status': 'active'}}</error></testcase><testcase classname="backend.tests.test_iteration11_features.TestTAPCatalog" name="test_catalog_has_expected_categories" time="0.000"><error message="failed on setup with &quot;AssertionError: No token in login response&#10;assert 'token' in {'access_token': 'eyJhbGciOiJIUzI1NiIsInR5cCI6IkpXVCJ9.eyJzdWIiOiI5ODkxMzQyZS0yYmVhLTQ0NGItOWI3Zi05MTJkYzBlY2YwNTkiLCJlbWFpbCI6InRlc3RlQHRlc3RlLmNvbSIsInJvbGVzIjpbeyJ1c2VyX2lkIjoiOTg5MTM0MmUtMmJlYS00NDRiLTliN2YtOTEyZGMwZWNmMDU5IiwiY29tcGFueV9pZCI6IjAxZWI4NDY3LTdkNDYtNGEwZi1hMmIyLTZlNjQyNjA2ODBlYiIsInZlbnVlX2lkIjpudWxsLCJyb2xlIjoib3duZXIiLCJwZXJtaXNzaW9ucyI6e319XSwiZXhwIjoxNzcyNzgzNjg0fQ.AE9E99cdcBCmZ006bgQVdbCFH4-oHR04UNiuJjlhQPs', 'next': {'route': '/venue/home', 'type': 'route'}, 'token_type': 'bearer', 'user': {'created_at': '2026-02-27T06:48:30.921699Z', 'email': 'teste@teste.com', 'id': '9891342e-2bea-444b-9b7f-912dc0ecf059', 'status': 'active'}}&quot;">backend/tests/test_iteration11_features.py:29: in auth_token
    assert "token" in data, "No token in login response"
E   AssertionError: No token in login response
E   assert 'token' in {'access_token': 'eyJhbGciOiJIUzI1NiIsInR5cCI6IkpXVCJ9.eyJzdWIiOiI5ODkxMzQyZS0yYmVhLTQ0NGItOWI3Zi05MTJkYzBlY2YwNTkiLCJlbWFpbCI6InRlc3RlQHRlc3RlLmNvbSIsInJvbGVzIjpbeyJ1c2VyX2lkIjoiOTg5MTM0MmUtMmJlYS00NDRiLTliN2YtOTEyZGMwZWNmMDU5IiwiY29tcGFueV9pZCI6IjAxZWI4NDY3LTdkNDYtNGEwZi1hMmIyLTZlNjQyNjA2ODBlYiIsInZlbnVlX2lkIjpudWxsLCJyb2xlIjoib3duZXIiLCJwZXJtaXNzaW9ucyI6e319XSwiZXhwIjoxNzcyNzgzNjg0fQ.AE9E99cdcBCmZ006bgQVdbCFH4-oHR04UNiuJjlhQPs', 'next': {'route': '/venue/home', 'type': 'route'}, 'token_type': 'bearer', 'user': {'created_at': '2026-02-27T06:48:30.921699Z', 'email': 'teste@teste.com', 'id': '9891342e-2bea-444b-9b7f-912dc0ecf059', 'status': 'active'}}</error></testcase><testcase classname="backend.tests.test_iteration11_features.TestTAPCatalog" name="test_add_custom_catalog_item" time="0.000"><error message="failed on setup with &quot;AssertionError: No token in login response&#10;assert 'token' in {'access_token': 'eyJhbGciOiJIUzI1NiIsInR5cCI6IkpXVCJ9.eyJzdWIiOiI5ODkxMzQyZS0yYmVhLTQ0NGItOWI3Zi05MTJkYzBlY2YwNTkiLCJlbWFpbCI6InRlc3RlQHRlc3RlLmNvbSIsInJvbGVzIjpbeyJ1c2VyX2lkIjoiOTg5MTM0MmUtMmJlYS00NDRiLTliN2YtOTEyZGMwZWNmMDU5IiwiY29tcGFueV9pZCI6IjAxZWI4NDY3LTdkNDYtNGEwZi1hMmIyLTZlNjQyNjA2ODBlYiIsInZlbnVlX2lkIjpudWxsLCJyb2xlIjoib3duZXIiLCJwZXJtaXNzaW9ucyI6e319XSwiZXhwIjoxNzcyNzgzNjg0fQ.AE9E99cdcBCmZ006bgQVdbCFH4-oHR04UNiuJjlhQPs', 'next': {'route': '/venue/home', 'type': 'route'}, 'token_type': 'bearer', 'user': {'created_at': '2026-02-27T06:48:30.921699Z', 'email': 'teste@teste.com', 'id': '9891342e-2bea-444b-9b7f-912dc0ecf059', 'status': 'active'}}&quot;">backend/tests/test_iteration11_features.py:29: in auth_token
    assert "token" in data, "No token in login response"
E   AssertionError: No token in login response
E   assert 'token' in {'access_token': 'eyJhbGciOiJIUzI1NiIsInR5cCI6IkpXVCJ9.eyJzdWIiOiI5ODkxMzQyZS0yYmVhLTQ0NGItOWI3Zi05MTJkYzBlY2YwNTkiLCJlbWFpbCI6InRlc3RlQHRlc3RlLmNvbSIsInJvbGVzIjpbeyJ1c2VyX2lkIjoiOTg5MTM0MmUtMmJlYS00NDRiLTliN2YtOTEyZGMwZWNmMDU5IiwiY29tcGFueV9pZCI6IjAxZWI4NDY3LTdkNDYtNGEwZi1hMmIyLTZlNjQyNjA2ODBlYiIsInZlbnVlX2lkIjpudWxsLCJyb2xlIjoib3duZXIiLCJwZXJtaXNzaW9ucyI6e319XSwiZXhwIjoxNzcyNzgzNjg0fQ.AE9E99cdcBCmZ006bgQVdbCFH4-oHR04UNiuJjlhQPs', 'next': {'route': '/venue/home', 'type': 'route'}, 'token_type': 'bearer', 'user': {'created_at': '2026-02-27T06:48:30.921699Z', 'email': 'teste@teste.com', 'id': '9891342e-2bea-444b-9b7f-912dc0ecf059', 'status': 'active'}}</error></testcase><testcase classname="backend.tests.test_iteration11_features.TestTAPStats" name="test_stats_endpoint" time="0.000"><error message="failed on setup with &quot;AssertionError: No token in login response&#10;assert 'token' in {'access_token': 'eyJhbGciOiJIUzI1NiIsInR5cCI6IkpXVCJ9.eyJzdWIiOiI5ODkxMzQyZS0yYmVhLTQ0NGItOWI3Zi05MTJkYzBlY2YwNTkiLCJlbWFpbCI6InRlc3RlQHRlc3RlLmNvbSIsInJvbGVzIjpbeyJ1c2VyX2lkIjoiOTg5MTM0MmUtMmJlYS00NDRiLTliN2YtOTEyZGMwZWNmMDU5IiwiY29tcGFueV9pZCI6IjAxZWI4NDY3LTdkNDYtNGEwZi1hMmIyLTZlNjQyNjA2ODBlYiIsInZlbnVlX2lkIjpudWxsLCJyb2xlIjoib3duZXIiLCJwZXJtaXNzaW9ucyI6e319XSwiZXhwIjoxNzcyNzgzNjg0fQ.AE9E99cdcBCmZ006bgQVdbCFH4-oHR04UNiuJjlhQPs', 'next': {'route': '/venue/home', 'type': 'route'}, 'token_type': 'bearer', 'user': {'created_at': '2026-02-27T06:48:30.921699Z', 'email': 'teste@teste.com', 'id': '9891342e-2bea-444b-9b7f-912dc0ecf059', 'status': 'active'}}&quot;">backend/tests/test_iteration11_features.py:29: in auth_token
    assert "token" in data, "No token in login response"
E   AssertionError: No token in login response
E   assert 'token' in {'access_token': 'eyJhbGciOiJIUzI1NiIsInR5cCI6IkpXVCJ9.eyJzdWIiOiI5ODkxMzQyZS0yYmVhLTQ0NGItOWI3Zi05MTJkYzBlY2YwNTkiLCJlbWFpbCI6InRlc3RlQHRlc3RlLmNvbSIsInJvbGVzIjpbeyJ1c2VyX2lkIjoiOTg5MTM0MmUtMmJlYS00NDRiLTliN2YtOTEyZGMwZWNmMDU5IiwiY29tcGFueV9pZCI6IjAxZWI4NDY3LTdkNDYtNGEwZi1hMmIyLTZlNjQyNjA2ODBlYiIsInZlbnVlX2lkIjpudWxsLCJyb2xlIjoib3duZXIiLCJwZXJtaXNzaW9ucyI6e319XSwiZXhwIjoxNzcyNzgzNjg0fQ.AE9E99cdcBCmZ006bgQVdbCFH4-oHR04UNiuJjlhQPs', 'next': {'route': '/venue/home', 'type': 'route'}, 'token_type': 'bearer', 'user': {'created_at': '2026-02-27T06:48:30.921699Z', 'email': 'teste@teste.com', 'id': '9891342e-2bea-444b-9b7f-912dc0ecf059', 'status': 'active'}}</error></testcase><testcase classname="backend.tests.test_iteration11_features.TestStaffBarmen" name="test_get_barmen" time="0.000"><error message="failed on setup with &quot;AssertionError: No token in login response&#10;assert 'token' in {'access_token': 'eyJhbGciOiJIUzI1NiIsInR5cCI6IkpXVCJ9.eyJzdWIiOiI5ODkxMzQyZS0yYmVhLTQ0NGItOWI3Zi05MTJkYzBlY2YwNTkiLCJlbWFpbCI6InRlc3RlQHRlc3RlLmNvbSIsInJvbGVzIjpbeyJ1c2VyX2lkIjoiOTg5MTM0MmUtMmJlYS00NDRiLTliN2YtOTEyZGMwZWNmMDU5IiwiY29tcGFueV9pZCI6IjAxZWI4NDY3LTdkNDYtNGEwZi1hMmIyLTZlNjQyNjA2ODBlYiIsInZlbnVlX2lkIjpudWxsLCJyb2xlIjoib3duZXIiLCJwZXJtaXNzaW9ucyI6e319XSwiZXhwIjoxNzcyNzgzNjg0fQ.AE9E99cdcBCmZ006bgQVdbCFH4-oHR04UNiuJjlhQPs', 'next': {'route': '/venue/home', 'type': 'route'}, 'token_type': 'bearer', 'user': {'created_at': '2026-02-27T06:48:30.921699Z', 'email': 'teste@teste.com', 'id': '9891342e-2bea-444b-9b7f-912dc0ecf059', 'status': 'active'}}&quot;">backend/tests/test_iteration11_features.py:29: in auth_token
    assert "token" in data, "No token in login response"
E   AssertionError: No token in login response
E   assert 'token' in {'access_token': 'eyJhbGciOiJIUzI1NiIsInR5cCI6IkpXVCJ9.eyJzdWIiOiI5ODkxMzQyZS0yYmVhLTQ0NGItOWI3Zi05MTJkYzBlY2YwNTkiLCJlbWFpbCI6InRlc3RlQHRlc3RlLmNvbSIsInJvbGVzIjpbeyJ1c2VyX2lkIjoiOTg5MTM0MmUtMmJlYS00NDRiLTliN2YtOTEyZGMwZWNmMDU5IiwiY29tcGFueV9pZCI6IjAxZWI4NDY3LTdkNDYtNGEwZi1hMmIyLTZlNjQyNjA2ODBlYiIsInZlbnVlX2lkIjpudWxsLCJyb2xlIjoib3duZXIiLCJwZXJtaXNzaW9ucyI6e319XSwiZXhwIjoxNzcyNzgzNjg0fQ.AE9E99cdcBCmZ006bgQVdbCFH4-oHR04UNiuJjlhQPs', 'next': {'route': '/venue/home', 'type': 'route'}, 'token_type': 'bearer', 'user': {'created_at': '2026-02-27T06:48:30.921699Z', 'email': 'teste@teste.com', 'id': '9891342e-2bea-444b-9b7f-912dc0ecf059', 'status': 'active'}}</error></testcase><testcase classname="backend.tests.test_iteration11_features.TestKDSKanban" name="test_kds_tickets_kitchen" time="0.000"><error message="failed on setup with &quot;AssertionError: No token in login response&#10;assert 'token' in {'access_token': 'eyJhbGciOiJIUzI1NiIsInR5cCI6IkpXVCJ9.eyJzdWIiOiI5ODkxMzQyZS0yYmVhLTQ0NGItOWI3Zi05MTJkYzBlY2YwNTkiLCJlbWFpbCI6InRlc3RlQHRlc3RlLmNvbSIsInJvbGVzIjpbeyJ1c2VyX2lkIjoiOTg5MTM0MmUtMmJlYS00NDRiLTliN2YtOTEyZGMwZWNmMDU5IiwiY29tcGFueV9pZCI6IjAxZWI4NDY3LTdkNDYtNGEwZi1hMmIyLTZlNjQyNjA2ODBlYiIsInZlbnVlX2lkIjpudWxsLCJyb2xlIjoib3duZXIiLCJwZXJtaXNzaW9ucyI6e319XSwiZXhwIjoxNzcyNzgzNjg0fQ.AE9E99cdcBCmZ006bgQVdbCFH4-oHR04UNiuJjlhQPs', 'next': {'route': '/venue/home', 'type': 'route'}, 'token_type': 'bearer', 'user': {'created_at': '2026-02-27T06:48:30.921699Z', 'email': 'teste@teste.com', 'id': '9891342e-2bea-444b-9b7f-912dc0ecf059', 'status': 'active'}}&quot;">backend/tests/test_iteration11_features.py:29: in auth_token
    assert "token" in data, "No token in login response"
E   AssertionError: No token in login response
E   assert 'token' in {'access_token': 'eyJhbGciOiJIUzI1NiIsInR5cCI6IkpXVCJ9.eyJzdWIiOiI5ODkxMzQyZS0yYmVhLTQ0NGItOWI3Zi05MTJkYzBlY2YwNTkiLCJlbWFpbCI6InRlc3RlQHRlc3RlLmNvbSIsInJvbGVzIjpbeyJ1c2VyX2lkIjoiOTg5MTM0MmUtMmJlYS00NDRiLTliN2YtOTEyZGMwZWNmMDU5IiwiY29tcGFueV9pZCI6IjAxZWI4NDY3LTdkNDYtNGEwZi1hMmIyLTZlNjQyNjA2ODBlYiIsInZlbnVlX2lkIjpudWxsLCJyb2xlIjoib3duZXIiLCJwZXJtaXNzaW9ucyI6e319XSwiZXhwIjoxNzcyNzgzNjg0fQ.AE9E99cdcBCmZ006bgQVdbCFH4-oHR04UNiuJjlhQPs', 'next': {'route': '/venue/home', 'type': 'route'}, 'token_type': 'bearer', 'user': {'created_at': '2026-02-27T06:48:30.921699Z', 'email': 'teste@teste.com', 'id': '9891342e-2bea-444b-9b7f-912dc0ecf059', 'status': 'active'}}</error></testcase><testcase classname="backend.tests.test_iteration11_features.TestKDSKanban" name="test_kds_tickets_bar" time="0.000"><error message="failed on setup with &quot;AssertionError: No token in login response&#10;assert 'token' in {'access_token': 'eyJhbGciOiJIUzI1NiIsInR5cCI6IkpXVCJ9.eyJzdWIiOiI5ODkxMzQyZS0yYmVhLTQ0NGItOWI3Zi05MTJkYzBlY2YwNTkiLCJlbWFpbCI6InRlc3RlQHRlc3RlLmNvbSIsInJvbGVzIjpbeyJ1c2VyX2lkIjoiOTg5MTM0MmUtMmJlYS00NDRiLTliN2YtOTEyZGMwZWNmMDU5IiwiY29tcGFueV9pZCI6IjAxZWI4NDY3LTdkNDYtNGEwZi1hMmIyLTZlNjQyNjA2ODBlYiIsInZlbnVlX2lkIjpudWxsLCJyb2xlIjoib3duZXIiLCJwZXJtaXNzaW9ucyI6e319XSwiZXhwIjoxNzcyNzgzNjg0fQ.AE9E99cdcBCmZ006bgQVdbCFH4-oHR04UNiuJjlhQPs', 'next': {'route': '/venue/home', 'type': 'route'}, 'token_type': 'bearer', 'user': {'created_at': '2026-02-27T06:48:30.921699Z', 'email': 'teste@teste.com', 'id': '9891342e-2bea-444b-9b7f-912dc0ecf059', 'status': 'active'}}&quot;">backend/tests/test_iteration11_features.py:29: in auth_token
    assert "token" in data, "No token in login response"
E   AssertionError: No token in login response
E   assert 'token' in {'access_token': 'eyJhbGciOiJIUzI1NiIsInR5cCI6IkpXVCJ9.eyJzdWIiOiI5ODkxMzQyZS0yYmVhLTQ0NGItOWI3Zi05MTJkYzBlY2YwNTkiLCJlbWFpbCI6InRlc3RlQHRlc3RlLmNvbSIsInJvbGVzIjpbeyJ1c2VyX2lkIjoiOTg5MTM0MmUtMmJlYS00NDRiLTliN2YtOTEyZGMwZWNmMDU5IiwiY29tcGFueV9pZCI6IjAxZWI4NDY3LTdkNDYtNGEwZi1hMmIyLTZlNjQyNjA2ODBlYiIsInZlbnVlX2lkIjpudWxsLCJyb2xlIjoib3duZXIiLCJwZXJtaXNzaW9ucyI6e319XSwiZXhwIjoxNzcyNzgzNjg0fQ.AE9E99cdcBCmZ006bgQVdbCFH4-oHR04UNiuJjlhQPs', 'next': {'route': '/venue/home', 'type': 'route'}, 'token_type': 'bearer', 'user': {'created_at': '2026-02-27T06:48:30.921699Z', 'email': 'teste@teste.com', 'id': '9891342e-2bea-444b-9b7f-912dc0ecf059', 'status': 'active'}}</error></testcase><testcase classname="backend.tests.test_iteration11_features.TestTableModule" name="test_get_tables" time="0.000"><error message="failed on setup with &quot;AssertionError: No token in login response&#10;assert 'token' in {'access_token': 'eyJhbGciOiJIUzI1NiIsInR5cCI6IkpXVCJ9.eyJzdWIiOiI5ODkxMzQyZS0yYmVhLTQ0NGItOWI3Zi05MTJkYzBlY2YwNTkiLCJlbWFpbCI6InRlc3RlQHRlc3RlLmNvbSIsInJvbGVzIjpbeyJ1c2VyX2lkIjoiOTg5MTM0MmUtMmJlYS00NDRiLTliN2YtOTEyZGMwZWNmMDU5IiwiY29tcGFueV9pZCI6IjAxZWI4NDY3LTdkNDYtNGEwZi1hMmIyLTZlNjQyNjA2ODBlYiIsInZlbnVlX2lkIjpudWxsLCJyb2xlIjoib3duZXIiLCJwZXJtaXNzaW9ucyI6e319XSwiZXhwIjoxNzcyNzgzNjg0fQ.AE9E99cdcBCmZ006bgQVdbCFH4-oHR04UNiuJjlhQPs', 'next': {'route': '/venue/home', 'type': 'route'}, 'token_type': 'bearer', 'user': {'created_at': '2026-02-27T06:48:30.921699Z', 'email': 'teste@teste.com', 'id': '9891342e-2bea-444b-9b7f-912dc0ecf059', 'status': 'active'}}&quot;">backend/tests/test_iteration11_features.py:29: in auth_token
    assert "token" in data, "No token in login response"
E   AssertionError: No token in login response
E   assert 'token' in {'access_token': 'eyJhbGciOiJIUzI1NiIsInR5cCI6IkpXVCJ9.eyJzdWIiOiI5ODkxMzQyZS0yYmVhLTQ0NGItOWI3Zi05MTJkYzBlY2YwNTkiLCJlbWFpbCI6InRlc3RlQHRlc3RlLmNvbSIsInJvbGVzIjpbeyJ1c2VyX2lkIjoiOTg5MTM0MmUtMmJlYS00NDRiLTliN2YtOTEyZGMwZWNmMDU5IiwiY29tcGFueV9pZCI6IjAxZWI4NDY3LTdkNDYtNGEwZi1hMmIyLTZlNjQyNjA2ODBlYiIsInZlbnVlX2lkIjpudWxsLCJyb2xlIjoib3duZXIiLCJwZXJtaXNzaW9ucyI6e319XSwiZXhwIjoxNzcyNzgzNjg0fQ.AE9E99cdcBCmZ006bgQVdbCFH4-oHR04UNiuJjlhQPs', 'next': {'route': '/venue/home', 'type': 'route'}, 'token_type': 'bearer', 'user': {'created_at': '2026-02-27T06:48:30.921699Z', 'email': 'teste@teste.com', 'id': '9891342e-2bea-444b-9b7f-912dc0ecf059', 'status': 'active'}}</error></testcase><testcase classname="backend.tests.test_iteration11_features.TestVenueHome" name="test_venue_home_returns_modules" time="0.000"><error message="failed on setup with &quot;AssertionError: No token in login response&#10;assert 'token' in {'access_token': 'eyJhbGciOiJIUzI1NiIsInR5cCI6IkpXVCJ9.eyJzdWIiOiI5ODkxMzQyZS0yYmVhLTQ0NGItOWI3Zi05MTJkYzBlY2YwNTkiLCJlbWFpbCI6InRlc3RlQHRlc3RlLmNvbSIsInJvbGVzIjpbeyJ1c2VyX2lkIjoiOTg5MTM0MmUtMmJlYS00NDRiLTliN2YtOTEyZGMwZWNmMDU5IiwiY29tcGFueV9pZCI6IjAxZWI4NDY3LTdkNDYtNGEwZi1hMmIyLTZlNjQyNjA2ODBlYiIsInZlbnVlX2lkIjpudWxsLCJyb2xlIjoib3duZXIiLCJwZXJtaXNzaW9ucyI6e319XSwiZXhwIjoxNzcyNzgzNjg0fQ.AE9E99cdcBCmZ006bgQVdbCFH4-oHR04UNiuJjlhQPs', 'next': {'route': '/venue/home', 'type': 'route'}, 'token_type': 'bearer', 'user': {'created_at': '2026-02-27T06:48:30.921699Z', 'email': 'teste@teste.com', 'id': '9891342e-2bea-444b-9b7f-912dc0ecf059', 'status': 'active'}}&quot;">backend/tests/test_iteration11_features.py:29: in auth_token
    assert "token" in data, "No token in login response"
E   AssertionError: No token in login response
E   assert 'token' in {'access_token': 'eyJhbGciOiJIUzI1NiIsInR5cCI6IkpXVCJ9.eyJzdWIiOiI5ODkxMzQyZS0yYmVhLTQ0NGItOWI3Zi05MTJkYzBlY2YwNTkiLCJlbWFpbCI6InRlc3RlQHRlc3RlLmNvbSIsInJvbGVzIjpbeyJ1c2VyX2lkIjoiOTg5MTM0MmUtMmJlYS00NDRiLTliN2YtOTEyZGMwZWNmMDU5IiwiY29tcGFueV9pZCI6IjAxZWI4NDY3LTdkNDYtNGEwZi1hMmIyLTZlNjQyNjA2ODBlYiIsInZlbnVlX2lkIjpudWxsLCJyb2xlIjoib3duZXIiLCJwZXJtaXNzaW9ucyI6e319XSwiZXhwIjoxNzcyNzgzNjg0fQ.AE9E99cdcBCmZ006bgQVdbCFH4-oHR04UNiuJjlhQPs', 'next': {'route': '/venue/home', 'type': 'route'}, 'token_type': 'bearer', 'user': {'created_at': '2026-02-27T06:48:30.921699Z', 'email': 'teste@teste.com', 'id': '9891342e-2bea-444b-9b7f-912dc0ecf059', 'status': 'active'}}</error></testcase><testcase classname="backend.tests.test_iteration11_features.TestVenueHome" name="test_modules_include_manager_owner" time="0.000"><error message="failed on setup with &quot;AssertionError: No token in login response&#10;assert 'token' in {'access_token': 'eyJhbGciOiJIUzI1NiIsInR5cCI6IkpXVCJ9.eyJzdWIiOiI5ODkxMzQyZS0yYmVhLTQ0NGItOWI3Zi05MTJkYzBlY2YwNTkiLCJlbWFpbCI6InRlc3RlQHRlc3RlLmNvbSIsInJvbGVzIjpbeyJ1c2VyX2lkIjoiOTg5MTM0MmUtMmJlYS00NDRiLTliN2YtOTEyZGMwZWNmMDU5IiwiY29tcGFueV9pZCI6IjAxZWI4NDY3LTdkNDYtNGEwZi1hMmIyLTZlNjQyNjA2ODBlYiIsInZlbnVlX2lkIjpudWxsLCJyb2xlIjoib3duZXIiLCJwZXJtaXNzaW9ucyI6e319XSwiZXhwIjoxNzcyNzgzNjg0fQ.AE9E99cdcBCmZ006bgQVdbCFH4-oHR04UNiuJjlhQPs', 'next': {'route': '/venue/home', 'type': 'route'}, 'token_type': 'bearer', 'user': {'created_at': '2026-02-27T06:48:30.921699Z', 'email': 'teste@teste.com', 'id': '9891342e-2bea-444b-9b7f-912dc0ecf059', 'status': 'active'}}&quot;">backend/tests/test_iteration11_features.py:29: in auth_token
    assert "token" in data, "No token in login response"
E   AssertionError: No token in login response
E   assert 'token' in {'access_token': 'eyJhbGciOiJIUzI1NiIsInR5cCI6IkpXVCJ9.eyJzdWIiOiI5ODkxMzQyZS0yYmVhLTQ0NGItOWI3Zi05MTJkYzBlY2YwNTkiLCJlbWFpbCI6InRlc3RlQHRlc3RlLmNvbSIsInJvbGVzIjpbeyJ1c2VyX2lkIjoiOTg5MTM0MmUtMmJlYS00NDRiLTliN2YtOTEyZGMwZWNmMDU5IiwiY29tcGFueV9pZCI6IjAxZWI4NDY3LTdkNDYtNGEwZi1hMmIyLTZlNjQyNjA2ODBlYiIsInZlbnVlX2lkIjpudWxsLCJyb2xlIjoib3duZXIiLCJwZXJtaXNzaW9ucyI6e319XSwiZXhwIjoxNzcyNzgzNjg0fQ.AE9E99cdcBCmZ006bgQVdbCFH4-oHR04UNiuJjlhQPs', 'next': {'route': '/venue/home', 'type': 'route'}, 'token_type': 'bearer', 'user': {'created_at': '2026-02-27T06:48:30.921699Z', 'email': 'teste@teste.com', 'id': '9891342e-2bea-444b-9b7f-912dc0ecf059', 'status': 'active'}}</error></testcase><testcase classname="backend.tests.test_iteration11_features.TestTAPConfig" name="test_tap_config_currency" time="0.000"><error message="failed on setup with &quot;AssertionError: No token in login response&#10;assert 'token' in {'access_token': 'eyJhbGciOiJIUzI1NiIsInR5cCI6IkpXVCJ9.eyJzdWIiOiI5ODkxMzQyZS0yYmVhLTQ0NGItOWI3Zi05MTJkYzBlY2YwNTkiLCJlbWFpbCI6InRlc3RlQHRlc3RlLmNvbSIsInJvbGVzIjpbeyJ1c2VyX2lkIjoiOTg5MTM0MmUtMmJlYS00NDRiLTliN2YtOTEyZGMwZWNmMDU5IiwiY29tcGFueV9pZCI6IjAxZWI4NDY3LTdkNDYtNGEwZi1hMmIyLTZlNjQyNjA2ODBlYiIsInZlbnVlX2lkIjpudWxsLCJyb2xlIjoib3duZXIiLCJwZXJtaXNzaW9ucyI6e319XSwiZXhwIjoxNzcyNzgzNjg0fQ.AE9E99cdcBCmZ006bgQVdbCFH4-oHR04UNiuJjlhQPs', 'next': {'route': '/venue/home', 'type': 'route'}, 'token_type': 'bearer', 'user': {'created_at': '2026-02-27T06:48:30.921699Z', 'email': 'teste@teste.com', 'id': '9891342e-2bea-444b-9b7f-912dc0ecf059', 'status': 'active'}}&quot;">backend/tests/test_iteration11_features.py:29: in auth_token
    assert "token" in data, "No token in login response"
E   AssertionError: No token in login response
E   assert 'token' in {'access_token': 'eyJhbGciOiJIUzI1NiIsInR5cCI6IkpXVCJ9.eyJzdWIiOiI5ODkxMzQyZS0yYmVhLTQ0NGItOWI3Zi05MTJkYzBlY2YwNTkiLCJlbWFpbCI6InRlc3RlQHRlc3RlLmNvbSIsInJvbGVzIjpbeyJ1c2VyX2lkIjoiOTg5MTM0MmUtMmJlYS00NDRiLTliN2YtOTEyZGMwZWNmMDU5IiwiY29tcGFueV9pZCI6IjAxZWI4NDY3LTdkNDYtNGEwZi1hMmIyLTZlNjQyNjA2ODBlYiIsInZlbnVlX2lkIjpudWxsLCJyb2xlIjoib3duZXIiLCJwZXJtaXNzaW9ucyI6e319XSwiZXhwIjoxNzcyNzgzNjg0fQ.AE9E99cdcBCmZ006bgQVdbCFH4-oHR04UNiuJjlhQPs', 'next': {'route': '/venue/home', 'type': 'route'}, 'token_type': 'bearer', 'user': {'created_at': '2026-02-27T06:48:30.921699Z', 'email': 'teste@teste.com', 'id': '9891342e-2bea-444b-9b7f-912dc0ecf059', 'status': 'active'}}</error></testcase></testsuite></testsuites>