<?xml version="1.0" encoding="utf-8"?><testsuites name="pytest tests"><testsuite name="pytest" errors="0" failures="0" skipped="0" tests="19" time="7.151" timestamp="2026-02-27T22:43:04.755467+00:00" hostname="agent-env-2725b993-f02a-4d00-b281-278064e99c25"><testcase classname="backend.tests.test_iteration21_features.TestAuthentication" name="test_login_success" time="0.508" /><testcase classname="backend.tests.test_iteration21_features.TestPulseGuestSearch" name="test_search_guests_by_name" time="0.497" /><testcase classname="backend.tests.test_iteration21_features.TestPulseGuestSearch" name="test_search_guests_alex" time="0.126" /><testcase classname="backend.tests.test_iteration21_features.TestPulseGuestSearch" name="test_search_guests_kevin" time="0.126" /><testcase classname="backend.tests.test_iteration21_features.TestPulseGuestSearch" name="test_search_guests_empty_query" time="0.170" /><testcase classname="backend.tests.test_iteration21_features.TestEventGuestsCRUD" name="test_list_event_guests_empty" time="0.637" /><testcase classname="backend.tests.test_iteration21_features.TestEventGuestsCRUD" name="test_add_guest_to_event" time="0.285" /><testcase classname="backend.tests.test_iteration21_features.TestEventGuestsCRUD" name="test_list_event_guests_after_add" time="0.210" /><testcase classname="backend.tests.test_iteration21_features.TestEventGuestsCRUD" name="test_add_duplicate_guest_fails" time="0.108" /><testcase classname="backend.tests.test_iteration21_features.TestEventGuestsCRUD" name="test_remove_guest_from_event" time="0.131" /><testcase classname="backend.tests.test_iteration21_features.TestEventGuestsCRUD" name="test_guest_still_in_pulse_after_removal" time="0.114" /><testcase classname="backend.tests.test_iteration21_features.TestEventStaffCRUD" name="test_list_event_staff_empty" time="0.639" /><testcase classname="backend.tests.test_iteration21_features.TestEventStaffCRUD" name="test_assign_staff_to_event" time="0.234" /><testcase classname="backend.tests.test_iteration21_features.TestEventStaffCRUD" name="test_list_event_staff_after_assign" time="0.182" /><testcase classname="backend.tests.test_iteration21_features.TestEventStaffCRUD" name="test_assign_duplicate_staff_fails" time="0.111" /><testcase classname="backend.tests.test_iteration21_features.TestEventStaffCRUD" name="test_remove_staff_from_event" time="0.127" /><testcase classname="backend.tests.test_iteration21_features.TestEndEvent" name="test_end_event_clears_guests" time="1.186" /><testcase classname="backend.tests.test_iteration21_features.TestCreateEventWithStaff" name="test_create_event_and_assign_staff" time="1.201" /><testcase classname="backend.tests.test_iteration21_features.TestTapSessions" name="test_get_tap_sessions" time="0.465" /></testsuite></testsuites>