<?xml version="1.0" encoding="utf-8"?><testsuites name="pytest tests"><testsuite name="pytest" errors="0" failures="0" skipped="0" tests="14" time="1.954" timestamp="2026-02-27T08:56:11.401418+00:00" hostname="agent-env-d482824d-ae33-4e51-9fc3-43cefd55a3e6"><testcase classname="backend.tests.test_iteration13_features.TestCatalogCRUD" name="test_create_catalog_item" time="0.473" /><testcase classname="backend.tests.test_iteration13_features.TestCatalogCRUD" name="test_get_catalog_shows_new_item" time="0.100" /><testcase classname="backend.tests.test_iteration13_features.TestCatalogCRUD" name="test_update_catalog_item" time="0.102" /><testcase classname="backend.tests.test_iteration13_features.TestCatalogCRUD" name="test_delete_catalog_item" time="0.100" /><testcase classname="backend.tests.test_iteration13_features.TestCatalogCRUD" name="test_verify_deleted_item_gone" time="0.103" /><testcase classname="backend.tests.test_iteration13_features.TestCatalogCategories" name="test_catalog_has_expected_categories" time="0.105" /><testcase classname="backend.tests.test_iteration13_features.TestEntryDecisionAutoTabCreation" name="test_create_guest_for_entry" time="0.145" /><testcase classname="backend.tests.test_iteration13_features.TestEntryDecisionAutoTabCreation" name="test_entry_decision_creates_tab" time="0.100" /><testcase classname="backend.tests.test_iteration13_features.TestEntryDecisionAutoTabCreation" name="test_inside_guests_shows_tab_number" time="0.136" /><testcase classname="backend.tests.test_iteration13_features.TestTapSessionsWithTabNumber" name="test_sessions_have_tab_numbers" time="0.103" /><testcase classname="backend.tests.test_iteration13_features.TestTablePageTabNumber" name="test_tables_endpoint" time="0.108" /><testcase classname="backend.tests.test_iteration13_features.TestKDSEndpoints" name="test_kds_tickets_endpoint" time="0.098" /><testcase classname="backend.tests.test_iteration13_features.TestKDSEndpoints" name="test_kds_status_update" time="0.114" /><testcase classname="backend.tests.test_iteration13_features.TestCleanup" name="test_cleanup_test_guest" time="0.100" /></testsuite></testsuites>