<?xml version="1.0" encoding="utf-8"?><testsuites name="pytest tests"><testsuite name="pytest" errors="0" failures="1" skipped="0" tests="18" time="8.421" timestamp="2026-03-19T09:10:21.741664+00:00" hostname="agent-env-76f05235-a6c8-4cf8-ac0a-5c590b6b4194"><testcase classname="backend.tests.test_iteration58_ceo_dashboard.TestCEOAuthentication" name="test_ceo_login_success" time="0.632"><failure message="AssertionError: assert None == 'CEO'&#10; +  where None = &lt;built-in method get of dict object at 0xfcf8a80abf80&gt;('role')&#10; +    where &lt;built-in method get of dict object at 0xfcf8a80abf80&gt; = {'access_token': 'eyJhbGciOiJIUzI1NiIsInR5cCI6IkpXVCJ9.eyJzdWIiOiI4ZjU2MmViNy02YmRjLTRhYjAtYjQ1MC02Y2JiNGQ5ODRlMTEiLCJlbWFpbCI6ImdhcmNpYS5yYXBoYTJAZ21haWwuY29tIiwicm9sZSI6IkNFTyIsInJvbGVzIjpbeyJ1c2VyX2lkIjoiOGY1NjJlYjctNmJkYy00YWIwLWI0NTAtNmNiYjRkOTg0ZTExIiwiY29tcGFueV9pZCI6ImMwMDAwMDAxLTAwMDAtMDAwMC0wMDAwLTAwMDAwMDAwMDAwMSIsInZlbnVlX2lkIjoiNDBhMjRlMDQtNzViNi00MzVkLWJmZmYtYWIwZDQ2OWNlNTQzIiwicm9sZSI6InBsYXRmb3JtX2FkbWluIiwicGVybWlzc2lvbnMiOnsiY2VvIjp0cnVlLCJrZHMiOnRydWUsIkhPU1RfQ09MTEVDVF9ET0IiOnRydWV9fV0sImV4cCI6MTc3NDUxNjIyMn0.m8ngvmrVMyy8jWadyIDL8iCrCI2zUrC1PUuvBuTfqqg', 'next': {'route': '/venue/home', 'type': 'route'}, 'token_type': 'bearer', 'user': {'created_at': '2026-03-19T07:54:53.089010Z', 'email': 'garcia.rapha2@gmail.com', 'id': '8f562eb7-6bdc-4ab0-b450-6cbb4d984e11', 'name': 'Raphael Garcia', ...}}.get">backend/tests/test_iteration58_ceo_dashboard.py:54: in test_ceo_login_success
    assert data.get("role") == "CEO"
E   AssertionError: assert None == 'CEO'
E    +  where None = &lt;built-in method get of dict object at 0xfcf8a80abf80&gt;('role')
E    +    where &lt;built-in method get of dict object at 0xfcf8a80abf80&gt; = {'access_token': 'eyJhbGciOiJIUzI1NiIsInR5cCI6IkpXVCJ9.eyJzdWIiOiI4ZjU2MmViNy02YmRjLTRhYjAtYjQ1MC02Y2JiNGQ5ODRlMTEiLCJlbWFpbCI6ImdhcmNpYS5yYXBoYTJAZ21haWwuY29tIiwicm9sZSI6IkNFTyIsInJvbGVzIjpbeyJ1c2VyX2lkIjoiOGY1NjJlYjctNmJkYy00YWIwLWI0NTAtNmNiYjRkOTg0ZTExIiwiY29tcGFueV9pZCI6ImMwMDAwMDAxLTAwMDAtMDAwMC0wMDAwLTAwMDAwMDAwMDAwMSIsInZlbnVlX2lkIjoiNDBhMjRlMDQtNzViNi00MzVkLWJmZmYtYWIwZDQ2OWNlNTQzIiwicm9sZSI6InBsYXRmb3JtX2FkbWluIiwicGVybWlzc2lvbnMiOnsiY2VvIjp0cnVlLCJrZHMiOnRydWUsIkhPU1RfQ09MTEVDVF9ET0IiOnRydWV9fV0sImV4cCI6MTc3NDUxNjIyMn0.m8ngvmrVMyy8jWadyIDL8iCrCI2zUrC1PUuvBuTfqqg', 'next': {'route': '/venue/home', 'type': 'route'}, 'token_type': 'bearer', 'user': {'created_at': '2026-03-19T07:54:53.089010Z', 'email': 'garcia.rapha2@gmail.com', 'id': '8f562eb7-6bdc-4ab0-b450-6cbb4d984e11', 'name': 'Raphael Garcia', ...}}.get</failure></testcase><testcase classname="backend.tests.test_iteration58_ceo_dashboard.TestCEOAuthentication" name="test_regular_user_denied_ceo_endpoints" time="0.629" /><testcase classname="backend.tests.test_iteration58_ceo_dashboard.TestCEOHealthSection" name="test_get_health_kpis" time="1.048" /><testcase classname="backend.tests.test_iteration58_ceo_dashboard.TestCEOHealthSection" name="test_get_kpi_breakdown_mrr" time="0.609" /><testcase classname="backend.tests.test_iteration58_ceo_dashboard.TestCEORevenueSection" name="test_get_revenue_default_month" time="0.235" /><testcase classname="backend.tests.test_iteration58_ceo_dashboard.TestCEORevenueSection" name="test_get_revenue_week" time="0.214" /><testcase classname="backend.tests.test_iteration58_ceo_dashboard.TestCEORevenueSection" name="test_get_revenue_year" time="0.230" /><testcase classname="backend.tests.test_iteration58_ceo_dashboard.TestCEOTargetsSection" name="test_get_targets" time="0.243" /><testcase classname="backend.tests.test_iteration58_ceo_dashboard.TestCEOTargetsSection" name="test_update_targets" time="0.142" /><testcase classname="backend.tests.test_iteration58_ceo_dashboard.TestCEOCompaniesSection" name="test_get_companies" time="0.586" /><testcase classname="backend.tests.test_iteration58_ceo_dashboard.TestCEOModulesSection" name="test_get_modules" time="0.172" /><testcase classname="backend.tests.test_iteration58_ceo_dashboard.TestCEOUsersSection" name="test_get_users" time="0.362" /><testcase classname="backend.tests.test_iteration58_ceo_dashboard.TestCEOUsersSection" name="test_create_and_delete_user" time="0.827" /><testcase classname="backend.tests.test_iteration58_ceo_dashboard.TestCEOAlertsSection" name="test_get_alerts" time="0.541" /><testcase classname="backend.tests.test_iteration58_ceo_dashboard.TestCEOPipelineSection" name="test_get_pipeline" time="0.452" /><testcase classname="backend.tests.test_iteration58_ceo_dashboard.TestCEOCRMSection" name="test_get_leads" time="0.210" /><testcase classname="backend.tests.test_iteration58_ceo_dashboard.TestCEOCRMSection" name="test_update_lead_status" time="0.600" /><testcase classname="backend.tests.test_iteration58_ceo_dashboard.TestCEOCompanyManagement" name="test_get_companies_with_modules" time="0.565" /></testsuite></testsuites>