<?xml version="1.0" encoding="utf-8"?><testsuites name="pytest tests"><testsuite name="pytest" errors="0" failures="0" skipped="0" tests="15" time="2.206" timestamp="2026-02-27T05:48:44.093648+00:00" hostname="agent-env-baab7602-1c73-42fb-a30a-98865143ba36"><testcase classname="backend.tests.test_iteration7_features.TestVenueEvents" name="test_get_events_without_date" time="0.449" /><testcase classname="backend.tests.test_iteration7_features.TestVenueEvents" name="test_get_events_with_date" time="0.112" /><testcase classname="backend.tests.test_iteration7_features.TestVenueEvents" name="test_create_event" time="0.110" /><testcase classname="backend.tests.test_iteration7_features.TestVenueEvents" name="test_get_event_dates" time="0.114" /><testcase classname="backend.tests.test_iteration7_features.TestRewardsConfig" name="test_get_rewards_config" time="0.098" /><testcase classname="backend.tests.test_iteration7_features.TestRewardsConfig" name="test_save_rewards_config" time="0.097" /><testcase classname="backend.tests.test_iteration7_features.TestRewardsConfig" name="test_update_tiers" time="0.101" /><testcase classname="backend.tests.test_iteration7_features.TestRewardsConfig" name="test_update_rewards_list" time="0.097" /><testcase classname="backend.tests.test_iteration7_features.TestTAPSessions" name="test_get_active_sessions" time="0.096" /><testcase classname="backend.tests.test_iteration7_features.TestTAPSessions" name="test_add_custom_item_to_session" time="0.225" /><testcase classname="backend.tests.test_iteration7_features.TestPulseExits" name="test_get_today_exits" time="0.100" /><testcase classname="backend.tests.test_iteration7_features.TestPulseExits" name="test_get_inside_guests" time="0.121" /><testcase classname="backend.tests.test_iteration7_features.TestGuestProfile" name="test_get_guest_profile" time="0.230" /><testcase classname="backend.tests.test_iteration7_features.TestGuestProfile" name="test_guest_profile_not_found" time="0.100" /><testcase classname="backend.tests.test_iteration7_features.TestTAPCatalog" name="test_get_catalog" time="0.105" /></testsuite></testsuites>