<?xml version="1.0" encoding="utf-8"?><testsuites name="pytest tests"><testsuite name="pytest" errors="0" failures="0" skipped="0" tests="28" time="5.783" timestamp="2026-03-24T08:42:19.764102+00:00" hostname="agent-env-7240413f-af42-4c4e-a481-38d135190bd5"><testcase classname="backend.tests.test_iteration87_ceo_analytics.TestSecurityAnalytics" name="test_security_analytics_returns_200" time="0.894" /><testcase classname="backend.tests.test_iteration87_ceo_analytics.TestSecurityAnalytics" name="test_security_analytics_has_alerts" time="0.194" /><testcase classname="backend.tests.test_iteration87_ceo_analytics.TestSecurityAnalytics" name="test_security_analytics_has_risk_score" time="0.166" /><testcase classname="backend.tests.test_iteration87_ceo_analytics.TestSecurityAnalytics" name="test_security_analytics_has_module_usage" time="0.166" /><testcase classname="backend.tests.test_iteration87_ceo_analytics.TestSecurityAnalytics" name="test_security_analytics_has_summary" time="0.196" /><testcase classname="backend.tests.test_iteration87_ceo_analytics.TestSecurityAnalytics" name="test_security_alerts_have_customer_info" time="0.159" /><testcase classname="backend.tests.test_iteration87_ceo_analytics.TestReportsAnalytics" name="test_reports_analytics_returns_200" time="0.206" /><testcase classname="backend.tests.test_iteration87_ceo_analytics.TestReportsAnalytics" name="test_reports_analytics_has_funnel" time="0.163" /><testcase classname="backend.tests.test_iteration87_ceo_analytics.TestReportsAnalytics" name="test_reports_analytics_has_loss_reasons" time="0.171" /><testcase classname="backend.tests.test_iteration87_ceo_analytics.TestReportsAnalytics" name="test_reports_analytics_has_pipeline_history" time="0.183" /><testcase classname="backend.tests.test_iteration87_ceo_analytics.TestReportsAnalytics" name="test_reports_analytics_has_metrics" time="0.168" /><testcase classname="backend.tests.test_iteration87_ceo_analytics.TestRevenueTargets" name="test_revenue_targets_returns_200" time="0.210" /><testcase classname="backend.tests.test_iteration87_ceo_analytics.TestRevenueTargets" name="test_revenue_targets_has_weekly" time="0.159" /><testcase classname="backend.tests.test_iteration87_ceo_analytics.TestRevenueTargets" name="test_revenue_targets_has_monthly" time="0.182" /><testcase classname="backend.tests.test_iteration87_ceo_analytics.TestRevenueTargets" name="test_revenue_targets_has_annual" time="0.161" /><testcase classname="backend.tests.test_iteration87_ceo_analytics.TestRevenueTargets" name="test_revenue_targets_values_are_numeric" time="0.163" /><testcase classname="backend.tests.test_iteration87_ceo_analytics.TestCustomerById" name="test_get_customers_list" time="0.133" /><testcase classname="backend.tests.test_iteration87_ceo_analytics.TestCustomerById" name="test_get_customer_by_id" time="0.290" /><testcase classname="backend.tests.test_iteration87_ceo_analytics.TestCustomerById" name="test_get_customer_not_found" time="0.142" /><testcase classname="backend.tests.test_iteration87_ceo_analytics.TestCustomersSearch" name="test_customers_search_by_name" time="0.184" /><testcase classname="backend.tests.test_iteration87_ceo_analytics.TestDataIntegrity" name="test_customers_count" time="0.137" /><testcase classname="backend.tests.test_iteration87_ceo_analytics.TestDataIntegrity" name="test_deals_count" time="0.132" /><testcase classname="backend.tests.test_iteration87_ceo_analytics.TestDataIntegrity" name="test_closed_lost_deals_for_loss_reasons" time="0.165" /><testcase classname="backend.tests.test_iteration87_ceo_analytics.TestRegressionPipeline" name="test_deals_endpoint" time="0.138" /><testcase classname="backend.tests.test_iteration87_ceo_analytics.TestRegressionPipeline" name="test_deal_by_id" time="0.354" /><testcase classname="backend.tests.test_iteration87_ceo_analytics.TestRegressionCustomerBase" name="test_customers_endpoint" time="0.141" /><testcase classname="backend.tests.test_iteration87_ceo_analytics.TestRegressionCustomerBase" name="test_customers_filter_by_status" time="0.158" /><testcase classname="backend.tests.test_iteration87_ceo_analytics.TestRegressionCustomerBase" name="test_customers_filter_by_plan" time="0.172" /></testsuite></testsuites>