<?xml version="1.0" encoding="utf-8"?><testsuites name="pytest tests"><testsuite name="pytest" errors="0" failures="0" skipped="0" tests="13" time="4.905" timestamp="2026-03-12T07:22:48.738811+00:00" hostname="agent-env-2756ac4a-6834-4fe4-a109-198e392fdc0e"><testcase classname="backend.tests.test_p0_features_iteration38.TestP0_1_TipDistribution" name="test_01_login_and_get_barmen" time="0.595" /><testcase classname="backend.tests.test_p0_features_iteration38.TestP0_1_TipDistribution" name="test_02_open_tab_with_bartender" time="0.222" /><testcase classname="backend.tests.test_p0_features_iteration38.TestP0_1_TipDistribution" name="test_03_add_item_and_close_tab" time="0.615" /><testcase classname="backend.tests.test_p0_features_iteration38.TestP0_1_TipDistribution" name="test_04_record_tip_for_closed_session" time="0.655" /><testcase classname="backend.tests.test_p0_features_iteration38.TestP0_1_TipDistribution" name="test_05_verify_tip_in_manager_dashboard" time="0.105" /><testcase classname="backend.tests.test_p0_features_iteration38.TestP0_2_PaymentFlowConsistency" name="test_01_verify_tap_close_requires_payment_location" time="0.630" /><testcase classname="backend.tests.test_p0_features_iteration38.TestP0_2_PaymentFlowConsistency" name="test_02_verify_tap_pay_at_register" time="0.300" /><testcase classname="backend.tests.test_p0_features_iteration38.TestP0_2_PaymentFlowConsistency" name="test_03_verify_table_close_requires_payment" time="0.364" /><testcase classname="backend.tests.test_p0_features_iteration38.TestP0_3_InsideNowPanel" name="test_01_verify_inside_guests_endpoint" time="0.438" /><testcase classname="backend.tests.test_p0_features_iteration38.TestP0_3_InsideNowPanel" name="test_02_verify_guest_count_matches_demo_seed" time="0.112" /><testcase classname="backend.tests.test_p0_features_iteration38.TestP0_3_InsideNowPanel" name="test_03_verify_guest_details" time="0.105" /><testcase classname="backend.tests.test_p0_features_iteration38.TestManagerOverviewWithTips" name="test_01_shift_overview_shows_tips" time="0.483" /><testcase classname="backend.tests.test_p0_features_iteration38.TestManagerOverviewWithTips" name="test_02_staff_costs_breakdown" time="0.098" /></testsuite></testsuites>