<?xml version="1.0" encoding="utf-8"?><testsuites name="pytest tests"><testsuite name="pytest" errors="0" failures="0" skipped="0" tests="19" time="6.136" timestamp="2026-03-12T05:03:08.054074+00:00" hostname="agent-env-b328355b-6e0c-4a62-940d-a458dc488fff"><testcase classname="backend.tests.test_iteration33_operational_sync.TestAuthentication" name="test_login_success" time="0.431" /><testcase classname="backend.tests.test_iteration33_operational_sync.TestAuthentication" name="test_login_invalid_credentials" time="0.329" /><testcase classname="backend.tests.test_iteration33_operational_sync.TestTapSessionsSync" name="test_tap_sessions_list" time="0.462" /><testcase classname="backend.tests.test_iteration33_operational_sync.TestTapSessionsSync" name="test_tap_sessions_totals" time="0.105" /><testcase classname="backend.tests.test_iteration33_operational_sync.TestTapSessionsSync" name="test_tap_stats" time="0.100" /><testcase classname="backend.tests.test_iteration33_operational_sync.TestTapSessionsSync" name="test_tap_catalog" time="0.107" /><testcase classname="backend.tests.test_iteration33_operational_sync.TestClosedSessionsSync" name="test_closed_sessions_list" time="0.431" /><testcase classname="backend.tests.test_iteration33_operational_sync.TestManagerOverviewSync" name="test_manager_overview" time="0.428" /><testcase classname="backend.tests.test_iteration33_operational_sync.TestManagerOverviewSync" name="test_manager_top_items" time="0.110" /><testcase classname="backend.tests.test_iteration33_operational_sync.TestManagerOverviewSync" name="test_manager_guest_funnel" time="0.111" /><testcase classname="backend.tests.test_iteration33_operational_sync.TestManagerShiftsSync" name="test_manager_staff_costs" time="0.464" /><testcase classname="backend.tests.test_iteration33_operational_sync.TestManagerShiftsSync" name="test_manager_shift_overview" time="0.095" /><testcase classname="backend.tests.test_iteration33_operational_sync.TestKDSTicketsSync" name="test_kds_kitchen_tickets" time="0.455" /><testcase classname="backend.tests.test_iteration33_operational_sync.TestKDSTicketsSync" name="test_kds_bar_tickets" time="0.104" /><testcase classname="backend.tests.test_iteration33_operational_sync.TestTableModuleSync" name="test_table_list" time="0.450" /><testcase classname="backend.tests.test_iteration33_operational_sync.TestPulseEntrySync" name="test_pulse_inside_guests" time="0.444" /><testcase classname="backend.tests.test_iteration33_operational_sync.TestCrossModuleSync" name="test_tap_manager_sync" time="0.556" /><testcase classname="backend.tests.test_iteration33_operational_sync.TestCrossModuleSync" name="test_pulse_manager_guests_sync" time="0.226" /><testcase classname="backend.tests.test_iteration33_operational_sync.TestAddItemAndSync" name="test_add_item_flow" time="0.656" /></testsuite></testsuites>