<?xml version="1.0" encoding="utf-8"?><testsuites name="pytest tests"><testsuite name="pytest" errors="2" failures="0" skipped="0" tests="16" time="9.155" timestamp="2026-02-27T22:23:49.781070+00:00" hostname="agent-env-2725b993-f02a-4d00-b281-278064e99c25"><testcase classname="backend.tests.test_iteration20_p0_rules.TestTapSessionWithGuestInfo" name="test_get_sessions_list" time="1.142" /><testcase classname="backend.tests.test_iteration20_p0_rules.TestTapSessionWithGuestInfo" name="test_get_session_detail_has_guest_photo_and_id_verified" time="1.560" /><testcase classname="backend.tests.test_iteration20_p0_rules.TestTapIdVerification" name="test_verify_id_endpoint_exists" time="0.656" /><testcase classname="backend.tests.test_iteration20_p0_rules.TestTapIdVerification" name="test_verify_id_persists_in_session" time="0.424" /><testcase classname="backend.tests.test_iteration20_p0_rules.TestTableIdVerified" name="test_get_tables_list" time="0.535" /><testcase classname="backend.tests.test_iteration20_p0_rules.TestTableIdVerified" name="test_table_detail_has_id_verified_in_session" time="0.427" /><testcase classname="backend.tests.test_iteration20_p0_rules.TestEventGuestsCRUD" name="test_list_event_guests" time="0.956" /><testcase classname="backend.tests.test_iteration20_p0_rules.TestEventGuestsCRUD" name="test_add_guest_to_event" time="0.141"><error message="failed on setup with &quot;KeyError: 'id'&quot;">backend/tests/test_iteration20_p0_rules.py:262: in pulse_guest_id
    return guests[0]["id"]
           ^^^^^^^^^^^^^^^
E   KeyError: 'id'</error></testcase><testcase classname="backend.tests.test_iteration20_p0_rules.TestEventGuestsCRUD" name="test_event_guests_enriched_with_pulse_data" time="0.133" /><testcase classname="backend.tests.test_iteration20_p0_rules.TestEventGuestsCRUD" name="test_remove_guest_from_event_without_deleting_from_pulse" time="0.000"><error message="failed on setup with &quot;KeyError: 'id'&quot;">backend/tests/test_iteration20_p0_rules.py:262: in pulse_guest_id
    return guests[0]["id"]
           ^^^^^^^^^^^^^^^
E   KeyError: 'id'</error></testcase><testcase classname="backend.tests.test_iteration20_p0_rules.TestEventEndClearsGuests" name="test_end_event_clears_temporal_guests" time="1.019" /><testcase classname="backend.tests.test_iteration20_p0_rules.TestEventStaffCRUD" name="test_list_event_staff" time="0.664" /><testcase classname="backend.tests.test_iteration20_p0_rules.TestEventStaffCRUD" name="test_assign_staff_to_event_with_role_and_rate" time="0.467" /><testcase classname="backend.tests.test_iteration20_p0_rules.TestEventStaffCRUD" name="test_event_staff_enriched_with_names" time="0.123" /><testcase classname="backend.tests.test_iteration20_p0_rules.TestEventStaffCRUD" name="test_remove_staff_from_event" time="0.237" /><testcase classname="backend.tests.test_iteration20_p0_rules.TestCatalogItemAlcoholField" name="test_catalog_has_is_alcohol_field" time="0.459" /></testsuite></testsuites>