<?xml version="1.0" encoding="utf-8"?><testsuites name="pytest tests"><testsuite name="pytest" errors="0" failures="0" skipped="0" tests="20" time="8.483" timestamp="2026-02-27T20:33:28.723836+00:00" hostname="agent-env-466638ca-7161-4e9e-98a5-988e53ca65fe"><testcase classname="backend.tests.test_iteration15_manager_dashboard.TestP0UserDeletionProtection" name="test_delete_protected_user_returns_403" time="0.806" /><testcase classname="backend.tests.test_iteration15_manager_dashboard.TestP0UserDeletionProtection" name="test_delete_nonexistent_user_returns_404" time="0.118" /><testcase classname="backend.tests.test_iteration15_manager_dashboard.TestManagerOverview" name="test_overview_endpoint" time="0.491" /><testcase classname="backend.tests.test_iteration15_manager_dashboard.TestManagerStaff" name="test_get_staff_list" time="0.673" /><testcase classname="backend.tests.test_iteration15_manager_dashboard.TestManagerStaff" name="test_add_staff_member" time="0.294" /><testcase classname="backend.tests.test_iteration15_manager_dashboard.TestManagerSchedule" name="test_save_schedule" time="0.860" /><testcase classname="backend.tests.test_iteration15_manager_dashboard.TestManagerGuests" name="test_get_guests_list" time="0.527" /><testcase classname="backend.tests.test_iteration15_manager_dashboard.TestManagerGuests" name="test_guests_search" time="0.110" /><testcase classname="backend.tests.test_iteration15_manager_dashboard.TestManagerGuestDetail" name="test_guest_detail_with_existing_guest" time="0.632" /><testcase classname="backend.tests.test_iteration15_manager_dashboard.TestManagerReports" name="test_sales_report_today" time="0.454" /><testcase classname="backend.tests.test_iteration15_manager_dashboard.TestManagerReports" name="test_sales_report_week" time="0.108" /><testcase classname="backend.tests.test_iteration15_manager_dashboard.TestManagerReports" name="test_sales_report_month" time="0.148" /><testcase classname="backend.tests.test_iteration15_manager_dashboard.TestManagerExport" name="test_export_csv" time="0.506" /><testcase classname="backend.tests.test_iteration15_manager_dashboard.TestManagerLoyalty" name="test_get_loyalty_config" time="0.525" /><testcase classname="backend.tests.test_iteration15_manager_dashboard.TestManagerLoyalty" name="test_save_loyalty_config" time="0.133" /><testcase classname="backend.tests.test_iteration15_manager_dashboard.TestManagerSettings" name="test_get_settings" time="0.506" /><testcase classname="backend.tests.test_iteration15_manager_dashboard.TestManagerSettings" name="test_update_settings" time="0.134" /><testcase classname="backend.tests.test_iteration15_manager_dashboard.TestManagerShifts" name="test_list_shifts" time="0.496" /><testcase classname="backend.tests.test_iteration15_manager_dashboard.TestManagerShifts" name="test_close_shift" time="0.254" /><testcase classname="backend.tests.test_iteration15_manager_dashboard.TestManagerAudit" name="test_get_audit_trail" time="0.524" /></testsuite></testsuites>