<?xml version="1.0" encoding="utf-8"?><testsuites name="pytest tests"><testsuite name="pytest" errors="0" failures="0" skipped="0" tests="12" time="2.208" timestamp="2026-03-24T22:59:30.061792+00:00" hostname="agent-env-61fe377e-3d0c-44f7-aede-da2542edef87"><testcase classname="backend.tests.test_iteration89_support_privacy.TestSupportEndpoint" name="test_support_valid_submission" time="0.380" /><testcase classname="backend.tests.test_iteration89_support_privacy.TestSupportEndpoint" name="test_support_empty_name_validation" time="0.106" /><testcase classname="backend.tests.test_iteration89_support_privacy.TestSupportEndpoint" name="test_support_whitespace_name_validation" time="0.120" /><testcase classname="backend.tests.test_iteration89_support_privacy.TestSupportEndpoint" name="test_support_short_message_validation" time="0.173" /><testcase classname="backend.tests.test_iteration89_support_privacy.TestSupportEndpoint" name="test_support_invalid_email_validation" time="0.145" /><testcase classname="backend.tests.test_iteration89_support_privacy.TestSupportEndpoint" name="test_support_missing_email_validation" time="0.112" /><testcase classname="backend.tests.test_iteration89_support_privacy.TestSupportEndpoint" name="test_support_optional_subject" time="0.328" /><testcase classname="backend.tests.test_iteration89_support_privacy.TestSupportEndpoint" name="test_support_response_structure" time="0.292" /><testcase classname="backend.tests.test_iteration89_support_privacy.TestHealthEndpoint" name="test_health_check" time="0.122" /><testcase classname="backend.tests.test_iteration89_support_privacy.TestFrontendRoutes" name="test_privacy_page_accessible" time="0.128" /><testcase classname="backend.tests.test_iteration89_support_privacy.TestFrontendRoutes" name="test_support_page_accessible" time="0.110" /><testcase classname="backend.tests.test_iteration89_support_privacy.TestFrontendRoutes" name="test_landing_page_accessible" time="0.114" /></testsuite></testsuites>