<?xml version="1.0" encoding="utf-8"?><testsuites name="pytest tests"><testsuite name="pytest" errors="0" failures="2" skipped="0" tests="13" time="1.206" timestamp="2026-02-27T07:54:58.110757+00:00" hostname="agent-env-4abca7f9-3360-4017-bd67-089263e3ff0e"><testcase classname="backend.tests.test_iteration11_features.TestTAPSessions" name="test_get_sessions_returns_tab_numbers" time="0.495" /><testcase classname="backend.tests.test_iteration11_features.TestTAPSessions" name="test_open_tab_generates_tab_number" time="0.043"><failure message="assert 422 == 200&#10; +  where 422 = &lt;Response [422]&gt;.status_code">backend/tests/test_iteration11_features.py:72: in test_open_tab_generates_tab_number
    assert response.status_code == 200
E   assert 422 == 200
E    +  where 422 = &lt;Response [422]&gt;.status_code</failure></testcase><testcase classname="backend.tests.test_iteration11_features.TestTAPSessions" name="test_get_session_detail_has_tab_number" time="0.095" /><testcase classname="backend.tests.test_iteration11_features.TestTAPCatalog" name="test_catalog_has_expected_categories" time="0.048" /><testcase classname="backend.tests.test_iteration11_features.TestTAPCatalog" name="test_add_custom_catalog_item" time="0.048"><failure message="assert 422 == 200&#10; +  where 422 = &lt;Response [422]&gt;.status_code">backend/tests/test_iteration11_features.py:133: in test_add_custom_catalog_item
    assert response.status_code == 200
E   assert 422 == 200
E    +  where 422 = &lt;Response [422]&gt;.status_code</failure></testcase><testcase classname="backend.tests.test_iteration11_features.TestTAPStats" name="test_stats_endpoint" time="0.047" /><testcase classname="backend.tests.test_iteration11_features.TestStaffBarmen" name="test_get_barmen" time="0.045" /><testcase classname="backend.tests.test_iteration11_features.TestKDSKanban" name="test_kds_tickets_kitchen" time="0.053" /><testcase classname="backend.tests.test_iteration11_features.TestKDSKanban" name="test_kds_tickets_bar" time="0.047" /><testcase classname="backend.tests.test_iteration11_features.TestTableModule" name="test_get_tables" time="0.050" /><testcase classname="backend.tests.test_iteration11_features.TestVenueHome" name="test_venue_home_returns_modules" time="0.049" /><testcase classname="backend.tests.test_iteration11_features.TestVenueHome" name="test_modules_include_manager_owner" time="0.049" /><testcase classname="backend.tests.test_iteration11_features.TestTAPConfig" name="test_tap_config_currency" time="0.047" /></testsuite></testsuites>