<?xml version="1.0" encoding="utf-8"?><testsuites name="pytest tests"><testsuite name="pytest" errors="0" failures="0" skipped="0" tests="27" time="11.184" timestamp="2026-03-24T09:17:28.469924+00:00" hostname="agent-env-7240413f-af42-4c4e-a481-38d135190bd5"><testcase classname="backend.tests.test_iteration88_nfc_endpoints.TestAuth" name="test_login_returns_token" time="0.533" /><testcase classname="backend.tests.test_iteration88_nfc_endpoints.TestNfcRegister" name="test_register_new_tag_success" time="0.946" /><testcase classname="backend.tests.test_iteration88_nfc_endpoints.TestNfcRegister" name="test_register_duplicate_tag_different_guest_returns_409" time="0.521" /><testcase classname="backend.tests.test_iteration88_nfc_endpoints.TestNfcRegister" name="test_register_idempotent_same_tag_same_guest" time="0.310" /><testcase classname="backend.tests.test_iteration88_nfc_endpoints.TestNfcRegister" name="test_register_validates_guest_exists" time="0.095" /><testcase classname="backend.tests.test_iteration88_nfc_endpoints.TestNfcRegister" name="test_register_deactivates_previous_tag_for_guest" time="0.505" /><testcase classname="backend.tests.test_iteration88_nfc_endpoints.TestNfcRegister" name="test_register_reactivates_unlinked_tag" time="0.561" /><testcase classname="backend.tests.test_iteration88_nfc_endpoints.TestNfcScan" name="test_scan_returns_guest_profile" time="0.970" /><testcase classname="backend.tests.test_iteration88_nfc_endpoints.TestNfcScan" name="test_scan_unknown_tag_returns_404" time="0.145" /><testcase classname="backend.tests.test_iteration88_nfc_endpoints.TestNfcScan" name="test_scan_unlinked_tag_returns_404" time="0.643" /><testcase classname="backend.tests.test_iteration88_nfc_endpoints.TestNfcScan" name="test_scan_updates_last_scanned_timestamp" time="1.388" /><testcase classname="backend.tests.test_iteration88_nfc_endpoints.TestNfcScan" name="test_scan_includes_risk_and_value_chips" time="0.206" /><testcase classname="backend.tests.test_iteration88_nfc_endpoints.TestNfcUnlink" name="test_unlink_active_tag" time="0.869" /><testcase classname="backend.tests.test_iteration88_nfc_endpoints.TestNfcUnlink" name="test_unlink_nonexistent_tag_returns_404" time="0.142" /><testcase classname="backend.tests.test_iteration88_nfc_endpoints.TestNfcTagsList" name="test_list_active_tags" time="0.621" /><testcase classname="backend.tests.test_iteration88_nfc_endpoints.TestNfcTagsList" name="test_list_all_tags" time="0.141" /><testcase classname="backend.tests.test_iteration88_nfc_endpoints.TestRegressionEndpoints" name="test_crm_deals_returns_10_deals" time="0.572" /><testcase classname="backend.tests.test_iteration88_nfc_endpoints.TestRegressionEndpoints" name="test_crm_customers_returns_11_customers" time="0.148" /><testcase classname="backend.tests.test_iteration88_nfc_endpoints.TestRegressionEndpoints" name="test_venue_home_returns_venues_and_modules" time="0.143" /><testcase classname="backend.tests.test_iteration88_nfc_endpoints.TestRegressionEndpoints" name="test_pulse_guest_intake_creates_guest" time="0.159" /><testcase classname="backend.tests.test_iteration88_nfc_endpoints.TestRegressionEndpoints" name="test_pulse_entry_decision_works" time="0.461" /><testcase classname="backend.tests.test_iteration88_nfc_endpoints.TestCorsConfiguration" name="test_cors_allows_mobile_origins" time="0.085" /><testcase classname="backend.tests.test_iteration88_nfc_endpoints.TestJwtAuthForNfcEndpoints" name="test_nfc_register_requires_auth" time="0.105" /><testcase classname="backend.tests.test_iteration88_nfc_endpoints.TestJwtAuthForNfcEndpoints" name="test_nfc_scan_requires_auth" time="0.091" /><testcase classname="backend.tests.test_iteration88_nfc_endpoints.TestJwtAuthForNfcEndpoints" name="test_nfc_unlink_requires_auth" time="0.097" /><testcase classname="backend.tests.test_iteration88_nfc_endpoints.TestJwtAuthForNfcEndpoints" name="test_nfc_tags_requires_auth" time="0.099" /><testcase classname="backend.tests.test_iteration88_nfc_endpoints.TestJwtAuthForNfcEndpoints" name="test_nfc_endpoints_work_with_valid_token" time="0.523" /></testsuite></testsuites>