<?xml version="1.0" encoding="utf-8"?><testsuites name="pytest tests"><testsuite name="pytest" errors="0" failures="0" skipped="0" tests="14" time="8.984" timestamp="2026-03-12T18:08:47.770344+00:00" hostname="agent-env-2756ac4a-6834-4fe4-a109-198e392fdc0e"><testcase classname="tests.test_iteration40_regression_fixes.TestRegressionProtectedAccounts" name="test_01_protected_account_teste_login" time="0.463" /><testcase classname="tests.test_iteration40_regression_fixes.TestRegressionProtectedAccounts" name="test_02_protected_account_ceo_login" time="0.358" /><testcase classname="tests.test_iteration40_regression_fixes.TestFix1StaffEarningsTipAttribution" name="test_03_shift_overview_shows_tips" time="0.519" /><testcase classname="tests.test_iteration40_regression_fixes.TestFix1StaffEarningsTipAttribution" name="test_04_staff_costs_shows_carlos_silva_tips" time="0.488" /><testcase classname="tests.test_iteration40_regression_fixes.TestFix1StaffEarningsTipAttribution" name="test_05_shift_overview_tips_matches_staff_costs_attributed_tips" time="1.429" /><testcase classname="tests.test_iteration40_regression_fixes.TestFix2BarInsideAllGuests" name="test_06_pulse_inside_returns_7_guests" time="0.457" /><testcase classname="tests.test_iteration40_regression_fixes.TestFix2BarInsideAllGuests" name="test_07_pulse_inside_all_guests_have_tab_number_and_total" time="0.488" /><testcase classname="tests.test_iteration40_regression_fixes.TestFix2BarInsideAllGuests" name="test_08_alex_turner_shows_with_closed_tab" time="1.525" /><testcase classname="tests.test_iteration40_regression_fixes.TestFix1E2ETipFlow" name="test_09_e2e_open_session_with_bartender" time="0.513" /><testcase classname="tests.test_iteration40_regression_fixes.TestFix1E2ETipFlow" name="test_10_e2e_add_item_to_session" time="0.613" /><testcase classname="tests.test_iteration40_regression_fixes.TestFix1E2ETipFlow" name="test_11_e2e_close_session_pay_here" time="0.589" /><testcase classname="tests.test_iteration40_regression_fixes.TestFix1E2ETipFlow" name="test_12_e2e_record_tip" time="0.472" /><testcase classname="tests.test_iteration40_regression_fixes.TestFix1E2ETipFlow" name="test_13_e2e_verify_tip_in_shift_overview" time="0.507" /><testcase classname="tests.test_iteration40_regression_fixes.TestFix1E2ETipFlow" name="test_14_e2e_verify_carlos_has_tips" time="0.477" /></testsuite></testsuites>