<?xml version="1.0" encoding="utf-8"?><testsuites name="pytest tests"><testsuite name="pytest" errors="0" failures="1" skipped="0" tests="14" time="2.649" timestamp="2026-02-28T00:08:58.136335+00:00" hostname="agent-env-77a8ecee-73e7-4f17-998b-82b7c3cec76a"><testcase classname="backend.tests.test_iteration25_demo_tables.TestLogin" name="test_login_success" time="0.440" /><testcase classname="backend.tests.test_iteration25_demo_tables.TestDemoTables" name="test_get_tables_returns_8_tables" time="0.533" /><testcase classname="backend.tests.test_iteration25_demo_tables.TestDemoTables" name="test_occupied_tables_have_correct_data" time="0.156" /><testcase classname="backend.tests.test_iteration25_demo_tables.TestDemoTables" name="test_available_tables" time="0.110" /><testcase classname="backend.tests.test_iteration25_demo_tables.TestDemoTables" name="test_get_table_detail_occupied" time="0.221" /><testcase classname="backend.tests.test_iteration25_demo_tables.TestOwnerDashboard" name="test_owner_dashboard_business_view" time="0.126" /><testcase classname="backend.tests.test_iteration25_demo_tables.TestOwnerDashboard" name="test_owner_dashboard_venue_view" time="0.154" /><testcase classname="backend.tests.test_iteration25_demo_tables.TestOwnerDashboard" name="test_owner_dashboard_events_view" time="0.129" /><testcase classname="backend.tests.test_iteration25_demo_tables.TestOwnerPeopleOps" name="test_owner_people_returns_venues" time="0.120" /><testcase classname="backend.tests.test_iteration25_demo_tables.TestOwnerPeopleOps" name="test_owner_venue_staff_drilldown" time="0.105" /><testcase classname="backend.tests.test_iteration25_demo_tables.TestManagerGuests" name="test_manager_guests_sorted_by_spend" time="0.114" /><testcase classname="backend.tests.test_iteration25_demo_tables.TestCatalogItems" name="test_get_catalog_returns_items" time="0.115" /><testcase classname="backend.tests.test_iteration25_demo_tables.TestHomePageEvents" name="test_venue_events_list" time="0.119"><failure message="assert 404 == 200&#10; +  where 404 = &lt;Response [404]&gt;.status_code">backend/tests/test_iteration25_demo_tables.py:262: in test_venue_events_list
    assert response.status_code == 200
E   assert 404 == 200
E    +  where 404 = &lt;Response [404]&gt;.status_code</failure></testcase><testcase classname="backend.tests.test_iteration25_demo_tables.TestHealthCheck" name="test_health_endpoint" time="0.115" /></testsuite></testsuites>