<?xml version="1.0" encoding="utf-8"?><testsuites name="pytest tests"><testsuite name="pytest" errors="0" failures="0" skipped="0" tests="32" time="7.785" timestamp="2026-03-20T00:08:31.298615+00:00" hostname="agent-env-61eae71e-f9c3-40ae-a527-e1de12510891"><testcase classname="backend.tests.test_iteration65_auth_me_mock_users.TestHealthCheck" name="test_health_returns_healthy" time="0.160" /><testcase classname="backend.tests.test_iteration65_auth_me_mock_users.TestLoginMockUsers" name="test_login_trial_user" time="0.444" /><testcase classname="backend.tests.test_iteration65_auth_me_mock_users.TestLoginMockUsers" name="test_login_cancelled_user" time="0.355" /><testcase classname="backend.tests.test_iteration65_auth_me_mock_users.TestLoginMockUsers" name="test_all_mock_users_return_tokens" time="2.114" /><testcase classname="backend.tests.test_iteration65_auth_me_mock_users.TestMockOwnerActive" name="test_status_is_active" time="0.621" /><testcase classname="backend.tests.test_iteration65_auth_me_mock_users.TestMockOwnerActive" name="test_plan_id_is_sync" time="0.000" /><testcase classname="backend.tests.test_iteration65_auth_me_mock_users.TestMockOwnerActive" name="test_plan_name_is_spet_sync" time="0.000" /><testcase classname="backend.tests.test_iteration65_auth_me_mock_users.TestMockOwnerActive" name="test_modules_enabled_includes_all" time="0.000" /><testcase classname="backend.tests.test_iteration65_auth_me_mock_users.TestMockOwnerActive" name="test_company_name_exists" time="0.000" /><testcase classname="backend.tests.test_iteration65_auth_me_mock_users.TestMockOwnerActive" name="test_role_is_owner" time="0.000" /><testcase classname="backend.tests.test_iteration65_auth_me_mock_users.TestMockTrial" name="test_status_is_trial" time="0.480" /><testcase classname="backend.tests.test_iteration65_auth_me_mock_users.TestMockTrial" name="test_plan_id_is_core" time="0.000" /><testcase classname="backend.tests.test_iteration65_auth_me_mock_users.TestMockTrial" name="test_plan_status_is_trial" time="0.000" /><testcase classname="backend.tests.test_iteration65_auth_me_mock_users.TestMockTrial" name="test_onboarding_completed_true" time="0.000" /><testcase classname="backend.tests.test_iteration65_auth_me_mock_users.TestMockPending" name="test_status_is_pending_payment" time="0.493" /><testcase classname="backend.tests.test_iteration65_auth_me_mock_users.TestMockPending" name="test_onboarding_completed_false" time="0.000" /><testcase classname="backend.tests.test_iteration65_auth_me_mock_users.TestMockPending" name="test_plan_id_is_flow" time="0.000" /><testcase classname="backend.tests.test_iteration65_auth_me_mock_users.TestMockCancelled" name="test_status_is_cancelled" time="0.482" /><testcase classname="backend.tests.test_iteration65_auth_me_mock_users.TestMockCancelled" name="test_plan_id_is_flow" time="0.000" /><testcase classname="backend.tests.test_iteration65_auth_me_mock_users.TestMockCancelled" name="test_onboarding_completed_true" time="0.000" /><testcase classname="backend.tests.test_iteration65_auth_me_mock_users.TestMockNoOnboarding" name="test_status_is_active" time="0.491" /><testcase classname="backend.tests.test_iteration65_auth_me_mock_users.TestMockNoOnboarding" name="test_onboarding_completed_false" time="0.000" /><testcase classname="backend.tests.test_iteration65_auth_me_mock_users.TestMockNoOnboarding" name="test_plan_id_is_sync" time="0.000" /><testcase classname="backend.tests.test_iteration65_auth_me_mock_users.TestMockLimited" name="test_status_is_active" time="0.489" /><testcase classname="backend.tests.test_iteration65_auth_me_mock_users.TestMockLimited" name="test_role_is_bartender" time="0.000" /><testcase classname="backend.tests.test_iteration65_auth_me_mock_users.TestMockLimited" name="test_plan_id_is_core" time="0.000" /><testcase classname="backend.tests.test_iteration65_auth_me_mock_users.TestMockLimited" name="test_permissions_pulse_true" time="0.000" /><testcase classname="backend.tests.test_iteration65_auth_me_mock_users.TestPermissionsEndpoint" name="test_permissions_returns_data" time="0.480" /><testcase classname="backend.tests.test_iteration65_auth_me_mock_users.TestRefreshToken" name="test_refresh_token_works" time="0.481" /><testcase classname="backend.tests.test_iteration65_auth_me_mock_users.TestOnboardingPlans" name="test_plans_returns_4_plans" time="0.045" /><testcase classname="backend.tests.test_iteration65_auth_me_mock_users.TestOnboardingPlans" name="test_plans_have_correct_pricing" time="0.062" /><testcase classname="backend.tests.test_iteration65_auth_me_mock_users.TestMeResponseStructure" name="test_me_has_required_fields" time="0.480" /></testsuite></testsuites>