<?xml version="1.0" encoding="utf-8"?><testsuites name="pytest tests"><testsuite name="pytest" errors="0" failures="0" skipped="0" tests="15" time="12.157" timestamp="2026-03-25T21:51:10.857988+00:00" hostname="agent-env-b000ea2f-bbcd-409d-be0a-2638865fb407"><testcase classname="tests.test_iteration94_e2e_pos_flow.TestAuthEndpoints" name="test_login_returns_tokens_and_user" time="0.524" /><testcase classname="tests.test_iteration94_e2e_pos_flow.TestAuthEndpoints" name="test_login_invalid_credentials" time="0.202" /><testcase classname="tests.test_iteration94_e2e_pos_flow.TestVenueEndpoints" name="test_venue_home" time="0.532" /><testcase classname="tests.test_iteration94_e2e_pos_flow.TestTapSessionsEndpoints" name="test_get_open_sessions" time="0.626" /><testcase classname="tests.test_iteration94_e2e_pos_flow.TestTapSessionsEndpoints" name="test_get_catalog" time="0.531" /><testcase classname="tests.test_iteration94_e2e_pos_flow.TestPulseEndpoints" name="test_get_inside_guests" time="0.632" /><testcase classname="tests.test_iteration94_e2e_pos_flow.TestPulseEndpoints" name="test_get_today_entries" time="0.592" /><testcase classname="tests.test_iteration94_e2e_pos_flow.TestPulseEndpoints" name="test_guest_intake_with_photo" time="0.586" /><testcase classname="tests.test_iteration94_e2e_pos_flow.TestTableEndpoints" name="test_get_tables" time="0.586" /><testcase classname="tests.test_iteration94_e2e_pos_flow.TestSessionOpenEndpoint" name="test_open_session_formdata" time="0.645" /><testcase classname="tests.test_iteration94_e2e_pos_flow.TestAddItemEndpoint" name="test_add_item_with_modifiers" time="1.143" /><testcase classname="tests.test_iteration94_e2e_pos_flow.TestSessionDetailEndpoint" name="test_get_session_detail" time="0.758" /><testcase classname="tests.test_iteration94_e2e_pos_flow.TestCloseSessionEndpoint" name="test_close_session" time="1.254" /><testcase classname="tests.test_iteration94_e2e_pos_flow.TestRecordTipEndpoint" name="test_record_tip_percent" time="1.679" /><testcase classname="tests.test_iteration94_e2e_pos_flow.TestFullE2EFlow" name="test_full_e2e_tab_flow" time="1.770" /></testsuite></testsuites>