<?xml version="1.0" encoding="utf-8"?><testsuites name="pytest tests"><testsuite name="pytest" errors="0" failures="0" skipped="0" tests="16" time="6.699" timestamp="2026-02-27T22:24:18.928992+00:00" hostname="agent-env-2725b993-f02a-4d00-b281-278064e99c25"><testcase classname="backend.tests.test_iteration20_p0_rules.TestTapSessionWithGuestInfo" name="test_get_sessions_list" time="0.513" /><testcase classname="backend.tests.test_iteration20_p0_rules.TestTapSessionWithGuestInfo" name="test_get_session_detail_has_guest_photo_and_id_verified" time="0.266" /><testcase classname="backend.tests.test_iteration20_p0_rules.TestTapIdVerification" name="test_verify_id_endpoint_exists" time="0.626" /><testcase classname="backend.tests.test_iteration20_p0_rules.TestTapIdVerification" name="test_verify_id_persists_in_session" time="0.394" /><testcase classname="backend.tests.test_iteration20_p0_rules.TestTableIdVerified" name="test_get_tables_list" time="0.440" /><testcase classname="backend.tests.test_iteration20_p0_rules.TestTableIdVerified" name="test_table_detail_has_id_verified_in_session" time="0.222" /><testcase classname="backend.tests.test_iteration20_p0_rules.TestEventGuestsCRUD" name="test_list_event_guests" time="0.584" /><testcase classname="backend.tests.test_iteration20_p0_rules.TestEventGuestsCRUD" name="test_add_guest_to_event" time="0.410" /><testcase classname="backend.tests.test_iteration20_p0_rules.TestEventGuestsCRUD" name="test_event_guests_enriched_with_pulse_data" time="0.113" /><testcase classname="backend.tests.test_iteration20_p0_rules.TestEventGuestsCRUD" name="test_remove_guest_from_event_without_deleting_from_pulse" time="0.374" /><testcase classname="backend.tests.test_iteration20_p0_rules.TestEventEndClearsGuests" name="test_end_event_clears_temporal_guests" time="0.784" /><testcase classname="backend.tests.test_iteration20_p0_rules.TestEventStaffCRUD" name="test_list_event_staff" time="0.634" /><testcase classname="backend.tests.test_iteration20_p0_rules.TestEventStaffCRUD" name="test_assign_staff_to_event_with_role_and_rate" time="0.386" /><testcase classname="backend.tests.test_iteration20_p0_rules.TestEventStaffCRUD" name="test_event_staff_enriched_with_names" time="0.120" /><testcase classname="backend.tests.test_iteration20_p0_rules.TestEventStaffCRUD" name="test_remove_staff_from_event" time="0.261" /><testcase classname="backend.tests.test_iteration20_p0_rules.TestCatalogItemAlcoholField" name="test_catalog_has_is_alcohol_field" time="0.484" /></testsuite></testsuites>