<?xml version="1.0" encoding="utf-8"?><testsuites name="pytest tests"><testsuite name="pytest" errors="0" failures="10" skipped="0" tests="12" time="2.096" timestamp="2026-02-27T04:19:39.631706+00:00" hostname="agent-env-a1267d26-a1f3-4253-bfbe-f801b0c523ed"><testcase classname="tests.test_pulse_new_features.TestGuestHistory" name="test_get_guest_history_returns_history_array" time="0.604"><failure message="assert 401 == 200&#10; +  where 401 = &lt;Response [401]&gt;.status_code">tests/test_pulse_new_features.py:46: in test_get_guest_history_returns_history_array
    assert entries_res.status_code == 200
E   assert 401 == 200
E    +  where 401 = &lt;Response [401]&gt;.status_code</failure></testcase><testcase classname="tests.test_pulse_new_features.TestGuestHistory" name="test_history_includes_entry_events" time="0.124"><failure message="assert 401 == 200&#10; +  where 401 = &lt;Response [401]&gt;.status_code">tests/test_pulse_new_features.py:102: in test_history_includes_entry_events
    assert entries_res.status_code == 200
E   assert 401 == 200
E    +  where 401 = &lt;Response [401]&gt;.status_code</failure></testcase><testcase classname="tests.test_pulse_new_features.TestGuestHistory" name="test_history_returns_404_for_nonexistent_guest" time="0.114"><failure message="assert 401 in [200, 404]&#10; +  where 401 = &lt;Response [401]&gt;.status_code">tests/test_pulse_new_features.py:133: in test_history_returns_404_for_nonexistent_guest
    assert res.status_code in [200, 404]
E   assert 401 in [200, 404]
E    +  where 401 = &lt;Response [401]&gt;.status_code</failure></testcase><testcase classname="tests.test_pulse_new_features.TestInsideGuests" name="test_inside_endpoint_returns_guests_array" time="0.109"><failure message="assert 401 == 200&#10; +  where 401 = &lt;Response [401]&gt;.status_code">tests/test_pulse_new_features.py:144: in test_inside_endpoint_returns_guests_array
    assert res.status_code == 200
E   assert 401 == 200
E    +  where 401 = &lt;Response [401]&gt;.status_code</failure></testcase><testcase classname="tests.test_pulse_new_features.TestInsideGuests" name="test_inside_guest_structure" time="0.148"><failure message="assert 401 == 200&#10; +  where 401 = &lt;Response [401]&gt;.status_code">tests/test_pulse_new_features.py:156: in test_inside_guest_structure
    assert res.status_code == 200
E   assert 401 == 200
E    +  where 401 = &lt;Response [401]&gt;.status_code</failure></testcase><testcase classname="tests.test_pulse_new_features.TestInsideGuests" name="test_inside_requires_auth" time="0.094" /><testcase classname="tests.test_pulse_new_features.TestExitRegistration" name="test_exit_endpoint_registers_exit" time="0.139"><failure message="assert 401 == 200&#10; +  where 401 = &lt;Response [401]&gt;.status_code">tests/test_pulse_new_features.py:192: in test_exit_endpoint_registers_exit
    assert intake_res.status_code == 200
E   assert 401 == 200
E    +  where 401 = &lt;Response [401]&gt;.status_code</failure></testcase><testcase classname="tests.test_pulse_new_features.TestExitRegistration" name="test_exit_appears_in_history" time="0.102"><failure message="assert 401 == 200&#10; +  where 401 = &lt;Response [401]&gt;.status_code">tests/test_pulse_new_features.py:242: in test_exit_appears_in_history
    assert intake_res.status_code == 200
E   assert 401 == 200
E    +  where 401 = &lt;Response [401]&gt;.status_code</failure></testcase><testcase classname="tests.test_pulse_new_features.TestExitRegistration" name="test_exited_guest_not_in_inside_list" time="0.121"><failure message="assert 401 == 200&#10; +  where 401 = &lt;Response [401]&gt;.status_code">tests/test_pulse_new_features.py:297: in test_exited_guest_not_in_inside_list
    assert intake_res.status_code == 200
E   assert 401 == 200
E    +  where 401 = &lt;Response [401]&gt;.status_code</failure></testcase><testcase classname="tests.test_pulse_new_features.TestExitRegistration" name="test_exit_requires_auth" time="0.213" /><testcase classname="tests.test_pulse_new_features.TestExitRegistration" name="test_exit_returns_404_for_nonexistent_guest" time="0.093"><failure message="assert 401 == 404&#10; +  where 401 = &lt;Response [401]&gt;.status_code">tests/test_pulse_new_features.py:352: in test_exit_returns_404_for_nonexistent_guest
    assert res.status_code == 404
E   assert 401 == 404
E    +  where 401 = &lt;Response [401]&gt;.status_code</failure></testcase><testcase classname="tests.test_pulse_new_features.TestEntryExitFlow" name="test_full_entry_exit_lifecycle" time="0.107"><failure message="assert 401 == 200&#10; +  where 401 = &lt;Response [401]&gt;.status_code">tests/test_pulse_new_features.py:369: in test_full_entry_exit_lifecycle
    assert intake_res.status_code == 200
E   assert 401 == 200
E    +  where 401 = &lt;Response [401]&gt;.status_code</failure></testcase></testsuite></testsuites>