<?xml version="1.0" encoding="utf-8"?><testsuites name="pytest tests"><testsuite name="pytest" errors="0" failures="0" skipped="0" tests="12" time="2.924" timestamp="2026-02-27T04:20:02.498776+00:00" hostname="agent-env-a1267d26-a1f3-4253-bfbe-f801b0c523ed"><testcase classname="tests.test_pulse_new_features.TestGuestHistory" name="test_get_guest_history_returns_history_array" time="0.573" /><testcase classname="tests.test_pulse_new_features.TestGuestHistory" name="test_history_includes_entry_events" time="0.188" /><testcase classname="tests.test_pulse_new_features.TestGuestHistory" name="test_history_returns_404_for_nonexistent_guest" time="0.119" /><testcase classname="tests.test_pulse_new_features.TestInsideGuests" name="test_inside_endpoint_returns_guests_array" time="0.126" /><testcase classname="tests.test_pulse_new_features.TestInsideGuests" name="test_inside_guest_structure" time="0.119" /><testcase classname="tests.test_pulse_new_features.TestInsideGuests" name="test_inside_requires_auth" time="0.109" /><testcase classname="tests.test_pulse_new_features.TestExitRegistration" name="test_exit_endpoint_registers_exit" time="0.225" /><testcase classname="tests.test_pulse_new_features.TestExitRegistration" name="test_exit_appears_in_history" time="0.296" /><testcase classname="tests.test_pulse_new_features.TestExitRegistration" name="test_exited_guest_not_in_inside_list" time="0.383" /><testcase classname="tests.test_pulse_new_features.TestExitRegistration" name="test_exit_requires_auth" time="0.113" /><testcase classname="tests.test_pulse_new_features.TestExitRegistration" name="test_exit_returns_404_for_nonexistent_guest" time="0.128" /><testcase classname="tests.test_pulse_new_features.TestEntryExitFlow" name="test_full_entry_exit_lifecycle" time="0.472" /></testsuite></testsuites>