<?xml version="1.0" encoding="utf-8"?><testsuites name="pytest tests"><testsuite name="pytest" errors="0" failures="0" skipped="0" tests="20" time="3.547" timestamp="2026-02-27T03:47:08.287415+00:00" hostname="agent-env-a1267d26-a1f3-4253-bfbe-f801b0c523ed"><testcase classname="backend.tests.test_pulse_module.TestVenueConfig" name="test_get_venue_config_returns_200" time="0.598" /><testcase classname="backend.tests.test_pulse_module.TestVenueConfig" name="test_venue_config_has_host_collect_dob_field" time="0.111" /><testcase classname="backend.tests.test_pulse_module.TestGuestIntake" name="test_guest_intake_creates_guest" time="0.118" /><testcase classname="backend.tests.test_pulse_module.TestGuestIntake" name="test_guest_intake_requires_name" time="0.150" /><testcase classname="backend.tests.test_pulse_module.TestGuestIntake" name="test_guest_intake_with_empty_name_fails" time="0.144" /><testcase classname="backend.tests.test_pulse_module.TestDedupeSearch" name="test_dedupe_finds_existing_email" time="0.117" /><testcase classname="backend.tests.test_pulse_module.TestDedupeSearch" name="test_dedupe_returns_masked_data" time="0.116" /><testcase classname="backend.tests.test_pulse_module.TestDedupeSearch" name="test_dedupe_no_match_returns_empty" time="0.109" /><testcase classname="backend.tests.test_pulse_module.TestDecisionCard" name="test_get_guest_returns_profile" time="0.140" /><testcase classname="backend.tests.test_pulse_module.TestDecisionCard" name="test_get_guest_has_risk_chips_array" time="0.144" /><testcase classname="backend.tests.test_pulse_module.TestDecisionCard" name="test_get_guest_has_value_chips_array" time="0.241" /><testcase classname="backend.tests.test_pulse_module.TestDecisionCard" name="test_get_nonexistent_guest_returns_404" time="0.120" /><testcase classname="backend.tests.test_pulse_module.TestEntryDecision" name="test_record_allowed_decision" time="0.107" /><testcase classname="backend.tests.test_pulse_module.TestEntryDecision" name="test_record_denied_decision" time="0.108" /><testcase classname="backend.tests.test_pulse_module.TestEntryDecision" name="test_invalid_decision_fails" time="0.103" /><testcase classname="backend.tests.test_pulse_module.TestTodayEntries" name="test_get_today_entries" time="0.118" /><testcase classname="backend.tests.test_pulse_module.TestTodayEntries" name="test_today_entries_have_guest_names" time="0.105" /><testcase classname="backend.tests.test_pulse_module.TestTodayEntries" name="test_today_entries_stats_correct" time="0.114" /><testcase classname="backend.tests.test_pulse_module.TestE2EFlow" name="test_full_flow_new_guest" time="0.465" /><testcase classname="backend.tests.test_pulse_module.TestE2EFlow" name="test_dedupe_flow_existing_guest" time="0.232" /></testsuite></testsuites>