<?xml version="1.0" encoding="utf-8"?><testsuites name="pytest tests"><testsuite name="pytest" errors="0" failures="0" skipped="0" tests="10" time="3.299" timestamp="2026-02-27T03:29:47.483376+00:00" hostname="agent-env-a1267d26-a1f3-4253-bfbe-f801b0c523ed"><testcase classname="tests.test_spetap_api.TestHealthCheck" name="test_health_endpoint_returns_200" time="0.158" /><testcase classname="tests.test_spetap_api.TestAuthentication" name="test_login_with_valid_credentials" time="0.370" /><testcase classname="tests.test_spetap_api.TestAuthentication" name="test_login_with_invalid_credentials" time="0.338" /><testcase classname="tests.test_spetap_api.TestAuthentication" name="test_login_with_nonexistent_user" time="0.110" /><testcase classname="tests.test_spetap_api.TestAuthentication" name="test_get_me_without_token" time="0.147" /><testcase classname="tests.test_spetap_api.TestAuthentication" name="test_get_me_with_valid_token" time="0.535" /><testcase classname="tests.test_spetap_api.TestSignup" name="test_signup_with_existing_email" time="0.140" /><testcase classname="tests.test_spetap_api.TestSignup" name="test_signup_new_user" time="0.674" /><testcase classname="tests.test_spetap_api.TestPulseEndpoints" name="test_pulse_endpoints_exist" time="0.645" /><testcase classname="tests.test_spetap_api.TestCORSHeaders" name="test_cors_headers_present" time="0.075" /></testsuite></testsuites>