<?xml version="1.0" encoding="utf-8"?><testsuites name="pytest tests"><testsuite name="pytest" errors="0" failures="0" skipped="0" tests="23" time="7.453" timestamp="2026-02-27T04:57:21.708575+00:00" hostname="agent-env-baab7602-1c73-42fb-a30a-98865143ba36"><testcase classname="tests.test_table_tap_kds_modules.TestAuth" name="test_login_success" time="0.344" /><testcase classname="tests.test_table_tap_kds_modules.TestAuth" name="test_login_invalid_credentials" time="0.362" /><testcase classname="tests.test_table_tap_kds_modules.TestTableModule" name="test_list_tables" time="0.471" /><testcase classname="tests.test_table_tap_kds_modules.TestTableModule" name="test_list_tables_requires_auth" time="0.105" /><testcase classname="tests.test_table_tap_kds_modules.TestTableModule" name="test_open_close_table_flow" time="0.604" /><testcase classname="tests.test_table_tap_kds_modules.TestTableModule" name="test_open_already_occupied_table_fails" time="0.468" /><testcase classname="tests.test_table_tap_kds_modules.TestTableModule" name="test_get_nonexistent_table" time="0.102" /><testcase classname="tests.test_table_tap_kds_modules.TestTapModule" name="test_get_catalog" time="0.125" /><testcase classname="tests.test_table_tap_kds_modules.TestTapModule" name="test_get_stats" time="0.137" /><testcase classname="tests.test_table_tap_kds_modules.TestTapModule" name="test_get_config" time="0.117" /><testcase classname="tests.test_table_tap_kds_modules.TestTapModule" name="test_full_tap_session_flow" time="0.699" /><testcase classname="tests.test_table_tap_kds_modules.TestTapModule" name="test_list_sessions" time="0.122" /><testcase classname="tests.test_table_tap_kds_modules.TestTapModule" name="test_add_to_closed_session_fails" time="0.425" /><testcase classname="tests.test_table_tap_kds_modules.TestKdsModule" name="test_list_kitchen_tickets" time="0.096" /><testcase classname="tests.test_table_tap_kds_modules.TestKdsModule" name="test_list_bar_tickets" time="0.129" /><testcase classname="tests.test_table_tap_kds_modules.TestKdsModule" name="test_kds_requires_auth" time="0.146" /><testcase classname="tests.test_table_tap_kds_modules.TestKdsModule" name="test_full_kds_flow" time="1.354" /><testcase classname="tests.test_table_tap_kds_modules.TestKdsModule" name="test_kds_entitlement_check" time="0.099" /><testcase classname="tests.test_table_tap_kds_modules.TestKdsModule" name="test_send_empty_items_fails" time="0.333" /><testcase classname="tests.test_table_tap_kds_modules.TestKdsModule" name="test_update_invalid_status_fails" time="0.782" /><testcase classname="tests.test_table_tap_kds_modules.TestPulseRegression" name="test_pulse_entry_today" time="0.118" /><testcase classname="tests.test_table_tap_kds_modules.TestPulseRegression" name="test_pulse_inside" time="0.109" /><testcase classname="tests.test_table_tap_kds_modules.TestPulseRegression" name="test_pulse_venue_config" time="0.101" /></testsuite></testsuites>