<?xml version="1.0" encoding="utf-8"?><testsuites name="pytest tests"><testsuite name="pytest" errors="0" failures="1" skipped="0" tests="23" time="7.481" timestamp="2026-02-27T04:54:40.508218+00:00" hostname="agent-env-baab7602-1c73-42fb-a30a-98865143ba36"><testcase classname="tests.test_table_tap_kds_modules.TestAuth" name="test_login_success" time="0.475" /><testcase classname="tests.test_table_tap_kds_modules.TestAuth" name="test_login_invalid_credentials" time="0.320" /><testcase classname="tests.test_table_tap_kds_modules.TestTableModule" name="test_list_tables" time="0.497" /><testcase classname="tests.test_table_tap_kds_modules.TestTableModule" name="test_list_tables_requires_auth" time="0.104" /><testcase classname="tests.test_table_tap_kds_modules.TestTableModule" name="test_open_close_table_flow" time="0.549" /><testcase classname="tests.test_table_tap_kds_modules.TestTableModule" name="test_open_already_occupied_table_fails" time="0.450" /><testcase classname="tests.test_table_tap_kds_modules.TestTableModule" name="test_get_nonexistent_table" time="0.109" /><testcase classname="tests.test_table_tap_kds_modules.TestTapModule" name="test_get_catalog" time="0.108" /><testcase classname="tests.test_table_tap_kds_modules.TestTapModule" name="test_get_stats" time="0.107" /><testcase classname="tests.test_table_tap_kds_modules.TestTapModule" name="test_get_config" time="0.171" /><testcase classname="tests.test_table_tap_kds_modules.TestTapModule" name="test_full_tap_session_flow" time="0.654" /><testcase classname="tests.test_table_tap_kds_modules.TestTapModule" name="test_list_sessions" time="0.099" /><testcase classname="tests.test_table_tap_kds_modules.TestTapModule" name="test_add_to_closed_session_fails" time="0.443" /><testcase classname="tests.test_table_tap_kds_modules.TestKdsModule" name="test_list_kitchen_tickets" time="0.105" /><testcase classname="tests.test_table_tap_kds_modules.TestKdsModule" name="test_list_bar_tickets" time="0.100" /><testcase classname="tests.test_table_tap_kds_modules.TestKdsModule" name="test_kds_requires_auth" time="0.132" /><testcase classname="tests.test_table_tap_kds_modules.TestKdsModule" name="test_full_kds_flow" time="1.366" /><testcase classname="tests.test_table_tap_kds_modules.TestKdsModule" name="test_kds_entitlement_check" time="0.123" /><testcase classname="tests.test_table_tap_kds_modules.TestKdsModule" name="test_send_empty_items_fails" time="0.313"><failure message="assert 422 == 400&#10; +  where 422 = &lt;Response [422]&gt;.status_code">tests/test_table_tap_kds_modules.py:569: in test_send_empty_items_fails
    assert response.status_code == 400
E   assert 422 == 400
E    +  where 422 = &lt;Response [422]&gt;.status_code</failure></testcase><testcase classname="tests.test_table_tap_kds_modules.TestKdsModule" name="test_update_invalid_status_fails" time="0.761" /><testcase classname="tests.test_table_tap_kds_modules.TestPulseRegression" name="test_pulse_entry_today" time="0.109" /><testcase classname="tests.test_table_tap_kds_modules.TestPulseRegression" name="test_pulse_inside" time="0.112" /><testcase classname="tests.test_table_tap_kds_modules.TestPulseRegression" name="test_pulse_venue_config" time="0.106" /></testsuite></testsuites>