<?xml version="1.0" encoding="utf-8"?><testsuites name="pytest tests"><testsuite name="pytest" errors="0" failures="0" skipped="0" tests="27" time="7.941" timestamp="2026-02-27T04:06:40.871512+00:00" hostname="agent-env-a1267d26-a1f3-4253-bfbe-f801b0c523ed"><testcase classname="backend.tests.test_tap_module.TestAuthWithNewPassword" name="test_login_with_new_password_12345" time="0.509" /><testcase classname="backend.tests.test_tap_module.TestAuthWithNewPassword" name="test_login_returns_super_admin_role" time="0.343" /><testcase classname="backend.tests.test_tap_module.TestAuthWithNewPassword" name="test_old_password_fails" time="0.334" /><testcase classname="backend.tests.test_tap_module.TestTapConfig" name="test_get_config_returns_bar_mode_disco" time="0.453" /><testcase classname="backend.tests.test_tap_module.TestTapConfig" name="test_config_requires_auth" time="0.130" /><testcase classname="backend.tests.test_tap_module.TestTapStats" name="test_get_stats_returns_all_kpis" time="0.150" /><testcase classname="backend.tests.test_tap_module.TestTapStats" name="test_stats_requires_auth" time="0.102" /><testcase classname="backend.tests.test_tap_module.TestTapCatalog" name="test_get_catalog_returns_items" time="0.140" /><testcase classname="backend.tests.test_tap_module.TestTapCatalog" name="test_catalog_items_have_uuid_ids" time="0.098" /><testcase classname="backend.tests.test_tap_module.TestTapCatalog" name="test_heineken_exists_in_catalog" time="0.121" /><testcase classname="backend.tests.test_tap_module.TestTapCatalog" name="test_gin_tonic_exists_in_catalog" time="0.124" /><testcase classname="backend.tests.test_tap_module.TestSessionOpen" name="test_open_tab_creates_session" time="0.131" /><testcase classname="backend.tests.test_tap_module.TestSessionOpen" name="test_open_tab_requires_venue_id" time="0.115" /><testcase classname="backend.tests.test_tap_module.TestSessionList" name="test_list_sessions_returns_open_tabs" time="0.102" /><testcase classname="backend.tests.test_tap_module.TestSessionList" name="test_sessions_have_guest_name_from_meta" time="0.143" /><testcase classname="backend.tests.test_tap_module.TestSessionAddItem" name="test_add_catalog_item_to_tab" time="0.239" /><testcase classname="backend.tests.test_tap_module.TestSessionAddItem" name="test_add_multiple_items_updates_total" time="0.422" /><testcase classname="backend.tests.test_tap_module.TestSessionAddItem" name="test_add_item_to_nonexistent_session_fails" time="0.120" /><testcase classname="backend.tests.test_tap_module.TestSessionGet" name="test_get_session_returns_details_with_items" time="0.535" /><testcase classname="backend.tests.test_tap_module.TestSessionGet" name="test_session_items_have_correct_structure" time="0.473" /><testcase classname="backend.tests.test_tap_module.TestSessionGet" name="test_get_nonexistent_session_returns_404" time="0.104" /><testcase classname="backend.tests.test_tap_module.TestSessionClose" name="test_close_tab_with_card_payment" time="0.386" /><testcase classname="backend.tests.test_tap_module.TestSessionClose" name="test_close_tab_with_cash_payment" time="0.324" /><testcase classname="backend.tests.test_tap_module.TestSessionClose" name="test_close_tab_with_comp_payment" time="0.361" /><testcase classname="backend.tests.test_tap_module.TestSessionClose" name="test_cannot_close_already_closed_tab" time="0.638" /><testcase classname="backend.tests.test_tap_module.TestSessionClose" name="test_cannot_add_item_to_closed_tab" time="0.496" /><testcase classname="backend.tests.test_tap_module.TestE2ETabFlow" name="test_full_tab_lifecycle" time="0.749" /></testsuite></testsuites>