<?xml version="1.0" encoding="utf-8"?><testsuites name="pytest tests"><testsuite name="pytest" errors="0" failures="0" skipped="0" tests="10" time="4.104" timestamp="2026-02-27T05:08:32.086696+00:00" hostname="agent-env-baab7602-1c73-42fb-a30a-98865143ba36"><testcase classname="backend.tests.test_venue_home.TestLoginRedirect" name="test_login_returns_venue_home_redirect" time="0.403" /><testcase classname="backend.tests.test_venue_home.TestLoginRedirect" name="test_login_returns_valid_token" time="0.354" /><testcase classname="backend.tests.test_venue_home.TestVenueHomeAPI" name="test_venue_home_requires_auth" time="0.103" /><testcase classname="backend.tests.test_venue_home.TestVenueHomeAPI" name="test_venue_home_returns_venues" time="0.444" /><testcase classname="backend.tests.test_venue_home.TestVenueHomeAPI" name="test_venue_home_returns_active_venue" time="0.458" /><testcase classname="backend.tests.test_venue_home.TestVenueHomeAPI" name="test_venue_home_returns_all_7_modules" time="0.508" /><testcase classname="backend.tests.test_venue_home.TestVenueHomeAPI" name="test_venue_home_modules_structure" time="0.434" /><testcase classname="backend.tests.test_venue_home.TestVenueHomeAPI" name="test_super_admin_has_all_modules_enabled" time="0.431" /><testcase classname="backend.tests.test_venue_home.TestVenueHomeAPI" name="test_venue_home_returns_user_email" time="0.431" /><testcase classname="backend.tests.test_venue_home.TestVenueHomeAPI" name="test_venue_home_returns_user_role" time="0.467" /></testsuite></testsuites>